[seed 3] TRAIN det_t8 recipe (cosine, best-on-val, early-stop p2/min12) -> /Users/tompitts/dphil/CanopyAI2/boxinst_commonality_tcd_04/mps_multiseed/_out/artifacts/det_t8_s3.pt
[t8_s3] device=mps in_dim=4096 params=4.00M grid=256 train/val=792/108 seed=3 tower=3 wd=0.0001 cosine early-stop
  ep  5 hm=1.245 off=0.068 size=0.012 giou=0.379 | val boxAP50=0.413 F1=0.489@0.20 lr=9.6e-04
    ^ saved best ep5 boxAP50=0.413
  ep 10 hm=1.113 off=0.065 size=0.009 giou=0.355 | val boxAP50=0.452 F1=0.525@0.30 lr=8.5e-04
    ^ saved best ep10 boxAP50=0.452
  ep 15 hm=1.034 off=0.063 size=0.008 giou=0.336 | val boxAP50=0.462 F1=0.534@0.35 lr=6.9e-04
    ^ saved best ep15 boxAP50=0.462
  ep 20 hm=0.892 off=0.061 size=0.007 giou=0.316 | val boxAP50=0.464 F1=0.529@0.35 lr=5.0e-04
    ^ saved best ep20 boxAP50=0.464
  ep 25 hm=0.744 off=0.059 size=0.006 giou=0.301 | val boxAP50=0.453 F1=0.530@0.35 lr=3.1e-04
    early-stop: 2 evals without >0.005 improvement (best ep20)
[t8_s3] best ep20 val boxAP50=0.464 -> det_t8_s3.pt
[seed 3] EVAL multiscale on full 439 (EM=/Users/tompitts/dphil/CanopyAI2/boxinst_commonality_tcd_04/vault/em_model.npz)
/Users/tompitts/dphil/CanopyAI2/boxinst_commonality_tcd_04/em.py:82: RuntimeWarning: divide by zero encountered in matmul
  z = (feat.reshape(feat.shape[0], -1).T.astype(np.float32) - self.mu) \
/Users/tompitts/dphil/CanopyAI2/boxinst_commonality_tcd_04/em.py:82: RuntimeWarning: overflow encountered in matmul
  z = (feat.reshape(feat.shape[0], -1).T.astype(np.float32) - self.mu) \
/Users/tompitts/dphil/CanopyAI2/boxinst_commonality_tcd_04/em.py:82: RuntimeWarning: invalid value encountered in matmul
  z = (feat.reshape(feat.shape[0], -1).T.astype(np.float32) - self.mu) \
/Users/tompitts/dphil/CanopyAI2/boxinst_commonality_tcd_04/em.py:87: RuntimeWarning: divide by zero encountered in matmul
  return logsumexp(np.log(self.wbg)[None] + self.kappa * (zn @ self.Gbg.T), 1)
/Users/tompitts/dphil/CanopyAI2/boxinst_commonality_tcd_04/em.py:87: RuntimeWarning: overflow encountered in matmul
  return logsumexp(np.log(self.wbg)[None] + self.kappa * (zn @ self.Gbg.T), 1)
/Users/tompitts/dphil/CanopyAI2/boxinst_commonality_tcd_04/em.py:87: RuntimeWarning: invalid value encountered in matmul
  return logsumexp(np.log(self.wbg)[None] + self.kappa * (zn @ self.Gbg.T), 1)
/Users/tompitts/dphil/CanopyAI2/boxinst_commonality/em.py:205: RuntimeWarning: divide by zero encountered in matmul
  zc = kappa * (z @ C.T)                              # (n,K)
/Users/tompitts/dphil/CanopyAI2/boxinst_commonality/em.py:205: RuntimeWarning: overflow encountered in matmul
  zc = kappa * (z @ C.T)                              # (n,K)
/Users/tompitts/dphil/CanopyAI2/boxinst_commonality/em.py:205: RuntimeWarning: invalid value encountered in matmul
  zc = kappa * (z @ C.T)                              # (n,K)
  20/439 tiles
  40/439 tiles
  60/439 tiles
  80/439 tiles
  100/439 tiles
  120/439 tiles
  140/439 tiles
  160/439 tiles
  180/439 tiles
  200/439 tiles
  220/439 tiles
  240/439 tiles
  260/439 tiles
  280/439 tiles
  300/439 tiles
  320/439 tiles
  340/439 tiles
  360/439 tiles
  380/439 tiles
  400/439 tiles
  420/439 tiles
  439/439 tiles
  [score] mask AP@0.50 ...
/Users/tompitts/dphil/CanopyAI2/boxinst_commonality_tcd_04/evaluate.py:56: RuntimeWarning: divide by zero encountered in matmul
  inter = p @ g.T
/Users/tompitts/dphil/CanopyAI2/boxinst_commonality_tcd_04/evaluate.py:56: RuntimeWarning: overflow encountered in matmul
  inter = p @ g.T
/Users/tompitts/dphil/CanopyAI2/boxinst_commonality_tcd_04/evaluate.py:56: RuntimeWarning: invalid value encountered in matmul
  inter = p @ g.T
  [score] mask AP@0.50 = 0.4720
  [score] mask AP@0.55 = 0.3993
  [score] mask AP@0.60 = 0.3115
  [score] mask AP@0.65 = 0.2050
  [score] mask AP@0.70 = 0.1028
  [score] mask AP@0.75 = 0.0354
  [score] mask AP@0.80 = 0.0055
  [score] mask AP@0.85 = 0.0004
  [score] mask AP@0.90 = 0.0000
  [score] mask AP@0.95 = 0.0000
  [score] box  AP@0.50 = 0.5159
  [score] box  AP@0.55 = 0.4594
  [score] box  AP@0.60 = 0.3948
  [score] box  AP@0.65 = 0.3108
  [score] box  AP@0.70 = 0.2196
  [score] box  AP@0.75 = 0.1277
  [score] box  AP@0.80 = 0.0534
  [score] box  AP@0.85 = 0.0127
  [score] box  AP@0.90 = 0.0009
  [score] box  AP@0.95 = 0.0001
{
  "n_tiles": 439,
  "n_gt_trees": 25705,
  "mask_mAP50": 0.472,
  "mask_mAP50_95": 0.1532,
  "box_mAP50": 0.5159,
  "box_mAP50_95": 0.2095,
  "box_minus_mask_mAP50": 0.0438,
  "semantic_F1": 0.5832,
  "semantic_P": 0.7829,
  "semantic_R": 0.4647,
  "det": "det_t8_s3",
  "em": "em_model.npz"
}

MASK mAP50 = 0.472   BOX mAP50 = 0.516  (same canopy-ignore; gap = box->mask cost = 0.044)
target 0.432   semantic F1 = 0.583   [439 tiles]
[seed 3] EVAL done -> /Users/tompitts/dphil/CanopyAI2/boxinst_commonality_tcd_04/mps_multiseed/eval_s3.json | mask_mAP50=0.472 box_mAP50=0.5159 semF1=0.5832
