[seed 4] TRAIN det_t8 recipe (cosine, best-on-val, early-stop p2/min12) -> /Users/tompitts/dphil/CanopyAI2/boxinst_commonality_tcd_04/mps_multiseed/_out/artifacts/det_t8_s4.pt
[t8_s4] device=mps in_dim=4096 params=4.00M grid=256 train/val=792/108 seed=4 tower=3 wd=0.0001 cosine early-stop
  ep  5 hm=1.193 off=0.068 size=0.010 giou=0.369 | val boxAP50=0.423 F1=0.506@0.30 lr=9.6e-04
    ^ saved best ep5 boxAP50=0.423
  ep 10 hm=1.095 off=0.064 size=0.009 giou=0.348 | val boxAP50=0.390 F1=0.478@0.35 lr=8.5e-04
  ep 15 hm=0.996 off=0.062 size=0.007 giou=0.324 | val boxAP50=0.463 F1=0.536@0.35 lr=6.9e-04
    ^ saved best ep15 boxAP50=0.463
  ep 20 hm=0.876 off=0.060 size=0.006 giou=0.309 | val boxAP50=0.468 F1=0.537@0.40 lr=5.0e-04
    ^ saved best ep20 boxAP50=0.468
  ep 25 hm=0.712 off=0.058 size=0.005 giou=0.296 | val boxAP50=0.444 F1=0.527@0.40 lr=3.1e-04
  ep 30 hm=0.523 off=0.056 size=0.005 giou=0.283 | val boxAP50=0.412 F1=0.514@0.40 lr=1.5e-04
    early-stop: 2 evals without >0.005 improvement (best ep20)
[t8_s4] best ep20 val boxAP50=0.468 -> det_t8_s4.pt
[seed 4] EVAL multiscale on full 439 (EM=/Users/tompitts/dphil/CanopyAI2/boxinst_commonality_tcd_04/vault/em_model.npz)
/Users/tompitts/dphil/CanopyAI2/boxinst_commonality_tcd_04/em.py:82: RuntimeWarning: divide by zero encountered in matmul
  z = (feat.reshape(feat.shape[0], -1).T.astype(np.float32) - self.mu) \
/Users/tompitts/dphil/CanopyAI2/boxinst_commonality_tcd_04/em.py:82: RuntimeWarning: overflow encountered in matmul
  z = (feat.reshape(feat.shape[0], -1).T.astype(np.float32) - self.mu) \
/Users/tompitts/dphil/CanopyAI2/boxinst_commonality_tcd_04/em.py:82: RuntimeWarning: invalid value encountered in matmul
  z = (feat.reshape(feat.shape[0], -1).T.astype(np.float32) - self.mu) \
/Users/tompitts/dphil/CanopyAI2/boxinst_commonality_tcd_04/em.py:87: RuntimeWarning: divide by zero encountered in matmul
  return logsumexp(np.log(self.wbg)[None] + self.kappa * (zn @ self.Gbg.T), 1)
/Users/tompitts/dphil/CanopyAI2/boxinst_commonality_tcd_04/em.py:87: RuntimeWarning: overflow encountered in matmul
  return logsumexp(np.log(self.wbg)[None] + self.kappa * (zn @ self.Gbg.T), 1)
/Users/tompitts/dphil/CanopyAI2/boxinst_commonality_tcd_04/em.py:87: RuntimeWarning: invalid value encountered in matmul
  return logsumexp(np.log(self.wbg)[None] + self.kappa * (zn @ self.Gbg.T), 1)
/Users/tompitts/dphil/CanopyAI2/boxinst_commonality/em.py:205: RuntimeWarning: divide by zero encountered in matmul
  zc = kappa * (z @ C.T)                              # (n,K)
/Users/tompitts/dphil/CanopyAI2/boxinst_commonality/em.py:205: RuntimeWarning: overflow encountered in matmul
  zc = kappa * (z @ C.T)                              # (n,K)
/Users/tompitts/dphil/CanopyAI2/boxinst_commonality/em.py:205: RuntimeWarning: invalid value encountered in matmul
  zc = kappa * (z @ C.T)                              # (n,K)
  20/439 tiles
  40/439 tiles
  60/439 tiles
  80/439 tiles
  100/439 tiles
  120/439 tiles
  140/439 tiles
  160/439 tiles
  180/439 tiles
  200/439 tiles
  220/439 tiles
  240/439 tiles
  260/439 tiles
  280/439 tiles
  300/439 tiles
  320/439 tiles
  340/439 tiles
  360/439 tiles
  380/439 tiles
  400/439 tiles
  420/439 tiles
  439/439 tiles
  [score] mask AP@0.50 ...
/Users/tompitts/dphil/CanopyAI2/boxinst_commonality_tcd_04/evaluate.py:56: RuntimeWarning: divide by zero encountered in matmul
  inter = p @ g.T
/Users/tompitts/dphil/CanopyAI2/boxinst_commonality_tcd_04/evaluate.py:56: RuntimeWarning: overflow encountered in matmul
  inter = p @ g.T
/Users/tompitts/dphil/CanopyAI2/boxinst_commonality_tcd_04/evaluate.py:56: RuntimeWarning: invalid value encountered in matmul
  inter = p @ g.T
  [score] mask AP@0.50 = 0.5022
  [score] mask AP@0.55 = 0.4240
  [score] mask AP@0.60 = 0.3319
  [score] mask AP@0.65 = 0.2190
  [score] mask AP@0.70 = 0.1119
  [score] mask AP@0.75 = 0.0404
  [score] mask AP@0.80 = 0.0085
  [score] mask AP@0.85 = 0.0005
  [score] mask AP@0.90 = 0.0000
  [score] mask AP@0.95 = 0.0000
  [score] box  AP@0.50 = 0.5541
  [score] box  AP@0.55 = 0.4996
  [score] box  AP@0.60 = 0.4313
  [score] box  AP@0.65 = 0.3428
  [score] box  AP@0.70 = 0.2463
  [score] box  AP@0.75 = 0.1423
  [score] box  AP@0.80 = 0.0622
  [score] box  AP@0.85 = 0.0160
  [score] box  AP@0.90 = 0.0017
  [score] box  AP@0.95 = 0.0002
{
  "n_tiles": 439,
  "n_gt_trees": 25705,
  "mask_mAP50": 0.5022,
  "mask_mAP50_95": 0.1639,
  "box_mAP50": 0.5541,
  "box_mAP50_95": 0.2296,
  "box_minus_mask_mAP50": 0.0518,
  "semantic_F1": 0.6494,
  "semantic_P": 0.7619,
  "semantic_R": 0.5659,
  "det": "det_t8_s4",
  "em": "em_model.npz"
}

MASK mAP50 = 0.502   BOX mAP50 = 0.554  (same canopy-ignore; gap = box->mask cost = 0.052)
target 0.432   semantic F1 = 0.649   [439 tiles]
[seed 4] EVAL done -> /Users/tompitts/dphil/CanopyAI2/boxinst_commonality_tcd_04/mps_multiseed/eval_s4.json | mask_mAP50=0.5022 box_mAP50=0.5541 semF1=0.6494
