✓ Initialized. View run at 
https://modal.com/apps/tomdpitts/main/ap-kA5u6xa21IEgn2RkPQcUuC
✓ Created objects.
├── 🔨 Created mount 
│   /Users/tompitts/dphil/CanopyAI2/boxinst_commonality_tcd_04/modal_tcd_multise
│   ed/phase4/phase4_modal.py
├── 🔨 Created mount 
│   /Users/tompitts/dphil/CanopyAI2/boxinst_commonality_tcd_04/modal_tcd_multise
│   ed/phase4/stubs/boxinst_tcd/prepare.py
├── 🔨 Created mount 
│   /Users/tompitts/dphil/CanopyAI2/boxinst_commonality_tcd_04/modal_tcd_multise
│   ed/phase4/stubs/boxinst_tcd/cache.py
├── 🔨 Created mount 
│   /Users/tompitts/dphil/CanopyAI2/boxinst_commonality_tcd_04/modal_tcd_multise
│   ed/phase4/stubs/boxinst_tcd/build_canopy.py
├── 🔨 Created mount 
│   /Users/tompitts/dphil/CanopyAI2/boxinst_commonality_tcd_04/modal_tcd_multise
│   ed/phase4/stubs/boxinst_tcd/__init__.py
├── 🔨 Created mount 
│   /Users/tompitts/dphil/CanopyAI2/boxinst_commonality_tcd_04/modal_tcd_multise
│   ed/phase4/stubs/boxinst_commonality/em.py
├── 🔨 Created mount 
│   /Users/tompitts/dphil/CanopyAI2/boxinst_commonality_tcd_04/modal_tcd_multise
│   ed/phase4/stubs/boxinst_commonality/__init__.py
├── 🔨 Created mount 
│   /Users/tompitts/dphil/CanopyAI2/boxinst_commonality_tcd_04/modal_tcd_multise
│   ed/phase4/stubs/boxinst/cache_feats.py
├── 🔨 Created mount 
│   /Users/tompitts/dphil/CanopyAI2/boxinst_commonality_tcd_04/modal_tcd_multise
│   ed/phase4/ref_feat_tcd.npz
├── 🔨 Created mount 
│   /Users/tompitts/dphil/CanopyAI2/boxinst_commonality_tcd_04/modal_tcd_multise
│   ed/phase4/stubs/boxinst/__init__.py
├── 🔨 Created mount 
│   /Users/tompitts/dphil/CanopyAI2/boxinst_commonality_tcd_04/modal_tcd_multise
│   ed/phase4/manifest.json
├── 🔨 Created mount 
│   /Users/tompitts/dphil/CanopyAI2/boxinst_commonality_tcd_04/modal_tcd_multise
│   ed/phase4/phase4_lib_tcd.py
├── 🔨 Created mount 
│   /Users/tompitts/dphil/CanopyAI2/boxinst_commonality_tcd_04/modal_tcd_multise
│   ed/phase4/phase4_fit_tcd.py
├── 🔨 Created mount 
│   /Users/tompitts/dphil/CanopyAI2/boxinst_commonality_tcd_04/modal_tcd_multise
│   ed/phase4/phase4_features_tcd.py
├── 🔨 Created mount 
│   /Users/tompitts/dphil/CanopyAI2/boxinst_commonality_tcd_04/modal_tcd_multise
│   ed/phase4/__init__.py
├── 🔨 Created mount 
│   /Users/tompitts/dphil/CanopyAI2/boxinst_commonality_tcd_04/modal_tcd_multise
│   ed/__init__.py
├── 🔨 Created mount 
│   /Users/tompitts/dphil/CanopyAI2/boxinst_commonality_tcd_04/train_tiles_gt.js
│   on
├── 🔨 Created mount 
│   /Users/tompitts/dphil/CanopyAI2/boxinst_commonality_tcd_04/vault/em_model.np
│   z
├── 🔨 Created mount 
│   /Users/tompitts/dphil/CanopyAI2/boxinst_commonality_tcd_04/test_gt.json
├── 🔨 Created mount 
│   /Users/tompitts/dphil/CanopyAI2/boxinst_commonality_tcd_04/cache_train_tiles
│   .py
├── 🔨 Created mount 
│   /Users/tompitts/dphil/CanopyAI2/boxinst_commonality_tcd_04/cache_test.py
├── 🔨 Created mount 
│   /Users/tompitts/dphil/CanopyAI2/boxinst_commonality_tcd_04/prepare_test.py
├── 🔨 Created mount 
│   /Users/tompitts/dphil/CanopyAI2/boxinst_commonality_tcd_04/em.py
├── 🔨 Created mount 
│   /Users/tompitts/dphil/CanopyAI2/boxinst_commonality_tcd_04/evaluate.py
├── 🔨 Created mount 
│   /Users/tompitts/dphil/CanopyAI2/boxinst_commonality_tcd_04/train_detector_ti
│   les.py
├── 🔨 Created mount 
│   /Users/tompitts/dphil/CanopyAI2/boxinst_commonality_tcd_04/detector.py
├── 🔨 Created mount 
│   /Users/tompitts/dphil/CanopyAI2/boxinst_commonality_tcd_04/__init__.py
├── 🔨 Created mount /Users/tompitts/dphil/CanopyAI2/dapt/head.py
├── 🔨 Created mount /Users/tompitts/dphil/CanopyAI2/dapt/eval.py
├── 🔨 Created mount /Users/tompitts/dphil/CanopyAI2/dapt/decode.py
├── 🔨 Created mount /Users/tompitts/dphil/CanopyAI2/dapt/targets.py
├── 🔨 Created mount /Users/tompitts/dphil/CanopyAI2/dapt/backbone.py
├── 🔨 Created mount /Users/tompitts/dphil/CanopyAI2/dapt/__init__.py
├── 🔨 Created function verify.
├── 🔨 Created function extract_4p.
├── 🔨 Created function train_eval_4p.
├── 🔨 Created function fit_masker_4p.
├── 🔨 Created function eval_selfmask.
└── 🔨 Created function band_4p.
[fit_masker_4p] 120 4-phase L24 tiles (g=256,s=8) pca=128 k=16 k_bg=12 beta=0.0 no_contrast=True -> /vol/out/em_model_4p_b0.npz
  loaded 20/120
  loaded 40/120
  loaded 60/120
  loaded 80/120
  loaded 100/120
  loaded 120/120
TCD train crops=120 grid=256 stride=8px
PCA 128, whitened
bg mixture K_bg=12 on 6329377 clear + 188930 ring
EM over 9143 boxes / 445724 cells; size terciles [25.1 50.8]px
  it 5: mean P(fg)=0.929
  it10: mean P(fg)=0.933
  it15: mean P(fg)=0.933
  it20: mean P(fg)=0.933
  it25: mean P(fg)=0.933
  it30: mean P(fg)=0.934
saved /vol/out/em_model_4p_b0.npz  (K=16)
[fit_masker_4p] beta=0.0 done in 6.0min -> /vol/out/em_model_4p_b0.npz
Stopping app - local entrypoint completed.
✓ App completed. View run at 
https://modal.com/apps/tomdpitts/main/ap-kA5u6xa21IEgn2RkPQcUuC
