=== FT full run Wed Jul  1 10:56:51 AEST 2026 ===
[ft] event=init trainable_bb_M=50.39 decoder_M=10.03 dev=mps
[ft] event=data train=3969 val=200 test=439
[ft] step=100 loss=0.6564 lr_bb=1.5e-05 min=3.8
[ft] step=200 loss=0.4404 lr_bb=3e-05 min=7.3
[ft] step=300 loss=0.2392 lr_bb=2.99e-05 min=10.9
[ft] step=400 loss=0.1913 lr_bb=2.98e-05 min=14.4
[ft] step=500 loss=0.1763 lr_bb=2.95e-05 min=18.0
[ft] step=500 val_f1=0.9208 best=0.9208 improved=True min=20.3
[ft] step=600 loss=0.1539 lr_bb=2.92e-05 min=23.7
[ft] step=700 loss=0.1641 lr_bb=2.87e-05 min=26.9
[ft] step=800 loss=0.166 lr_bb=2.82e-05 min=30.0
[ft] step=900 loss=0.123 lr_bb=2.76e-05 min=33.0
[ft] step=1000 loss=0.1494 lr_bb=2.68e-05 min=36.1
[ft] step=1000 val_f1=0.9188 best=0.9208 improved=False min=37.6
[ft] step=1100 loss=0.1332 lr_bb=2.6e-05 min=40.8
[ft] step=1200 loss=0.1299 lr_bb=2.52e-05 min=43.8
[ft] step=1300 loss=0.128 lr_bb=2.42e-05 min=46.8
[ft] step=1400 loss=0.1338 lr_bb=2.32e-05 min=49.9
[ft] step=1500 loss=0.1337 lr_bb=2.21e-05 min=53.1
[ft] step=1500 val_f1=0.9235 best=0.9235 improved=True min=54.6
[ft] step=1600 loss=0.1268 lr_bb=2.1e-05 min=57.8
[ft] step=1700 loss=0.1388 lr_bb=1.99e-05 min=60.9
[ft] step=1800 loss=0.1351 lr_bb=1.87e-05 min=64.1
[ft] step=1900 loss=0.1219 lr_bb=1.75e-05 min=67.2
[ft] step=2000 loss=0.1136 lr_bb=1.62e-05 min=70.7
[ft] step=2000 val_f1=0.9256 best=0.9256 improved=True min=73.7
[ft] step=2100 loss=0.1311 lr_bb=1.5e-05 min=78.1
[ft] step=2200 loss=0.1247 lr_bb=1.38e-05 min=82.3
[ft] step=2300 loss=0.1334 lr_bb=1.25e-05 min=86.4
[ft] step=2400 loss=0.1131 lr_bb=1.13e-05 min=90.5
[ft] step=2500 loss=0.1476 lr_bb=1.01e-05 min=94.4
[ft] step=2500 val_f1=0.9293 best=0.9293 improved=True min=97.3
[ft] step=2600 loss=0.1315 lr_bb=9e-06 min=101.3
[ft] step=2700 loss=0.122 lr_bb=7.9e-06 min=105.4
[ft] step=2800 loss=0.1334 lr_bb=6.8e-06 min=109.6
[ft] step=2900 loss=0.1112 lr_bb=5.8e-06 min=113.3
[ft] step=3000 loss=0.1038 lr_bb=4.8e-06 min=117.4
[ft] step=3000 val_f1=0.9316 best=0.9316 improved=True min=120.2
[ft] step=3100 loss=0.1361 lr_bb=4e-06 min=124.2
[ft] step=3200 loss=0.1244 lr_bb=3.2e-06 min=128.2
[ft] step=3300 loss=0.1385 lr_bb=2.4e-06 min=131.8
[ft] step=3400 loss=0.114 lr_bb=1.8e-06 min=134.9
