✓ Initialized. View run at 
https://modal.com/apps/tomdpitts/main/ap-aoXor5GvxKCoNgg2FcwXd4
✓ Created objects.
├── 🔨 Created mount /Users/tompitts/dphil/CanopyAI2/dapt/ssl/modal/app.py
├── 🔨 Created mount /Users/tompitts/dphil/CanopyAI2/dapt/ssl
├── 🔨 Created function train.
└── 🔨 Created function extract.
[preflight] effective peak LR = 7.07e-05 (continuation target ~1-2e-5; pass --lr-peak 2.5e-5 for eff 1.77e-5); gpu=NVIDIA A100-SXM4-40GB
  copied arid_pool.py
  patched __init__.py (arid_pool import AridPool)
  patched loaders.py (name == "AridPool")
  patched augmentations.py (RandomRot90 x2)
  patched checkpointer.py (DAPT: backbone-only teacher ckpt)
repo patches applied.
PREFLIGHT missing params: [] | unexpected: []
PREFLIGHT OK (0 missing params)
I20260709 03:40:45 39 dinov3 torch_distributed_wrapper.py:255] PyTorch distributed environment: TorchElastic job (none) using 127.0.0.1:29500 (rank=0, world size=1)
W20260709 03:40:45 39 py.warnings warnings.py:110] /usr/local/lib/python3.11/site-packages/torch/distributed/distributed_c10d.py:4631: UserWarning: No device id is provided via `init_process_group` or `barrier `. Using the current device set by the user. 
  warnings.warn(  # warn only once

[rank0]:[W709 03:40:46.665252684 ProcessGroupNCCL.cpp:4718] [PG ID 0 PG GUID 0 Rank 0]  using GPU 0 as device used by this process is currently unknown. This can potentially cause a hang if this rank to GPU mapping is incorrect. You can pecify device_id in init_process_group() to force use of a particular device.
I20260709 03:40:46 39 dinov3 config.py:209] git:
  sha: 346f38fee679c56a6888f91c51670fae61d364e0, status: has uncommited changes, branch: main

I20260709 03:40:46 39 dinov3 config.py:213] conda env name: None
I20260709 03:40:46 39 dinov3 config.py:214] conda env path: None
I20260709 03:40:46 39 dinov3 config.py:215] python path: ['/opt/dinov3/dinov3/train', '/pkg', '/root', '/usr/local/lib/python311.zip', '/usr/local/lib/python3.11', '/usr/local/lib/python3.11/lib-dynload', '/usr/local/lib/python3.11/site-packages', '/__modal/deps', '/tmp/tmp8hubbjbw']
I20260709 03:40:46 39 dinov3 config.py:100] benchmark_codebase: False
config_file: /opt/dapt_ssl/dinov3_dapt_vitl.yaml
dump_fsdp_weights: False
eval: 
eval_only: False
eval_pretrained_weights: 
multi_distillation: False
no_resume: False
opts: ['optim.epochs=2', 'train.batch_size_per_gpu=32', 'train.seed=124', 'optim.lr=0.0001', 'train.dataset_path=AridPool:root=/vol/pool/tiles', 'student.resume_from_teacher_chkpt=/vol/dinov3_web_vitl_teacher.pth']
output_dir: /vol/out_s124_p1k
profiling: False
record_ref_losses: False
ref_losses_path: 
seed: 124
test_ibot: False
I20260709 03:40:46 39 dinov3 config.py:58] MODEL:
  META_ARCHITECTURE: SSLMetaArch
  DEVICE: cuda
  WEIGHTS: ''
  DTYPE: float32
compute_precision:
  param_dtype: bf16
  reduce_dtype: fp32
  sharding_strategy: SHARD_GRAD_OP
dino:
  loss_weight: 1.0
  global_ignore_diagonal: true
  head_n_prototypes: 65536
  head_bottleneck_dim: 256
  head_norm_last_layer: false
  head_nlayers: 3
  head_hidden_dim: 2048
  koleo_loss_weight: 0.1
  koleo_loss_distributed: false
  koleo_topk: 1
  koleo_distributed_replicas: 0
  koleo_distributed_loss_group_size: null
  koleo_distributed_loss_group_data: true
  force_weight_norm: false
  reweight_dino_local_loss: false
  local_loss_weight_schedule:
    start: 0.5
    peak: 0.5
    end: 0.5
    warmup_epochs: 0
ibot:
  loss_weight: 1.0
  mask_sample_probability: 0.5
  mask_ratio_min_max:
  - 0.1
  - 0.5
  mask_random_circular_shift: false
  force_masking_even_with_zero_weight: false
  separate_head: true
  head_n_prototypes: 65536
  head_bottleneck_dim: 256
  head_norm_last_layer: false
  head_nlayers: 3
  head_hidden_dim: 2048
gram:
  use_loss: false
  compute_stats: false
  loss_weight: 1.0
  ema_teacher: false
  ckpt: null
  it_load_ema_teacher: -1
  rep_update: true
  update_frequency: 50000
  it_first_update: 0
  max_updates: null
  normalized: true
  img_level: false
  remove_neg: false
  remove_only_teacher_neg: false
  tokens_used: all
  global_teacher_resize_method: bicubic
  global_teacher_resize_antialias: false
  loss_weight_schedule: null
train:
  batch_size_per_gpu: 32
  dataset_path: AridPool:root=/vol/pool/tiles
  data_config: null
  output_dir: /__modal/volumes/vo-MXJoSzC53Qp7AA7dIRtfMN/out_s124_p1k
  saveckp_freq: 20
  seed: 124
  num_workers: 8
  OFFICIAL_EPOCH_LENGTH: 500
  monitor_gradient_norm: false
  chunk_schedule: []
  use_teacher_head: true
  learn_from_teacher_tokens: false
  centering: sinkhorn_knopp
  checkpointing: false
  checkpointing_full: false
  compile: true
  cudagraphs: false
  sharded_eval_checkpoint: false
  cache_dataset: false
student:
  arch: vit_large
  patch_size: 16
  drop_path_rate: 0.1
  layerscale: 1.0e-05
  pretrained_weights: ''
  ffn_layer: mlp
  ffn_ratio: 4.0
  resume_from_teacher_chkpt: /vol/dinov3_web_vitl_teacher.pth
  qkv_bias: true
  proj_bias: true
  ffn_bias: true
  norm_layer: layernormbf16
  n_storage_tokens: 4
  mask_k_bias: true
  untie_cls_and_patch_norms: false
  untie_global_and_local_cls_norm: false
  in_chans: 3
  pos_embed_type: ropenew
  pos_embed_rope_base: 100
  pos_embed_rope_min_period: null
  pos_embed_rope_max_period: null
  pos_embed_rope_normalize_coords: separate
  pos_embed_rope_shift_coords: null
  pos_embed_rope_jitter_coords: null
  pos_embed_rope_rescale_coords: 2
  pos_embed_rope_dtype: bf16
  fp8_enabled: false
  fp8_filter: blocks
teacher:
  momentum_teacher: 0.994
  final_momentum_teacher: 1.0
  warmup_teacher_temp: 0.04
  teacher_temp: 0.07
  warmup_teacher_temp_epochs: 2
  in_chans: 3
distillation:
  enabled: false
  full_cfg_path: ''
  checkpoint_path: ''
multidistillation:
  enabled: false
hrft:
  enabled: false
  checkpoint_path: ''
optim:
  epochs: 2
  optimizer: adamw
  weight_decay: 0.04
  weight_decay_end: 0.04
  lr: 0.0001
  warmup_epochs: 1
  min_lr: 1.0e-06
  schedule_trunc_extra: 0.0
  clip_grad: 3.0
  freeze_last_layer_epochs: 1
  scaling_rule: sqrt_wrt_1024
  patch_embed_lr_mult: 0.2
  dino_head_wd_multiplier: 1.0
  layerwise_decay: 0.9
  multi_tensor_optim: true
  dump_fsdp_weights_path: ''
  adamw_beta1: 0.9
  adamw_beta2: 0.999
crops:
  global_crops_scale:
  - 0.32
  - 1.0
  local_crops_number: 8
  local_crops_scale:
  - 0.05
  - 0.32
  global_crops_size: 256
  local_crops_size: 112
  global_local_crop_pairs_ratios: 1.0
  gram_teacher_crops_size: null
  localcrops_subset_of_globalcrops: false
  share_color_jitter: false
  horizontal_flips: true
  gram_teacher_no_distortions: false
  rgb_mean:
  - 0.485
  - 0.456
  - 0.406
  rgb_std:
  - 0.229
  - 0.224
  - 0.225
  teacher_to_student_resolution_scale: 1.0
evaluation:
  eval_period_iterations: 999999999
  low_freq_every: 5
  config_files:
    high_freq: benchmark_high_frequency.yaml
    low_freq: benchmark_low_frequency.yaml
checkpointing:
  period: 500
  max_to_keep: 20
  keep_every: 99999999999999999

I20260709 03:40:46 39 dinov3 config.py:53] sqrt scaling learning rate; old: 0.0001, new: 7.071067811865475e-05
I20260709 03:40:46 39 dinov3 train.py:598] {'MODEL': {'META_ARCHITECTURE': 'SSLMetaArch', 'DEVICE': 'cuda', 'WEIGHTS': '', 'DTYPE': 'float32'}, 'compute_precision': {'param_dtype': 'bf16', 'reduce_dtype': 'fp32', 'sharding_strategy': 'SHARD_GRAD_OP'}, 'dino': {'loss_weight': 1.0, 'global_ignore_diagonal': True, 'head_n_prototypes': 65536, 'head_bottleneck_dim': 256, 'head_norm_last_layer': False, 'head_nlayers': 3, 'head_hidden_dim': 2048, 'koleo_loss_weight': 0.1, 'koleo_loss_distributed': False, 'koleo_topk': 1, 'koleo_distributed_replicas': 0, 'koleo_distributed_loss_group_size': None, 'koleo_distributed_loss_group_data': True, 'force_weight_norm': False, 'reweight_dino_local_loss': False, 'local_loss_weight_schedule': {'start': 0.5, 'peak': 0.5, 'end': 0.5, 'warmup_epochs': 0}}, 'ibot': {'loss_weight': 1.0, 'mask_sample_probability': 0.5, 'mask_ratio_min_max': [0.1, 0.5], 'mask_random_circular_shift': False, 'force_masking_even_with_zero_weight': False, 'separate_head': True, 'head_n_prototypes': 65536, 'head_bottleneck_dim': 256, 'head_norm_last_layer': False, 'head_nlayers': 3, 'head_hidden_dim': 2048}, 'gram': {'use_loss': False, 'compute_stats': False, 'loss_weight': 1.0, 'ema_teacher': False, 'ckpt': None, 'it_load_ema_teacher': -1, 'rep_update': True, 'update_frequency': 50000, 'it_first_update': 0, 'max_updates': None, 'normalized': True, 'img_level': False, 'remove_neg': False, 'remove_only_teacher_neg': False, 'tokens_used': 'all', 'global_teacher_resize_method': 'bicubic', 'global_teacher_resize_antialias': False, 'loss_weight_schedule': None}, 'train': {'batch_size_per_gpu': 32, 'dataset_path': 'AridPool:root=/vol/pool/tiles', 'data_config': None, 'output_dir': '/__modal/volumes/vo-MXJoSzC53Qp7AA7dIRtfMN/out_s124_p1k', 'saveckp_freq': 20, 'seed': 124, 'num_workers': 8, 'OFFICIAL_EPOCH_LENGTH': 500, 'monitor_gradient_norm': False, 'chunk_schedule': [], 'use_teacher_head': True, 'learn_from_teacher_tokens': False, 'centering': 'sinkhorn_knopp', 'checkpointing': False, 'checkpointing_full': False, 'compile': True, 'cudagraphs': False, 'sharded_eval_checkpoint': False, 'cache_dataset': False}, 'student': {'arch': 'vit_large', 'patch_size': 16, 'drop_path_rate': 0.1, 'layerscale': 1e-05, 'pretrained_weights': '', 'ffn_layer': 'mlp', 'ffn_ratio': 4.0, 'resume_from_teacher_chkpt': '/vol/dinov3_web_vitl_teacher.pth', 'qkv_bias': True, 'proj_bias': True, 'ffn_bias': True, 'norm_layer': 'layernormbf16', 'n_storage_tokens': 4, 'mask_k_bias': True, 'untie_cls_and_patch_norms': False, 'untie_global_and_local_cls_norm': False, 'in_chans': 3, 'pos_embed_type': 'ropenew', 'pos_embed_rope_base': 100, 'pos_embed_rope_min_period': None, 'pos_embed_rope_max_period': None, 'pos_embed_rope_normalize_coords': 'separate', 'pos_embed_rope_shift_coords': None, 'pos_embed_rope_jitter_coords': None, 'pos_embed_rope_rescale_coords': 2, 'pos_embed_rope_dtype': 'bf16', 'fp8_enabled': False, 'fp8_filter': 'blocks'}, 'teacher': {'momentum_teacher': 0.994, 'final_momentum_teacher': 1.0, 'warmup_teacher_temp': 0.04, 'teacher_temp': 0.07, 'warmup_teacher_temp_epochs': 2, 'in_chans': 3}, 'distillation': {'enabled': False, 'full_cfg_path': '', 'checkpoint_path': ''}, 'multidistillation': {'enabled': False}, 'hrft': {'enabled': False, 'checkpoint_path': ''}, 'optim': {'epochs': 2, 'optimizer': 'adamw', 'weight_decay': 0.04, 'weight_decay_end': 0.04, 'lr': 7.071067811865475e-05, 'warmup_epochs': 1, 'min_lr': 1e-06, 'schedule_trunc_extra': 0.0, 'clip_grad': 3.0, 'freeze_last_layer_epochs': 1, 'scaling_rule': 'sqrt_wrt_1024', 'patch_embed_lr_mult': 0.2, 'dino_head_wd_multiplier': 1.0, 'layerwise_decay': 0.9, 'multi_tensor_optim': True, 'dump_fsdp_weights_path': '', 'adamw_beta1': 0.9, 'adamw_beta2': 0.999}, 'crops': {'global_crops_scale': [0.32, 1.0], 'local_crops_number': 8, 'local_crops_scale': [0.05, 0.32], 'global_crops_size': 256, 'local_crops_size': 112, 'global_local_crop_pairs_ratios': 1.0, 'gram_teacher_crops_size': None, 'localcrops_subset_of_globalcrops': False, 'share_color_jitter': False, 'horizontal_flips': True, 'gram_teacher_no_distortions': False, 'rgb_mean': [0.485, 0.456, 0.406], 'rgb_std': [0.229, 0.224, 0.225], 'teacher_to_student_resolution_scale': 1.0}, 'evaluation': {'eval_period_iterations': 999999999, 'low_freq_every': 5, 'config_files': {'high_freq': 'benchmark_high_frequency.yaml', 'low_freq': 'benchmark_low_frequency.yaml'}}, 'checkpointing': {'period': 500, 'max_to_keep': 20, 'keep_every': 99999999999999999}}
D20260709 03:40:46 39 nan_logger __init__.py:132] PyTorch distributed environment: TorchElastic job (none) using 127.0.0.1:29500 (rank=0, world size=1)
I20260709 03:40:46 39 dinov3 train.py:609] Making meta arch SSLMetaArch
I20260709 03:40:46 39 dinov3 vision_transformer.py:116] using base=100 for rope new
I20260709 03:40:46 39 dinov3 vision_transformer.py:117] using min_period=None for rope new
I20260709 03:40:46 39 dinov3 vision_transformer.py:118] using max_period=None for rope new
I20260709 03:40:46 39 dinov3 vision_transformer.py:119] using normalize_coords=separate for rope new
I20260709 03:40:46 39 dinov3 vision_transformer.py:120] using shift_coords=None for rope new
I20260709 03:40:46 39 dinov3 vision_transformer.py:121] using rescale_coords=2 for rope new
I20260709 03:40:46 39 dinov3 vision_transformer.py:122] using jitter_coords=None for rope new
I20260709 03:40:46 39 dinov3 vision_transformer.py:123] using dtype=bf16 for rope new
I20260709 03:40:46 39 dinov3 vision_transformer.py:137] using mlp layer as FFN
I20260709 03:40:46 39 dinov3 __init__.py:24] fp8 matmuls: OFF (disabled in config)
I20260709 03:40:46 39 dinov3 vision_transformer.py:116] using base=100 for rope new
I20260709 03:40:46 39 dinov3 vision_transformer.py:117] using min_period=None for rope new
I20260709 03:40:46 39 dinov3 vision_transformer.py:118] using max_period=None for rope new
I20260709 03:40:46 39 dinov3 vision_transformer.py:119] using normalize_coords=separate for rope new
I20260709 03:40:46 39 dinov3 vision_transformer.py:120] using shift_coords=None for rope new
I20260709 03:40:46 39 dinov3 vision_transformer.py:121] using rescale_coords=2 for rope new
I20260709 03:40:46 39 dinov3 vision_transformer.py:122] using jitter_coords=None for rope new
I20260709 03:40:46 39 dinov3 vision_transformer.py:123] using dtype=bf16 for rope new
I20260709 03:40:46 39 dinov3 vision_transformer.py:137] using mlp layer as FFN
I20260709 03:40:46 39 dinov3 __init__.py:24] fp8 matmuls: OFF (disabled in config)
I20260709 03:40:47 39 dinov3 vision_transformer.py:116] using base=100 for rope new
I20260709 03:40:47 39 dinov3 vision_transformer.py:117] using min_period=None for rope new
I20260709 03:40:47 39 dinov3 vision_transformer.py:118] using max_period=None for rope new
I20260709 03:40:47 39 dinov3 vision_transformer.py:119] using normalize_coords=separate for rope new
I20260709 03:40:47 39 dinov3 vision_transformer.py:120] using shift_coords=None for rope new
I20260709 03:40:47 39 dinov3 vision_transformer.py:121] using rescale_coords=2 for rope new
I20260709 03:40:47 39 dinov3 vision_transformer.py:122] using jitter_coords=None for rope new
I20260709 03:40:47 39 dinov3 vision_transformer.py:123] using dtype=bf16 for rope new
I20260709 03:40:47 39 dinov3 vision_transformer.py:137] using mlp layer as FFN
I20260709 03:40:47 39 dinov3 __init__.py:24] fp8 matmuls: OFF (disabled in config)
I20260709 03:40:47 39 dinov3 ssl_meta_arch.py:56] Number of parameters: 303154176
I20260709 03:40:47 39 dinov3 ssl_meta_arch.py:60] OPTIONS -- architecture : embed_dim: 1024
I20260709 03:40:47 39 dinov3 ssl_meta_arch.py:65] OPTIONS -- DINO
I20260709 03:40:47 39 dinov3 ssl_meta_arch.py:66] OPTIONS -- DINO -- loss_weight: 1.0
I20260709 03:40:47 39 dinov3 ssl_meta_arch.py:67] OPTIONS -- DINO -- global_ignore_diagonal: True
I20260709 03:40:47 39 dinov3 ssl_meta_arch.py:68] OPTIONS -- DINO -- head_n_prototypes: 65536
I20260709 03:40:47 39 dinov3 ssl_meta_arch.py:69] OPTIONS -- DINO -- head_bottleneck_dim: 256
I20260709 03:40:47 39 dinov3 ssl_meta_arch.py:70] OPTIONS -- DINO -- head_hidden_dim: 2048
I20260709 03:40:47 39 dinov3 ssl_meta_arch.py:71] OPTIONS -- DINO -- head_norm_last_layer: False
I20260709 03:40:47 39 dinov3 ssl_meta_arch.py:84] OPTIONS -- KOLEO
I20260709 03:40:47 39 dinov3 ssl_meta_arch.py:85] OPTIONS -- KOLEO -- loss_weight: 0.1
I20260709 03:40:47 39 dinov3 ssl_meta_arch.py:86] OPTIONS -- KOLEO -- distributed: False
I20260709 03:40:47 39 dinov3 ssl_meta_arch.py:103] OPTIONS -- IBOT
I20260709 03:40:47 39 dinov3 ssl_meta_arch.py:104] OPTIONS -- IBOT -- loss_weight: 1.0
I20260709 03:40:47 39 dinov3 ssl_meta_arch.py:105] OPTIONS -- IBOT masking -- ibot_mask_ratio_tuple: [0.1, 0.5]
I20260709 03:40:47 39 dinov3 ssl_meta_arch.py:106] OPTIONS -- IBOT masking -- ibot_mask_sample_probability: 0.5
I20260709 03:40:47 39 dinov3 ssl_meta_arch.py:112] OPTIONS -- IBOT -- head_n_prototypes: 65536
I20260709 03:40:47 39 dinov3 ssl_meta_arch.py:113] OPTIONS -- IBOT -- head_bottleneck_dim: 256
I20260709 03:40:47 39 dinov3 ssl_meta_arch.py:114] OPTIONS -- IBOT -- head_hidden_dim: 2048
I20260709 03:40:47 39 dinov3 ssl_meta_arch.py:115] OPTIONS -- IBOT -- head_norm_last_layer: False
I20260709 03:40:49 39 dinov3 ssl_meta_arch.py:132] Student and Teacher are built: they are both vit_large network.
I20260709 03:40:49 39 dinov3 ac_compile_parallelize.py:142] DISTRIBUTED FSDP -- preparing model for distributed training
I20260709 03:40:50 39 dinov3 train.py:623] Model after distributed:
SSLMetaArch(
  (dino_loss): DINOLoss()
  (koleo_loss): KoLeoLoss(
    (pdist): PairwiseDistance()
  )
  (ibot_patch_loss): iBOTPatchLoss(
    (sinkhorn_knopp_teacher): SinkhornKnoppTeacher()
  )
  (student): ModuleDict(
    (backbone): FSDPDinoVisionTransformer(
      (patch_embed): PatchEmbed(
        (proj): Conv2d(3, 1024, kernel_size=(16, 16), stride=(16, 16))
        (norm): Identity()
      )
      (rope_embed): RopePositionEmbedding()
      (blocks): ModuleList(
        (0-23): 24 x FSDPSelfAttentionBlock(
          (norm1): LayerNorm((1024,), eps=1e-05, elementwise_affine=True)
          (attn): SelfAttention(
            (qkv): LinearKMaskedBias(in_features=1024, out_features=3072, bias=True)
            (attn_drop): Dropout(p=0.0, inplace=False)
            (proj): Linear(in_features=1024, out_features=1024, bias=True)
            (proj_drop): Dropout(p=0.0, inplace=False)
          )
          (ls1): LayerScale()
          (norm2): LayerNorm((1024,), eps=1e-05, elementwise_affine=True)
          (mlp): Mlp(
            (fc1): Linear(in_features=1024, out_features=4096, bias=True)
            (act): GELU(approximate='none')
            (fc2): Linear(in_features=4096, out_features=1024, bias=True)
            (drop): Dropout(p=0.0, inplace=False)
          )
          (ls2): LayerScale()
        )
      )
      (norm): LayerNorm((1024,), eps=1e-05, elementwise_affine=True)
      (head): Identity()
    )
    (dino_head): FSDPDINOHead(
      (mlp): Sequential(
        (0): Linear(in_features=1024, out_features=2048, bias=True)
        (1): GELU(approximate='none')
        (2): Linear(in_features=2048, out_features=2048, bias=True)
        (3): GELU(approximate='none')
        (4): Linear(in_features=2048, out_features=256, bias=True)
      )
      (last_layer): Linear(in_features=256, out_features=65536, bias=False)
    )
    (ibot_head): FSDPDINOHead(
      (mlp): Sequential(
        (0): Linear(in_features=1024, out_features=2048, bias=True)
        (1): GELU(approximate='none')
        (2): Linear(in_features=2048, out_features=2048, bias=True)
        (3): GELU(approximate='none')
        (4): Linear(in_features=2048, out_features=256, bias=True)
      )
      (last_layer): Linear(in_features=256, out_features=65536, bias=False)
    )
  )
  (teacher): ModuleDict(
    (backbone): FSDPDinoVisionTransformer(
      (patch_embed): PatchEmbed(
        (proj): Conv2d(3, 1024, kernel_size=(16, 16), stride=(16, 16))
        (norm): Identity()
      )
      (rope_embed): RopePositionEmbedding()
      (blocks): ModuleList(
        (0-23): 24 x FSDPSelfAttentionBlock(
          (norm1): LayerNorm((1024,), eps=1e-05, elementwise_affine=True)
          (attn): SelfAttention(
            (qkv): LinearKMaskedBias(in_features=1024, out_features=3072, bias=True)
            (attn_drop): Dropout(p=0.0, inplace=False)
            (proj): Linear(in_features=1024, out_features=1024, bias=True)
            (proj_drop): Dropout(p=0.0, inplace=False)
          )
          (ls1): LayerScale()
          (norm2): LayerNorm((1024,), eps=1e-05, elementwise_affine=True)
          (mlp): Mlp(
            (fc1): Linear(in_features=1024, out_features=4096, bias=True)
            (act): GELU(approximate='none')
            (fc2): Linear(in_features=4096, out_features=1024, bias=True)
            (drop): Dropout(p=0.0, inplace=False)
          )
          (ls2): LayerScale()
        )
      )
      (norm): LayerNorm((1024,), eps=1e-05, elementwise_affine=True)
      (head): Identity()
    )
    (dino_head): FSDPDINOHead(
      (mlp): Sequential(
        (0): Linear(in_features=1024, out_features=2048, bias=True)
        (1): GELU(approximate='none')
        (2): Linear(in_features=2048, out_features=2048, bias=True)
        (3): GELU(approximate='none')
        (4): Linear(in_features=2048, out_features=256, bias=True)
      )
      (last_layer): Linear(in_features=256, out_features=65536, bias=False)
    )
    (ibot_head): FSDPDINOHead(
      (mlp): Sequential(
        (0): Linear(in_features=1024, out_features=2048, bias=True)
        (1): GELU(approximate='none')
        (2): Linear(in_features=2048, out_features=2048, bias=True)
        (3): GELU(approximate='none')
        (4): Linear(in_features=2048, out_features=256, bias=True)
      )
      (last_layer): Linear(in_features=256, out_features=65536, bias=False)
    )
  )
  (model_ema): ModuleDict(
    (backbone): FSDPDinoVisionTransformer(
      (patch_embed): PatchEmbed(
        (proj): Conv2d(3, 1024, kernel_size=(16, 16), stride=(16, 16))
        (norm): Identity()
      )
      (rope_embed): RopePositionEmbedding()
      (blocks): ModuleList(
        (0-23): 24 x FSDPSelfAttentionBlock(
          (norm1): LayerNorm((1024,), eps=1e-05, elementwise_affine=True)
          (attn): SelfAttention(
            (qkv): LinearKMaskedBias(in_features=1024, out_features=3072, bias=True)
            (attn_drop): Dropout(p=0.0, inplace=False)
            (proj): Linear(in_features=1024, out_features=1024, bias=True)
            (proj_drop): Dropout(p=0.0, inplace=False)
          )
          (ls1): LayerScale()
          (norm2): LayerNorm((1024,), eps=1e-05, elementwise_affine=True)
          (mlp): Mlp(
            (fc1): Linear(in_features=1024, out_features=4096, bias=True)
            (act): GELU(approximate='none')
            (fc2): Linear(in_features=4096, out_features=1024, bias=True)
            (drop): Dropout(p=0.0, inplace=False)
          )
          (ls2): LayerScale()
        )
      )
      (norm): LayerNorm((1024,), eps=1e-05, elementwise_affine=True)
      (head): Identity()
    )
    (dino_head): FSDPDINOHead(
      (mlp): Sequential(
        (0): Linear(in_features=1024, out_features=2048, bias=True)
        (1): GELU(approximate='none')
        (2): Linear(in_features=2048, out_features=2048, bias=True)
        (3): GELU(approximate='none')
        (4): Linear(in_features=2048, out_features=256, bias=True)
      )
      (last_layer): Linear(in_features=256, out_features=65536, bias=False)
    )
    (ibot_head): FSDPDINOHead(
      (mlp): Sequential(
        (0): Linear(in_features=1024, out_features=2048, bias=True)
        (1): GELU(approximate='none')
        (2): Linear(in_features=2048, out_features=2048, bias=True)
        (3): GELU(approximate='none')
        (4): Linear(in_features=2048, out_features=256, bias=True)
      )
      (last_layer): Linear(in_features=256, out_features=65536, bias=False)
    )
  )
)
I20260709 03:40:50 39 dinov3 ssl_meta_arch.py:784] Getting paramer groups for backbone
I20260709 03:40:50 39 dinov3 param_groups.py:168] cls_token: lr_multiplier: 0.0717897987691853, wd_multiplier: 1.0
I20260709 03:40:50 39 dinov3 param_groups.py:168] storage_tokens: lr_multiplier: 0.0717897987691853, wd_multiplier: 1.0
I20260709 03:40:50 39 dinov3 param_groups.py:168] mask_token: lr_multiplier: 0.0717897987691853, wd_multiplier: 1.0
I20260709 03:40:50 39 dinov3 param_groups.py:168] patch_embed.proj.weight: lr_multiplier: 0.01435795975383706, wd_multiplier: 1.0
I20260709 03:40:50 39 dinov3 param_groups.py:168] patch_embed.proj.bias: lr_multiplier: 0.01435795975383706, wd_multiplier: 0.0
I20260709 03:40:50 39 dinov3 param_groups.py:168] blocks.0.norm1.weight: lr_multiplier: 0.07976644307687256, wd_multiplier: 0.0
I20260709 03:40:50 39 dinov3 param_groups.py:168] blocks.0.norm1.bias: lr_multiplier: 0.07976644307687256, wd_multiplier: 0.0
I20260709 03:40:50 39 dinov3 param_groups.py:168] blocks.0.attn.qkv.weight: lr_multiplier: 0.07976644307687256, wd_multiplier: 1.0
I20260709 03:40:50 39 dinov3 param_groups.py:168] blocks.0.attn.qkv.bias: lr_multiplier: 0.07976644307687256, wd_multiplier: 0.0
I20260709 03:40:50 39 dinov3 param_groups.py:168] blocks.0.attn.proj.weight: lr_multiplier: 0.07976644307687256, wd_multiplier: 1.0
I20260709 03:40:50 39 dinov3 param_groups.py:168] blocks.0.attn.proj.bias: lr_multiplier: 0.07976644307687256, wd_multiplier: 0.0
I20260709 03:40:50 39 dinov3 param_groups.py:168] blocks.0.ls1.gamma: lr_multiplier: 0.07976644307687256, wd_multiplier: 0.0
I20260709 03:40:50 39 dinov3 param_groups.py:168] blocks.0.norm2.weight: lr_multiplier: 0.07976644307687256, wd_multiplier: 0.0
I20260709 03:40:50 39 dinov3 param_groups.py:168] blocks.0.norm2.bias: lr_multiplier: 0.07976644307687256, wd_multiplier: 0.0
I20260709 03:40:50 39 dinov3 param_groups.py:168] blocks.0.mlp.fc1.weight: lr_multiplier: 0.07976644307687256, wd_multiplier: 1.0
I20260709 03:40:50 39 dinov3 param_groups.py:168] blocks.0.mlp.fc1.bias: lr_multiplier: 0.07976644307687256, wd_multiplier: 0.0
I20260709 03:40:50 39 dinov3 param_groups.py:168] blocks.0.mlp.fc2.weight: lr_multiplier: 0.07976644307687256, wd_multiplier: 1.0
I20260709 03:40:50 39 dinov3 param_groups.py:168] blocks.0.mlp.fc2.bias: lr_multiplier: 0.07976644307687256, wd_multiplier: 0.0
I20260709 03:40:50 39 dinov3 param_groups.py:168] blocks.0.ls2.gamma: lr_multiplier: 0.07976644307687256, wd_multiplier: 0.0
I20260709 03:40:50 39 dinov3 param_groups.py:168] blocks.1.norm1.weight: lr_multiplier: 0.08862938119652507, wd_multiplier: 0.0
I20260709 03:40:50 39 dinov3 param_groups.py:168] blocks.1.norm1.bias: lr_multiplier: 0.08862938119652507, wd_multiplier: 0.0
I20260709 03:40:50 39 dinov3 param_groups.py:168] blocks.1.attn.qkv.weight: lr_multiplier: 0.08862938119652507, wd_multiplier: 1.0
I20260709 03:40:50 39 dinov3 param_groups.py:168] blocks.1.attn.qkv.bias: lr_multiplier: 0.08862938119652507, wd_multiplier: 0.0
I20260709 03:40:50 39 dinov3 param_groups.py:168] blocks.1.attn.proj.weight: lr_multiplier: 0.08862938119652507, wd_multiplier: 1.0
I20260709 03:40:50 39 dinov3 param_groups.py:168] blocks.1.attn.proj.bias: lr_multiplier: 0.08862938119652507, wd_multiplier: 0.0
I20260709 03:40:50 39 dinov3 param_groups.py:168] blocks.1.ls1.gamma: lr_multiplier: 0.08862938119652507, wd_multiplier: 0.0
I20260709 03:40:50 39 dinov3 param_groups.py:168] blocks.1.norm2.weight: lr_multiplier: 0.08862938119652507, wd_multiplier: 0.0
I20260709 03:40:50 39 dinov3 param_groups.py:168] blocks.1.norm2.bias: lr_multiplier: 0.08862938119652507, wd_multiplier: 0.0
I20260709 03:40:50 39 dinov3 param_groups.py:168] blocks.1.mlp.fc1.weight: lr_multiplier: 0.08862938119652507, wd_multiplier: 1.0
I20260709 03:40:50 39 dinov3 param_groups.py:168] blocks.1.mlp.fc1.bias: lr_multiplier: 0.08862938119652507, wd_multiplier: 0.0
I20260709 03:40:50 39 dinov3 param_groups.py:168] blocks.1.mlp.fc2.weight: lr_multiplier: 0.08862938119652507, wd_multiplier: 1.0
I20260709 03:40:50 39 dinov3 param_groups.py:168] blocks.1.mlp.fc2.bias: lr_multiplier: 0.08862938119652507, wd_multiplier: 0.0
I20260709 03:40:50 39 dinov3 param_groups.py:168] blocks.1.ls2.gamma: lr_multiplier: 0.08862938119652507, wd_multiplier: 0.0
I20260709 03:40:50 39 dinov3 param_groups.py:168] blocks.2.norm1.weight: lr_multiplier: 0.09847709021836118, wd_multiplier: 0.0
I20260709 03:40:50 39 dinov3 param_groups.py:168] blocks.2.norm1.bias: lr_multiplier: 0.09847709021836118, wd_multiplier: 0.0
I20260709 03:40:50 39 dinov3 param_groups.py:168] blocks.2.attn.qkv.weight: lr_multiplier: 0.09847709021836118, wd_multiplier: 1.0
I20260709 03:40:50 39 dinov3 param_groups.py:168] blocks.2.attn.qkv.bias: lr_multiplier: 0.09847709021836118, wd_multiplier: 0.0
I20260709 03:40:50 39 dinov3 param_groups.py:168] blocks.2.attn.proj.weight: lr_multiplier: 0.09847709021836118, wd_multiplier: 1.0
I20260709 03:40:50 39 dinov3 param_groups.py:168] blocks.2.attn.proj.bias: lr_multiplier: 0.09847709021836118, wd_multiplier: 0.0
I20260709 03:40:50 39 dinov3 param_groups.py:168] blocks.2.ls1.gamma: lr_multiplier: 0.09847709021836118, wd_multiplier: 0.0
I20260709 03:40:50 39 dinov3 param_groups.py:168] blocks.2.norm2.weight: lr_multiplier: 0.09847709021836118, wd_multiplier: 0.0
I20260709 03:40:50 39 dinov3 param_groups.py:168] blocks.2.norm2.bias: lr_multiplier: 0.09847709021836118, wd_multiplier: 0.0
I20260709 03:40:50 39 dinov3 param_groups.py:168] blocks.2.mlp.fc1.weight: lr_multiplier: 0.09847709021836118, wd_multiplier: 1.0
I20260709 03:40:50 39 dinov3 param_groups.py:168] blocks.2.mlp.fc1.bias: lr_multiplier: 0.09847709021836118, wd_multiplier: 0.0
I20260709 03:40:50 39 dinov3 param_groups.py:168] blocks.2.mlp.fc2.weight: lr_multiplier: 0.09847709021836118, wd_multiplier: 1.0
I20260709 03:40:50 39 dinov3 param_groups.py:168] blocks.2.mlp.fc2.bias: lr_multiplier: 0.09847709021836118, wd_multiplier: 0.0
I20260709 03:40:50 39 dinov3 param_groups.py:168] blocks.2.ls2.gamma: lr_multiplier: 0.09847709021836118, wd_multiplier: 0.0
I20260709 03:40:50 39 dinov3 param_groups.py:168] blocks.3.norm1.weight: lr_multiplier: 0.10941898913151242, wd_multiplier: 0.0
I20260709 03:40:50 39 dinov3 param_groups.py:168] blocks.3.norm1.bias: lr_multiplier: 0.10941898913151242, wd_multiplier: 0.0
I20260709 03:40:50 39 dinov3 param_groups.py:168] blocks.3.attn.qkv.weight: lr_multiplier: 0.10941898913151242, wd_multiplier: 1.0
I20260709 03:40:50 39 dinov3 param_groups.py:168] blocks.3.attn.qkv.bias: lr_multiplier: 0.10941898913151242, wd_multiplier: 0.0
I20260709 03:40:50 39 dinov3 param_groups.py:168] blocks.3.attn.proj.weight: lr_multiplier: 0.10941898913151242, wd_multiplier: 1.0
I20260709 03:40:50 39 dinov3 param_groups.py:168] blocks.3.attn.proj.bias: lr_multiplier: 0.10941898913151242, wd_multiplier: 0.0
I20260709 03:40:50 39 dinov3 param_groups.py:168] blocks.3.ls1.gamma: lr_multiplier: 0.10941898913151242, wd_multiplier: 0.0
I20260709 03:40:50 39 dinov3 param_groups.py:168] blocks.3.norm2.weight: lr_multiplier: 0.10941898913151242, wd_multiplier: 0.0
I20260709 03:40:50 39 dinov3 param_groups.py:168] blocks.3.norm2.bias: lr_multiplier: 0.10941898913151242, wd_multiplier: 0.0
I20260709 03:40:50 39 dinov3 param_groups.py:168] blocks.3.mlp.fc1.weight: lr_multiplier: 0.10941898913151242, wd_multiplier: 1.0
I20260709 03:40:50 39 dinov3 param_groups.py:168] blocks.3.mlp.fc1.bias: lr_multiplier: 0.10941898913151242, wd_multiplier: 0.0
I20260709 03:40:50 39 dinov3 param_groups.py:168] blocks.3.mlp.fc2.weight: lr_multiplier: 0.10941898913151242, wd_multiplier: 1.0
I20260709 03:40:50 39 dinov3 param_groups.py:168] blocks.3.mlp.fc2.bias: lr_multiplier: 0.10941898913151242, wd_multiplier: 0.0
I20260709 03:40:50 39 dinov3 param_groups.py:168] blocks.3.ls2.gamma: lr_multiplier: 0.10941898913151242, wd_multiplier: 0.0
I20260709 03:40:50 39 dinov3 param_groups.py:168] blocks.4.norm1.weight: lr_multiplier: 0.12157665459056935, wd_multiplier: 0.0
I20260709 03:40:50 39 dinov3 param_groups.py:168] blocks.4.norm1.bias: lr_multiplier: 0.12157665459056935, wd_multiplier: 0.0
I20260709 03:40:50 39 dinov3 param_groups.py:168] blocks.4.attn.qkv.weight: lr_multiplier: 0.12157665459056935, wd_multiplier: 1.0
I20260709 03:40:50 39 dinov3 param_groups.py:168] blocks.4.attn.qkv.bias: lr_multiplier: 0.12157665459056935, wd_multiplier: 0.0
I20260709 03:40:50 39 dinov3 param_groups.py:168] blocks.4.attn.proj.weight: lr_multiplier: 0.12157665459056935, wd_multiplier: 1.0
I20260709 03:40:50 39 dinov3 param_groups.py:168] blocks.4.attn.proj.bias: lr_multiplier: 0.12157665459056935, wd_multiplier: 0.0
I20260709 03:40:50 39 dinov3 param_groups.py:168] blocks.4.ls1.gamma: lr_multiplier: 0.12157665459056935, wd_multiplier: 0.0
I20260709 03:40:50 39 dinov3 param_groups.py:168] blocks.4.norm2.weight: lr_multiplier: 0.12157665459056935, wd_multiplier: 0.0
I20260709 03:40:50 39 dinov3 param_groups.py:168] blocks.4.norm2.bias: lr_multiplier: 0.12157665459056935, wd_multiplier: 0.0
I20260709 03:40:50 39 dinov3 param_groups.py:168] blocks.4.mlp.fc1.weight: lr_multiplier: 0.12157665459056935, wd_multiplier: 1.0
I20260709 03:40:50 39 dinov3 param_groups.py:168] blocks.4.mlp.fc1.bias: lr_multiplier: 0.12157665459056935, wd_multiplier: 0.0
I20260709 03:40:50 39 dinov3 param_groups.py:168] blocks.4.mlp.fc2.weight: lr_multiplier: 0.12157665459056935, wd_multiplier: 1.0
I20260709 03:40:50 39 dinov3 param_groups.py:168] blocks.4.mlp.fc2.bias: lr_multiplier: 0.12157665459056935, wd_multiplier: 0.0
I20260709 03:40:50 39 dinov3 param_groups.py:168] blocks.4.ls2.gamma: lr_multiplier: 0.12157665459056935, wd_multiplier: 0.0
I20260709 03:40:50 39 dinov3 param_groups.py:168] blocks.5.norm1.weight: lr_multiplier: 0.13508517176729928, wd_multiplier: 0.0
I20260709 03:40:50 39 dinov3 param_groups.py:168] blocks.5.norm1.bias: lr_multiplier: 0.13508517176729928, wd_multiplier: 0.0
I20260709 03:40:50 39 dinov3 param_groups.py:168] blocks.5.attn.qkv.weight: lr_multiplier: 0.13508517176729928, wd_multiplier: 1.0
I20260709 03:40:50 39 dinov3 param_groups.py:168] blocks.5.attn.qkv.bias: lr_multiplier: 0.13508517176729928, wd_multiplier: 0.0
I20260709 03:40:50 39 dinov3 param_groups.py:168] blocks.5.attn.proj.weight: lr_multiplier: 0.13508517176729928, wd_multiplier: 1.0
I20260709 03:40:50 39 dinov3 param_groups.py:168] blocks.5.attn.proj.bias: lr_multiplier: 0.13508517176729928, wd_multiplier: 0.0
I20260709 03:40:50 39 dinov3 param_groups.py:168] blocks.5.ls1.gamma: lr_multiplier: 0.13508517176729928, wd_multiplier: 0.0
I20260709 03:40:50 39 dinov3 param_groups.py:168] blocks.5.norm2.weight: lr_multiplier: 0.13508517176729928, wd_multiplier: 0.0
I20260709 03:40:50 39 dinov3 param_groups.py:168] blocks.5.norm2.bias: lr_multiplier: 0.13508517176729928, wd_multiplier: 0.0
I20260709 03:40:50 39 dinov3 param_groups.py:168] blocks.5.mlp.fc1.weight: lr_multiplier: 0.13508517176729928, wd_multiplier: 1.0
I20260709 03:40:50 39 dinov3 param_groups.py:168] blocks.5.mlp.fc1.bias: lr_multiplier: 0.13508517176729928, wd_multiplier: 0.0
I20260709 03:40:50 39 dinov3 param_groups.py:168] blocks.5.mlp.fc2.weight: lr_multiplier: 0.13508517176729928, wd_multiplier: 1.0
I20260709 03:40:50 39 dinov3 param_groups.py:168] blocks.5.mlp.fc2.bias: lr_multiplier: 0.13508517176729928, wd_multiplier: 0.0
I20260709 03:40:50 39 dinov3 param_groups.py:168] blocks.5.ls2.gamma: lr_multiplier: 0.13508517176729928, wd_multiplier: 0.0
I20260709 03:40:50 39 dinov3 param_groups.py:168] blocks.6.norm1.weight: lr_multiplier: 0.15009463529699918, wd_multiplier: 0.0
I20260709 03:40:50 39 dinov3 param_groups.py:168] blocks.6.norm1.bias: lr_multiplier: 0.15009463529699918, wd_multiplier: 0.0
I20260709 03:40:50 39 dinov3 param_groups.py:168] blocks.6.attn.qkv.weight: lr_multiplier: 0.15009463529699918, wd_multiplier: 1.0
I20260709 03:40:50 39 dinov3 param_groups.py:168] blocks.6.attn.qkv.bias: lr_multiplier: 0.15009463529699918, wd_multiplier: 0.0
I20260709 03:40:50 39 dinov3 param_groups.py:168] blocks.6.attn.proj.weight: lr_multiplier: 0.15009463529699918, wd_multiplier: 1.0
I20260709 03:40:50 39 dinov3 param_groups.py:168] blocks.6.attn.proj.bias: lr_multiplier: 0.15009463529699918, wd_multiplier: 0.0
I20260709 03:40:50 39 dinov3 param_groups.py:168] blocks.6.ls1.gamma: lr_multiplier: 0.15009463529699918, wd_multiplier: 0.0
I20260709 03:40:50 39 dinov3 param_groups.py:168] blocks.6.norm2.weight: lr_multiplier: 0.15009463529699918, wd_multiplier: 0.0
I20260709 03:40:50 39 dinov3 param_groups.py:168] blocks.6.norm2.bias: lr_multiplier: 0.15009463529699918, wd_multiplier: 0.0
I20260709 03:40:50 39 dinov3 param_groups.py:168] blocks.6.mlp.fc1.weight: lr_multiplier: 0.15009463529699918, wd_multiplier: 1.0
I20260709 03:40:50 39 dinov3 param_groups.py:168] blocks.6.mlp.fc1.bias: lr_multiplier: 0.15009463529699918, wd_multiplier: 0.0
I20260709 03:40:50 39 dinov3 param_groups.py:168] blocks.6.mlp.fc2.weight: lr_multiplier: 0.15009463529699918, wd_multiplier: 1.0
I20260709 03:40:50 39 dinov3 param_groups.py:168] blocks.6.mlp.fc2.bias: lr_multiplier: 0.15009463529699918, wd_multiplier: 0.0
I20260709 03:40:50 39 dinov3 param_groups.py:168] blocks.6.ls2.gamma: lr_multiplier: 0.15009463529699918, wd_multiplier: 0.0
I20260709 03:40:50 39 dinov3 param_groups.py:168] blocks.7.norm1.weight: lr_multiplier: 0.16677181699666577, wd_multiplier: 0.0
I20260709 03:40:50 39 dinov3 param_groups.py:168] blocks.7.norm1.bias: lr_multiplier: 0.16677181699666577, wd_multiplier: 0.0
I20260709 03:40:50 39 dinov3 param_groups.py:168] blocks.7.attn.qkv.weight: lr_multiplier: 0.16677181699666577, wd_multiplier: 1.0
I20260709 03:40:50 39 dinov3 param_groups.py:168] blocks.7.attn.qkv.bias: lr_multiplier: 0.16677181699666577, wd_multiplier: 0.0
I20260709 03:40:50 39 dinov3 param_groups.py:168] blocks.7.attn.proj.weight: lr_multiplier: 0.16677181699666577, wd_multiplier: 1.0
I20260709 03:40:50 39 dinov3 param_groups.py:168] blocks.7.attn.proj.bias: lr_multiplier: 0.16677181699666577, wd_multiplier: 0.0
I20260709 03:40:50 39 dinov3 param_groups.py:168] blocks.7.ls1.gamma: lr_multiplier: 0.16677181699666577, wd_multiplier: 0.0
I20260709 03:40:50 39 dinov3 param_groups.py:168] blocks.7.norm2.weight: lr_multiplier: 0.16677181699666577, wd_multiplier: 0.0
I20260709 03:40:50 39 dinov3 param_groups.py:168] blocks.7.norm2.bias: lr_multiplier: 0.16677181699666577, wd_multiplier: 0.0
I20260709 03:40:50 39 dinov3 param_groups.py:168] blocks.7.mlp.fc1.weight: lr_multiplier: 0.16677181699666577, wd_multiplier: 1.0
I20260709 03:40:50 39 dinov3 param_groups.py:168] blocks.7.mlp.fc1.bias: lr_multiplier: 0.16677181699666577, wd_multiplier: 0.0
I20260709 03:40:50 39 dinov3 param_groups.py:168] blocks.7.mlp.fc2.weight: lr_multiplier: 0.16677181699666577, wd_multiplier: 1.0
I20260709 03:40:50 39 dinov3 param_groups.py:168] blocks.7.mlp.fc2.bias: lr_multiplier: 0.16677181699666577, wd_multiplier: 0.0
I20260709 03:40:50 39 dinov3 param_groups.py:168] blocks.7.ls2.gamma: lr_multiplier: 0.16677181699666577, wd_multiplier: 0.0
I20260709 03:40:50 39 dinov3 param_groups.py:168] blocks.8.norm1.weight: lr_multiplier: 0.18530201888518416, wd_multiplier: 0.0
I20260709 03:40:50 39 dinov3 param_groups.py:168] blocks.8.norm1.bias: lr_multiplier: 0.18530201888518416, wd_multiplier: 0.0
I20260709 03:40:50 39 dinov3 param_groups.py:168] blocks.8.attn.qkv.weight: lr_multiplier: 0.18530201888518416, wd_multiplier: 1.0
I20260709 03:40:50 39 dinov3 param_groups.py:168] blocks.8.attn.qkv.bias: lr_multiplier: 0.18530201888518416, wd_multiplier: 0.0
I20260709 03:40:50 39 dinov3 param_groups.py:168] blocks.8.attn.proj.weight: lr_multiplier: 0.18530201888518416, wd_multiplier: 1.0
I20260709 03:40:50 39 dinov3 param_groups.py:168] blocks.8.attn.proj.bias: lr_multiplier: 0.18530201888518416, wd_multiplier: 0.0
I20260709 03:40:50 39 dinov3 param_groups.py:168] blocks.8.ls1.gamma: lr_multiplier: 0.18530201888518416, wd_multiplier: 0.0
I20260709 03:40:50 39 dinov3 param_groups.py:168] blocks.8.norm2.weight: lr_multiplier: 0.18530201888518416, wd_multiplier: 0.0
I20260709 03:40:50 39 dinov3 param_groups.py:168] blocks.8.norm2.bias: lr_multiplier: 0.18530201888518416, wd_multiplier: 0.0
I20260709 03:40:50 39 dinov3 param_groups.py:168] blocks.8.mlp.fc1.weight: lr_multiplier: 0.18530201888518416, wd_multiplier: 1.0
I20260709 03:40:50 39 dinov3 param_groups.py:168] blocks.8.mlp.fc1.bias: lr_multiplier: 0.18530201888518416, wd_multiplier: 0.0
I20260709 03:40:50 39 dinov3 param_groups.py:168] blocks.8.mlp.fc2.weight: lr_multiplier: 0.18530201888518416, wd_multiplier: 1.0
I20260709 03:40:50 39 dinov3 param_groups.py:168] blocks.8.mlp.fc2.bias: lr_multiplier: 0.18530201888518416, wd_multiplier: 0.0
I20260709 03:40:50 39 dinov3 param_groups.py:168] blocks.8.ls2.gamma: lr_multiplier: 0.18530201888518416, wd_multiplier: 0.0
I20260709 03:40:50 39 dinov3 param_groups.py:168] blocks.9.norm1.weight: lr_multiplier: 0.20589113209464907, wd_multiplier: 0.0
I20260709 03:40:50 39 dinov3 param_groups.py:168] blocks.9.norm1.bias: lr_multiplier: 0.20589113209464907, wd_multiplier: 0.0
I20260709 03:40:50 39 dinov3 param_groups.py:168] blocks.9.attn.qkv.weight: lr_multiplier: 0.20589113209464907, wd_multiplier: 1.0
I20260709 03:40:50 39 dinov3 param_groups.py:168] blocks.9.attn.qkv.bias: lr_multiplier: 0.20589113209464907, wd_multiplier: 0.0
I20260709 03:40:50 39 dinov3 param_groups.py:168] blocks.9.attn.proj.weight: lr_multiplier: 0.20589113209464907, wd_multiplier: 1.0
I20260709 03:40:50 39 dinov3 param_groups.py:168] blocks.9.attn.proj.bias: lr_multiplier: 0.20589113209464907, wd_multiplier: 0.0
I20260709 03:40:50 39 dinov3 param_groups.py:168] blocks.9.ls1.gamma: lr_multiplier: 0.20589113209464907, wd_multiplier: 0.0
I20260709 03:40:50 39 dinov3 param_groups.py:168] blocks.9.norm2.weight: lr_multiplier: 0.20589113209464907, wd_multiplier: 0.0
I20260709 03:40:50 39 dinov3 param_groups.py:168] blocks.9.norm2.bias: lr_multiplier: 0.20589113209464907, wd_multiplier: 0.0
I20260709 03:40:50 39 dinov3 param_groups.py:168] blocks.9.mlp.fc1.weight: lr_multiplier: 0.20589113209464907, wd_multiplier: 1.0
I20260709 03:40:50 39 dinov3 param_groups.py:168] blocks.9.mlp.fc1.bias: lr_multiplier: 0.20589113209464907, wd_multiplier: 0.0
I20260709 03:40:50 39 dinov3 param_groups.py:168] blocks.9.mlp.fc2.weight: lr_multiplier: 0.20589113209464907, wd_multiplier: 1.0
I20260709 03:40:50 39 dinov3 param_groups.py:168] blocks.9.mlp.fc2.bias: lr_multiplier: 0.20589113209464907, wd_multiplier: 0.0
I20260709 03:40:50 39 dinov3 param_groups.py:168] blocks.9.ls2.gamma: lr_multiplier: 0.20589113209464907, wd_multiplier: 0.0
I20260709 03:40:50 39 dinov3 param_groups.py:168] blocks.10.norm1.weight: lr_multiplier: 0.2287679245496101, wd_multiplier: 0.0
I20260709 03:40:50 39 dinov3 param_groups.py:168] blocks.10.norm1.bias: lr_multiplier: 0.2287679245496101, wd_multiplier: 0.0
I20260709 03:40:50 39 dinov3 param_groups.py:168] blocks.10.attn.qkv.weight: lr_multiplier: 0.2287679245496101, wd_multiplier: 1.0
I20260709 03:40:50 39 dinov3 param_groups.py:168] blocks.10.attn.qkv.bias: lr_multiplier: 0.2287679245496101, wd_multiplier: 0.0
I20260709 03:40:50 39 dinov3 param_groups.py:168] blocks.10.attn.proj.weight: lr_multiplier: 0.2287679245496101, wd_multiplier: 1.0
I20260709 03:40:50 39 dinov3 param_groups.py:168] blocks.10.attn.proj.bias: lr_multiplier: 0.2287679245496101, wd_multiplier: 0.0
I20260709 03:40:50 39 dinov3 param_groups.py:168] blocks.10.ls1.gamma: lr_multiplier: 0.2287679245496101, wd_multiplier: 0.0
I20260709 03:40:50 39 dinov3 param_groups.py:168] blocks.10.norm2.weight: lr_multiplier: 0.2287679245496101, wd_multiplier: 0.0
I20260709 03:40:50 39 dinov3 param_groups.py:168] blocks.10.norm2.bias: lr_multiplier: 0.2287679245496101, wd_multiplier: 0.0
I20260709 03:40:50 39 dinov3 param_groups.py:168] blocks.10.mlp.fc1.weight: lr_multiplier: 0.2287679245496101, wd_multiplier: 1.0
I20260709 03:40:50 39 dinov3 param_groups.py:168] blocks.10.mlp.fc1.bias: lr_multiplier: 0.2287679245496101, wd_multiplier: 0.0
I20260709 03:40:50 39 dinov3 param_groups.py:168] blocks.10.mlp.fc2.weight: lr_multiplier: 0.2287679245496101, wd_multiplier: 1.0
I20260709 03:40:50 39 dinov3 param_groups.py:168] blocks.10.mlp.fc2.bias: lr_multiplier: 0.2287679245496101, wd_multiplier: 0.0
I20260709 03:40:50 39 dinov3 param_groups.py:168] blocks.10.ls2.gamma: lr_multiplier: 0.2287679245496101, wd_multiplier: 0.0
I20260709 03:40:50 39 dinov3 param_groups.py:168] blocks.11.norm1.weight: lr_multiplier: 0.2541865828329001, wd_multiplier: 0.0
I20260709 03:40:50 39 dinov3 param_groups.py:168] blocks.11.norm1.bias: lr_multiplier: 0.2541865828329001, wd_multiplier: 0.0
I20260709 03:40:50 39 dinov3 param_groups.py:168] blocks.11.attn.qkv.weight: lr_multiplier: 0.2541865828329001, wd_multiplier: 1.0
I20260709 03:40:50 39 dinov3 param_groups.py:168] blocks.11.attn.qkv.bias: lr_multiplier: 0.2541865828329001, wd_multiplier: 0.0
I20260709 03:40:50 39 dinov3 param_groups.py:168] blocks.11.attn.proj.weight: lr_multiplier: 0.2541865828329001, wd_multiplier: 1.0
I20260709 03:40:50 39 dinov3 param_groups.py:168] blocks.11.attn.proj.bias: lr_multiplier: 0.2541865828329001, wd_multiplier: 0.0
I20260709 03:40:50 39 dinov3 param_groups.py:168] blocks.11.ls1.gamma: lr_multiplier: 0.2541865828329001, wd_multiplier: 0.0
I20260709 03:40:50 39 dinov3 param_groups.py:168] blocks.11.norm2.weight: lr_multiplier: 0.2541865828329001, wd_multiplier: 0.0
I20260709 03:40:50 39 dinov3 param_groups.py:168] blocks.11.norm2.bias: lr_multiplier: 0.2541865828329001, wd_multiplier: 0.0
I20260709 03:40:50 39 dinov3 param_groups.py:168] blocks.11.mlp.fc1.weight: lr_multiplier: 0.2541865828329001, wd_multiplier: 1.0
I20260709 03:40:50 39 dinov3 param_groups.py:168] blocks.11.mlp.fc1.bias: lr_multiplier: 0.2541865828329001, wd_multiplier: 0.0
I20260709 03:40:50 39 dinov3 param_groups.py:168] blocks.11.mlp.fc2.weight: lr_multiplier: 0.2541865828329001, wd_multiplier: 1.0
I20260709 03:40:50 39 dinov3 param_groups.py:168] blocks.11.mlp.fc2.bias: lr_multiplier: 0.2541865828329001, wd_multiplier: 0.0
I20260709 03:40:50 39 dinov3 param_groups.py:168] blocks.11.ls2.gamma: lr_multiplier: 0.2541865828329001, wd_multiplier: 0.0
I20260709 03:40:50 39 dinov3 param_groups.py:168] blocks.12.norm1.weight: lr_multiplier: 0.2824295364810001, wd_multiplier: 0.0
I20260709 03:40:50 39 dinov3 param_groups.py:168] blocks.12.norm1.bias: lr_multiplier: 0.2824295364810001, wd_multiplier: 0.0
I20260709 03:40:50 39 dinov3 param_groups.py:168] blocks.12.attn.qkv.weight: lr_multiplier: 0.2824295364810001, wd_multiplier: 1.0
I20260709 03:40:50 39 dinov3 param_groups.py:168] blocks.12.attn.qkv.bias: lr_multiplier: 0.2824295364810001, wd_multiplier: 0.0
I20260709 03:40:50 39 dinov3 param_groups.py:168] blocks.12.attn.proj.weight: lr_multiplier: 0.2824295364810001, wd_multiplier: 1.0
I20260709 03:40:50 39 dinov3 param_groups.py:168] blocks.12.attn.proj.bias: lr_multiplier: 0.2824295364810001, wd_multiplier: 0.0
I20260709 03:40:50 39 dinov3 param_groups.py:168] blocks.12.ls1.gamma: lr_multiplier: 0.2824295364810001, wd_multiplier: 0.0
I20260709 03:40:50 39 dinov3 param_groups.py:168] blocks.12.norm2.weight: lr_multiplier: 0.2824295364810001, wd_multiplier: 0.0
I20260709 03:40:50 39 dinov3 param_groups.py:168] blocks.12.norm2.bias: lr_multiplier: 0.2824295364810001, wd_multiplier: 0.0
I20260709 03:40:50 39 dinov3 param_groups.py:168] blocks.12.mlp.fc1.weight: lr_multiplier: 0.2824295364810001, wd_multiplier: 1.0
I20260709 03:40:50 39 dinov3 param_groups.py:168] blocks.12.mlp.fc1.bias: lr_multiplier: 0.2824295364810001, wd_multiplier: 0.0
I20260709 03:40:50 39 dinov3 param_groups.py:168] blocks.12.mlp.fc2.weight: lr_multiplier: 0.2824295364810001, wd_multiplier: 1.0
I20260709 03:40:50 39 dinov3 param_groups.py:168] blocks.12.mlp.fc2.bias: lr_multiplier: 0.2824295364810001, wd_multiplier: 0.0
I20260709 03:40:50 39 dinov3 param_groups.py:168] blocks.12.ls2.gamma: lr_multiplier: 0.2824295364810001, wd_multiplier: 0.0
I20260709 03:40:50 39 dinov3 param_groups.py:168] blocks.13.norm1.weight: lr_multiplier: 0.31381059609000006, wd_multiplier: 0.0
I20260709 03:40:50 39 dinov3 param_groups.py:168] blocks.13.norm1.bias: lr_multiplier: 0.31381059609000006, wd_multiplier: 0.0
I20260709 03:40:50 39 dinov3 param_groups.py:168] blocks.13.attn.qkv.weight: lr_multiplier: 0.31381059609000006, wd_multiplier: 1.0
I20260709 03:40:50 39 dinov3 param_groups.py:168] blocks.13.attn.qkv.bias: lr_multiplier: 0.31381059609000006, wd_multiplier: 0.0
I20260709 03:40:50 39 dinov3 param_groups.py:168] blocks.13.attn.proj.weight: lr_multiplier: 0.31381059609000006, wd_multiplier: 1.0
I20260709 03:40:50 39 dinov3 param_groups.py:168] blocks.13.attn.proj.bias: lr_multiplier: 0.31381059609000006, wd_multiplier: 0.0
I20260709 03:40:50 39 dinov3 param_groups.py:168] blocks.13.ls1.gamma: lr_multiplier: 0.31381059609000006, wd_multiplier: 0.0
I20260709 03:40:50 39 dinov3 param_groups.py:168] blocks.13.norm2.weight: lr_multiplier: 0.31381059609000006, wd_multiplier: 0.0
I20260709 03:40:50 39 dinov3 param_groups.py:168] blocks.13.norm2.bias: lr_multiplier: 0.31381059609000006, wd_multiplier: 0.0
I20260709 03:40:50 39 dinov3 param_groups.py:168] blocks.13.mlp.fc1.weight: lr_multiplier: 0.31381059609000006, wd_multiplier: 1.0
I20260709 03:40:50 39 dinov3 param_groups.py:168] blocks.13.mlp.fc1.bias: lr_multiplier: 0.31381059609000006, wd_multiplier: 0.0
I20260709 03:40:50 39 dinov3 param_groups.py:168] blocks.13.mlp.fc2.weight: lr_multiplier: 0.31381059609000006, wd_multiplier: 1.0
I20260709 03:40:50 39 dinov3 param_groups.py:168] blocks.13.mlp.fc2.bias: lr_multiplier: 0.31381059609000006, wd_multiplier: 0.0
I20260709 03:40:50 39 dinov3 param_groups.py:168] blocks.13.ls2.gamma: lr_multiplier: 0.31381059609000006, wd_multiplier: 0.0
I20260709 03:40:50 39 dinov3 param_groups.py:168] blocks.14.norm1.weight: lr_multiplier: 0.3486784401000001, wd_multiplier: 0.0
I20260709 03:40:50 39 dinov3 param_groups.py:168] blocks.14.norm1.bias: lr_multiplier: 0.3486784401000001, wd_multiplier: 0.0
I20260709 03:40:50 39 dinov3 param_groups.py:168] blocks.14.attn.qkv.weight: lr_multiplier: 0.3486784401000001, wd_multiplier: 1.0
I20260709 03:40:50 39 dinov3 param_groups.py:168] blocks.14.attn.qkv.bias: lr_multiplier: 0.3486784401000001, wd_multiplier: 0.0
I20260709 03:40:50 39 dinov3 param_groups.py:168] blocks.14.attn.proj.weight: lr_multiplier: 0.3486784401000001, wd_multiplier: 1.0
I20260709 03:40:50 39 dinov3 param_groups.py:168] blocks.14.attn.proj.bias: lr_multiplier: 0.3486784401000001, wd_multiplier: 0.0
I20260709 03:40:50 39 dinov3 param_groups.py:168] blocks.14.ls1.gamma: lr_multiplier: 0.3486784401000001, wd_multiplier: 0.0
I20260709 03:40:50 39 dinov3 param_groups.py:168] blocks.14.norm2.weight: lr_multiplier: 0.3486784401000001, wd_multiplier: 0.0
I20260709 03:40:50 39 dinov3 param_groups.py:168] blocks.14.norm2.bias: lr_multiplier: 0.3486784401000001, wd_multiplier: 0.0
I20260709 03:40:50 39 dinov3 param_groups.py:168] blocks.14.mlp.fc1.weight: lr_multiplier: 0.3486784401000001, wd_multiplier: 1.0
I20260709 03:40:50 39 dinov3 param_groups.py:168] blocks.14.mlp.fc1.bias: lr_multiplier: 0.3486784401000001, wd_multiplier: 0.0
I20260709 03:40:50 39 dinov3 param_groups.py:168] blocks.14.mlp.fc2.weight: lr_multiplier: 0.3486784401000001, wd_multiplier: 1.0
I20260709 03:40:50 39 dinov3 param_groups.py:168] blocks.14.mlp.fc2.bias: lr_multiplier: 0.3486784401000001, wd_multiplier: 0.0
I20260709 03:40:50 39 dinov3 param_groups.py:168] blocks.14.ls2.gamma: lr_multiplier: 0.3486784401000001, wd_multiplier: 0.0
I20260709 03:40:50 39 dinov3 param_groups.py:168] blocks.15.norm1.weight: lr_multiplier: 0.3874204890000001, wd_multiplier: 0.0
I20260709 03:40:50 39 dinov3 param_groups.py:168] blocks.15.norm1.bias: lr_multiplier: 0.3874204890000001, wd_multiplier: 0.0
I20260709 03:40:50 39 dinov3 param_groups.py:168] blocks.15.attn.qkv.weight: lr_multiplier: 0.3874204890000001, wd_multiplier: 1.0
I20260709 03:40:50 39 dinov3 param_groups.py:168] blocks.15.attn.qkv.bias: lr_multiplier: 0.3874204890000001, wd_multiplier: 0.0
I20260709 03:40:50 39 dinov3 param_groups.py:168] blocks.15.attn.proj.weight: lr_multiplier: 0.3874204890000001, wd_multiplier: 1.0
I20260709 03:40:50 39 dinov3 param_groups.py:168] blocks.15.attn.proj.bias: lr_multiplier: 0.3874204890000001, wd_multiplier: 0.0
I20260709 03:40:50 39 dinov3 param_groups.py:168] blocks.15.ls1.gamma: lr_multiplier: 0.3874204890000001, wd_multiplier: 0.0
I20260709 03:40:50 39 dinov3 param_groups.py:168] blocks.15.norm2.weight: lr_multiplier: 0.3874204890000001, wd_multiplier: 0.0
I20260709 03:40:50 39 dinov3 param_groups.py:168] blocks.15.norm2.bias: lr_multiplier: 0.3874204890000001, wd_multiplier: 0.0
I20260709 03:40:50 39 dinov3 param_groups.py:168] blocks.15.mlp.fc1.weight: lr_multiplier: 0.3874204890000001, wd_multiplier: 1.0
I20260709 03:40:50 39 dinov3 param_groups.py:168] blocks.15.mlp.fc1.bias: lr_multiplier: 0.3874204890000001, wd_multiplier: 0.0
I20260709 03:40:50 39 dinov3 param_groups.py:168] blocks.15.mlp.fc2.weight: lr_multiplier: 0.3874204890000001, wd_multiplier: 1.0
I20260709 03:40:50 39 dinov3 param_groups.py:168] blocks.15.mlp.fc2.bias: lr_multiplier: 0.3874204890000001, wd_multiplier: 0.0
I20260709 03:40:50 39 dinov3 param_groups.py:168] blocks.15.ls2.gamma: lr_multiplier: 0.3874204890000001, wd_multiplier: 0.0
I20260709 03:40:50 39 dinov3 param_groups.py:168] blocks.16.norm1.weight: lr_multiplier: 0.4304672100000001, wd_multiplier: 0.0
I20260709 03:40:50 39 dinov3 param_groups.py:168] blocks.16.norm1.bias: lr_multiplier: 0.4304672100000001, wd_multiplier: 0.0
I20260709 03:40:50 39 dinov3 param_groups.py:168] blocks.16.attn.qkv.weight: lr_multiplier: 0.4304672100000001, wd_multiplier: 1.0
I20260709 03:40:50 39 dinov3 param_groups.py:168] blocks.16.attn.qkv.bias: lr_multiplier: 0.4304672100000001, wd_multiplier: 0.0
I20260709 03:40:50 39 dinov3 param_groups.py:168] blocks.16.attn.proj.weight: lr_multiplier: 0.4304672100000001, wd_multiplier: 1.0
I20260709 03:40:50 39 dinov3 param_groups.py:168] blocks.16.attn.proj.bias: lr_multiplier: 0.4304672100000001, wd_multiplier: 0.0
I20260709 03:40:50 39 dinov3 param_groups.py:168] blocks.16.ls1.gamma: lr_multiplier: 0.4304672100000001, wd_multiplier: 0.0
I20260709 03:40:50 39 dinov3 param_groups.py:168] blocks.16.norm2.weight: lr_multiplier: 0.4304672100000001, wd_multiplier: 0.0
I20260709 03:40:50 39 dinov3 param_groups.py:168] blocks.16.norm2.bias: lr_multiplier: 0.4304672100000001, wd_multiplier: 0.0
I20260709 03:40:50 39 dinov3 param_groups.py:168] blocks.16.mlp.fc1.weight: lr_multiplier: 0.4304672100000001, wd_multiplier: 1.0
I20260709 03:40:50 39 dinov3 param_groups.py:168] blocks.16.mlp.fc1.bias: lr_multiplier: 0.4304672100000001, wd_multiplier: 0.0
I20260709 03:40:50 39 dinov3 param_groups.py:168] blocks.16.mlp.fc2.weight: lr_multiplier: 0.4304672100000001, wd_multiplier: 1.0
I20260709 03:40:50 39 dinov3 param_groups.py:168] blocks.16.mlp.fc2.bias: lr_multiplier: 0.4304672100000001, wd_multiplier: 0.0
I20260709 03:40:50 39 dinov3 param_groups.py:168] blocks.16.ls2.gamma: lr_multiplier: 0.4304672100000001, wd_multiplier: 0.0
I20260709 03:40:50 39 dinov3 param_groups.py:168] blocks.17.norm1.weight: lr_multiplier: 0.4782969000000001, wd_multiplier: 0.0
I20260709 03:40:50 39 dinov3 param_groups.py:168] blocks.17.norm1.bias: lr_multiplier: 0.4782969000000001, wd_multiplier: 0.0
I20260709 03:40:50 39 dinov3 param_groups.py:168] blocks.17.attn.qkv.weight: lr_multiplier: 0.4782969000000001, wd_multiplier: 1.0
I20260709 03:40:50 39 dinov3 param_groups.py:168] blocks.17.attn.qkv.bias: lr_multiplier: 0.4782969000000001, wd_multiplier: 0.0
I20260709 03:40:50 39 dinov3 param_groups.py:168] blocks.17.attn.proj.weight: lr_multiplier: 0.4782969000000001, wd_multiplier: 1.0
I20260709 03:40:50 39 dinov3 param_groups.py:168] blocks.17.attn.proj.bias: lr_multiplier: 0.4782969000000001, wd_multiplier: 0.0
I20260709 03:40:50 39 dinov3 param_groups.py:168] blocks.17.ls1.gamma: lr_multiplier: 0.4782969000000001, wd_multiplier: 0.0
I20260709 03:40:50 39 dinov3 param_groups.py:168] blocks.17.norm2.weight: lr_multiplier: 0.4782969000000001, wd_multiplier: 0.0
I20260709 03:40:50 39 dinov3 param_groups.py:168] blocks.17.norm2.bias: lr_multiplier: 0.4782969000000001, wd_multiplier: 0.0
I20260709 03:40:50 39 dinov3 param_groups.py:168] blocks.17.mlp.fc1.weight: lr_multiplier: 0.4782969000000001, wd_multiplier: 1.0
I20260709 03:40:50 39 dinov3 param_groups.py:168] blocks.17.mlp.fc1.bias: lr_multiplier: 0.4782969000000001, wd_multiplier: 0.0
I20260709 03:40:50 39 dinov3 param_groups.py:168] blocks.17.mlp.fc2.weight: lr_multiplier: 0.4782969000000001, wd_multiplier: 1.0
I20260709 03:40:50 39 dinov3 param_groups.py:168] blocks.17.mlp.fc2.bias: lr_multiplier: 0.4782969000000001, wd_multiplier: 0.0
I20260709 03:40:50 39 dinov3 param_groups.py:168] blocks.17.ls2.gamma: lr_multiplier: 0.4782969000000001, wd_multiplier: 0.0
I20260709 03:40:50 39 dinov3 param_groups.py:168] blocks.18.norm1.weight: lr_multiplier: 0.531441, wd_multiplier: 0.0
I20260709 03:40:50 39 dinov3 param_groups.py:168] blocks.18.norm1.bias: lr_multiplier: 0.531441, wd_multiplier: 0.0
I20260709 03:40:50 39 dinov3 param_groups.py:168] blocks.18.attn.qkv.weight: lr_multiplier: 0.531441, wd_multiplier: 1.0
I20260709 03:40:50 39 dinov3 param_groups.py:168] blocks.18.attn.qkv.bias: lr_multiplier: 0.531441, wd_multiplier: 0.0
I20260709 03:40:50 39 dinov3 param_groups.py:168] blocks.18.attn.proj.weight: lr_multiplier: 0.531441, wd_multiplier: 1.0
I20260709 03:40:50 39 dinov3 param_groups.py:168] blocks.18.attn.proj.bias: lr_multiplier: 0.531441, wd_multiplier: 0.0
I20260709 03:40:50 39 dinov3 param_groups.py:168] blocks.18.ls1.gamma: lr_multiplier: 0.531441, wd_multiplier: 0.0
I20260709 03:40:50 39 dinov3 param_groups.py:168] blocks.18.norm2.weight: lr_multiplier: 0.531441, wd_multiplier: 0.0
I20260709 03:40:50 39 dinov3 param_groups.py:168] blocks.18.norm2.bias: lr_multiplier: 0.531441, wd_multiplier: 0.0
I20260709 03:40:50 39 dinov3 param_groups.py:168] blocks.18.mlp.fc1.weight: lr_multiplier: 0.531441, wd_multiplier: 1.0
I20260709 03:40:50 39 dinov3 param_groups.py:168] blocks.18.mlp.fc1.bias: lr_multiplier: 0.531441, wd_multiplier: 0.0
I20260709 03:40:50 39 dinov3 param_groups.py:168] blocks.18.mlp.fc2.weight: lr_multiplier: 0.531441, wd_multiplier: 1.0
I20260709 03:40:50 39 dinov3 param_groups.py:168] blocks.18.mlp.fc2.bias: lr_multiplier: 0.531441, wd_multiplier: 0.0
I20260709 03:40:50 39 dinov3 param_groups.py:168] blocks.18.ls2.gamma: lr_multiplier: 0.531441, wd_multiplier: 0.0
I20260709 03:40:50 39 dinov3 param_groups.py:168] blocks.19.norm1.weight: lr_multiplier: 0.5904900000000001, wd_multiplier: 0.0
I20260709 03:40:50 39 dinov3 param_groups.py:168] blocks.19.norm1.bias: lr_multiplier: 0.5904900000000001, wd_multiplier: 0.0
I20260709 03:40:50 39 dinov3 param_groups.py:168] blocks.19.attn.qkv.weight: lr_multiplier: 0.5904900000000001, wd_multiplier: 1.0
I20260709 03:40:50 39 dinov3 param_groups.py:168] blocks.19.attn.qkv.bias: lr_multiplier: 0.5904900000000001, wd_multiplier: 0.0
I20260709 03:40:50 39 dinov3 param_groups.py:168] blocks.19.attn.proj.weight: lr_multiplier: 0.5904900000000001, wd_multiplier: 1.0
I20260709 03:40:50 39 dinov3 param_groups.py:168] blocks.19.attn.proj.bias: lr_multiplier: 0.5904900000000001, wd_multiplier: 0.0
I20260709 03:40:50 39 dinov3 param_groups.py:168] blocks.19.ls1.gamma: lr_multiplier: 0.5904900000000001, wd_multiplier: 0.0
I20260709 03:40:50 39 dinov3 param_groups.py:168] blocks.19.norm2.weight: lr_multiplier: 0.5904900000000001, wd_multiplier: 0.0
I20260709 03:40:50 39 dinov3 param_groups.py:168] blocks.19.norm2.bias: lr_multiplier: 0.5904900000000001, wd_multiplier: 0.0
I20260709 03:40:50 39 dinov3 param_groups.py:168] blocks.19.mlp.fc1.weight: lr_multiplier: 0.5904900000000001, wd_multiplier: 1.0
I20260709 03:40:50 39 dinov3 param_groups.py:168] blocks.19.mlp.fc1.bias: lr_multiplier: 0.5904900000000001, wd_multiplier: 0.0
I20260709 03:40:50 39 dinov3 param_groups.py:168] blocks.19.mlp.fc2.weight: lr_multiplier: 0.5904900000000001, wd_multiplier: 1.0
I20260709 03:40:50 39 dinov3 param_groups.py:168] blocks.19.mlp.fc2.bias: lr_multiplier: 0.5904900000000001, wd_multiplier: 0.0
I20260709 03:40:50 39 dinov3 param_groups.py:168] blocks.19.ls2.gamma: lr_multiplier: 0.5904900000000001, wd_multiplier: 0.0
I20260709 03:40:50 39 dinov3 param_groups.py:168] blocks.20.norm1.weight: lr_multiplier: 0.6561, wd_multiplier: 0.0
I20260709 03:40:50 39 dinov3 param_groups.py:168] blocks.20.norm1.bias: lr_multiplier: 0.6561, wd_multiplier: 0.0
I20260709 03:40:50 39 dinov3 param_groups.py:168] blocks.20.attn.qkv.weight: lr_multiplier: 0.6561, wd_multiplier: 1.0
I20260709 03:40:50 39 dinov3 param_groups.py:168] blocks.20.attn.qkv.bias: lr_multiplier: 0.6561, wd_multiplier: 0.0
I20260709 03:40:50 39 dinov3 param_groups.py:168] blocks.20.attn.proj.weight: lr_multiplier: 0.6561, wd_multiplier: 1.0
I20260709 03:40:50 39 dinov3 param_groups.py:168] blocks.20.attn.proj.bias: lr_multiplier: 0.6561, wd_multiplier: 0.0
I20260709 03:40:50 39 dinov3 param_groups.py:168] blocks.20.ls1.gamma: lr_multiplier: 0.6561, wd_multiplier: 0.0
I20260709 03:40:50 39 dinov3 param_groups.py:168] blocks.20.norm2.weight: lr_multiplier: 0.6561, wd_multiplier: 0.0
I20260709 03:40:50 39 dinov3 param_groups.py:168] blocks.20.norm2.bias: lr_multiplier: 0.6561, wd_multiplier: 0.0
I20260709 03:40:50 39 dinov3 param_groups.py:168] blocks.20.mlp.fc1.weight: lr_multiplier: 0.6561, wd_multiplier: 1.0
I20260709 03:40:50 39 dinov3 param_groups.py:168] blocks.20.mlp.fc1.bias: lr_multiplier: 0.6561, wd_multiplier: 0.0
I20260709 03:40:50 39 dinov3 param_groups.py:168] blocks.20.mlp.fc2.weight: lr_multiplier: 0.6561, wd_multiplier: 1.0
I20260709 03:40:50 39 dinov3 param_groups.py:168] blocks.20.mlp.fc2.bias: lr_multiplier: 0.6561, wd_multiplier: 0.0
I20260709 03:40:50 39 dinov3 param_groups.py:168] blocks.20.ls2.gamma: lr_multiplier: 0.6561, wd_multiplier: 0.0
I20260709 03:40:50 39 dinov3 param_groups.py:168] blocks.21.norm1.weight: lr_multiplier: 0.7290000000000001, wd_multiplier: 0.0
I20260709 03:40:50 39 dinov3 param_groups.py:168] blocks.21.norm1.bias: lr_multiplier: 0.7290000000000001, wd_multiplier: 0.0
I20260709 03:40:50 39 dinov3 param_groups.py:168] blocks.21.attn.qkv.weight: lr_multiplier: 0.7290000000000001, wd_multiplier: 1.0
I20260709 03:40:50 39 dinov3 param_groups.py:168] blocks.21.attn.qkv.bias: lr_multiplier: 0.7290000000000001, wd_multiplier: 0.0
I20260709 03:40:50 39 dinov3 param_groups.py:168] blocks.21.attn.proj.weight: lr_multiplier: 0.7290000000000001, wd_multiplier: 1.0
I20260709 03:40:50 39 dinov3 param_groups.py:168] blocks.21.attn.proj.bias: lr_multiplier: 0.7290000000000001, wd_multiplier: 0.0
I20260709 03:40:50 39 dinov3 param_groups.py:168] blocks.21.ls1.gamma: lr_multiplier: 0.7290000000000001, wd_multiplier: 0.0
I20260709 03:40:50 39 dinov3 param_groups.py:168] blocks.21.norm2.weight: lr_multiplier: 0.7290000000000001, wd_multiplier: 0.0
I20260709 03:40:50 39 dinov3 param_groups.py:168] blocks.21.norm2.bias: lr_multiplier: 0.7290000000000001, wd_multiplier: 0.0
I20260709 03:40:50 39 dinov3 param_groups.py:168] blocks.21.mlp.fc1.weight: lr_multiplier: 0.7290000000000001, wd_multiplier: 1.0
I20260709 03:40:50 39 dinov3 param_groups.py:168] blocks.21.mlp.fc1.bias: lr_multiplier: 0.7290000000000001, wd_multiplier: 0.0
I20260709 03:40:50 39 dinov3 param_groups.py:168] blocks.21.mlp.fc2.weight: lr_multiplier: 0.7290000000000001, wd_multiplier: 1.0
I20260709 03:40:50 39 dinov3 param_groups.py:168] blocks.21.mlp.fc2.bias: lr_multiplier: 0.7290000000000001, wd_multiplier: 0.0
I20260709 03:40:50 39 dinov3 param_groups.py:168] blocks.21.ls2.gamma: lr_multiplier: 0.7290000000000001, wd_multiplier: 0.0
I20260709 03:40:50 39 dinov3 param_groups.py:168] blocks.22.norm1.weight: lr_multiplier: 0.81, wd_multiplier: 0.0
I20260709 03:40:50 39 dinov3 param_groups.py:168] blocks.22.norm1.bias: lr_multiplier: 0.81, wd_multiplier: 0.0
I20260709 03:40:50 39 dinov3 param_groups.py:168] blocks.22.attn.qkv.weight: lr_multiplier: 0.81, wd_multiplier: 1.0
I20260709 03:40:50 39 dinov3 param_groups.py:168] blocks.22.attn.qkv.bias: lr_multiplier: 0.81, wd_multiplier: 0.0
I20260709 03:40:50 39 dinov3 param_groups.py:168] blocks.22.attn.proj.weight: lr_multiplier: 0.81, wd_multiplier: 1.0
I20260709 03:40:50 39 dinov3 param_groups.py:168] blocks.22.attn.proj.bias: lr_multiplier: 0.81, wd_multiplier: 0.0
I20260709 03:40:50 39 dinov3 param_groups.py:168] blocks.22.ls1.gamma: lr_multiplier: 0.81, wd_multiplier: 0.0
I20260709 03:40:50 39 dinov3 param_groups.py:168] blocks.22.norm2.weight: lr_multiplier: 0.81, wd_multiplier: 0.0
I20260709 03:40:50 39 dinov3 param_groups.py:168] blocks.22.norm2.bias: lr_multiplier: 0.81, wd_multiplier: 0.0
I20260709 03:40:50 39 dinov3 param_groups.py:168] blocks.22.mlp.fc1.weight: lr_multiplier: 0.81, wd_multiplier: 1.0
I20260709 03:40:50 39 dinov3 param_groups.py:168] blocks.22.mlp.fc1.bias: lr_multiplier: 0.81, wd_multiplier: 0.0
I20260709 03:40:50 39 dinov3 param_groups.py:168] blocks.22.mlp.fc2.weight: lr_multiplier: 0.81, wd_multiplier: 1.0
I20260709 03:40:50 39 dinov3 param_groups.py:168] blocks.22.mlp.fc2.bias: lr_multiplier: 0.81, wd_multiplier: 0.0
I20260709 03:40:50 39 dinov3 param_groups.py:168] blocks.22.ls2.gamma: lr_multiplier: 0.81, wd_multiplier: 0.0
I20260709 03:40:50 39 dinov3 param_groups.py:168] blocks.23.norm1.weight: lr_multiplier: 0.9, wd_multiplier: 0.0
I20260709 03:40:50 39 dinov3 param_groups.py:168] blocks.23.norm1.bias: lr_multiplier: 0.9, wd_multiplier: 0.0
I20260709 03:40:50 39 dinov3 param_groups.py:168] blocks.23.attn.qkv.weight: lr_multiplier: 0.9, wd_multiplier: 1.0
I20260709 03:40:50 39 dinov3 param_groups.py:168] blocks.23.attn.qkv.bias: lr_multiplier: 0.9, wd_multiplier: 0.0
I20260709 03:40:50 39 dinov3 param_groups.py:168] blocks.23.attn.proj.weight: lr_multiplier: 0.9, wd_multiplier: 1.0
I20260709 03:40:50 39 dinov3 param_groups.py:168] blocks.23.attn.proj.bias: lr_multiplier: 0.9, wd_multiplier: 0.0
I20260709 03:40:50 39 dinov3 param_groups.py:168] blocks.23.ls1.gamma: lr_multiplier: 0.9, wd_multiplier: 0.0
I20260709 03:40:50 39 dinov3 param_groups.py:168] blocks.23.norm2.weight: lr_multiplier: 0.9, wd_multiplier: 0.0
I20260709 03:40:50 39 dinov3 param_groups.py:168] blocks.23.norm2.bias: lr_multiplier: 0.9, wd_multiplier: 0.0
I20260709 03:40:50 39 dinov3 param_groups.py:168] blocks.23.mlp.fc1.weight: lr_multiplier: 0.9, wd_multiplier: 1.0
I20260709 03:40:50 39 dinov3 param_groups.py:168] blocks.23.mlp.fc1.bias: lr_multiplier: 0.9, wd_multiplier: 0.0
I20260709 03:40:50 39 dinov3 param_groups.py:168] blocks.23.mlp.fc2.weight: lr_multiplier: 0.9, wd_multiplier: 1.0
I20260709 03:40:50 39 dinov3 param_groups.py:168] blocks.23.mlp.fc2.bias: lr_multiplier: 0.9, wd_multiplier: 0.0
I20260709 03:40:50 39 dinov3 param_groups.py:168] blocks.23.ls2.gamma: lr_multiplier: 0.9, wd_multiplier: 0.0
I20260709 03:40:50 39 dinov3 param_groups.py:168] norm.weight: lr_multiplier: 1.0, wd_multiplier: 0.0
I20260709 03:40:50 39 dinov3 param_groups.py:168] norm.bias: lr_multiplier: 1.0, wd_multiplier: 0.0
I20260709 03:40:50 39 dinov3 ssl_meta_arch.py:772] fusing param groups
I20260709 03:40:50 39 dinov3 ssl_meta_arch.py:784] Getting paramer groups for dino_head
I20260709 03:40:50 39 dinov3 param_groups.py:168] mlp.0.weight: lr_multiplier: 1.0, wd_multiplier: 1.0
I20260709 03:40:50 39 dinov3 param_groups.py:168] mlp.0.bias: lr_multiplier: 1.0, wd_multiplier: 0.0
I20260709 03:40:50 39 dinov3 param_groups.py:168] mlp.2.weight: lr_multiplier: 1.0, wd_multiplier: 1.0
I20260709 03:40:50 39 dinov3 param_groups.py:168] mlp.2.bias: lr_multiplier: 1.0, wd_multiplier: 0.0
I20260709 03:40:50 39 dinov3 param_groups.py:168] mlp.4.weight: lr_multiplier: 1.0, wd_multiplier: 1.0
I20260709 03:40:50 39 dinov3 param_groups.py:168] mlp.4.bias: lr_multiplier: 1.0, wd_multiplier: 0.0
I20260709 03:40:50 39 dinov3 param_groups.py:168] last_layer.weight: lr_multiplier: 1.0, wd_multiplier: 1.0
I20260709 03:40:50 39 dinov3 ssl_meta_arch.py:772] fusing param groups
I20260709 03:40:50 39 dinov3 ssl_meta_arch.py:784] Getting paramer groups for ibot_head
I20260709 03:40:50 39 dinov3 param_groups.py:168] mlp.0.weight: lr_multiplier: 1.0, wd_multiplier: 1.0
I20260709 03:40:50 39 dinov3 param_groups.py:168] mlp.0.bias: lr_multiplier: 1.0, wd_multiplier: 0.0
I20260709 03:40:50 39 dinov3 param_groups.py:168] mlp.2.weight: lr_multiplier: 1.0, wd_multiplier: 1.0
I20260709 03:40:50 39 dinov3 param_groups.py:168] mlp.2.bias: lr_multiplier: 1.0, wd_multiplier: 0.0
I20260709 03:40:50 39 dinov3 param_groups.py:168] mlp.4.weight: lr_multiplier: 1.0, wd_multiplier: 1.0
I20260709 03:40:50 39 dinov3 param_groups.py:168] mlp.4.bias: lr_multiplier: 1.0, wd_multiplier: 0.0
I20260709 03:40:50 39 dinov3 param_groups.py:168] last_layer.weight: lr_multiplier: 1.0, wd_multiplier: 1.0
I20260709 03:40:50 39 dinov3 ssl_meta_arch.py:772] fusing param groups
I20260709 03:40:50 39 dinov3 train.py:145] Schedulers ready.
I20260709 03:40:50 39 dinov3 ssl_meta_arch.py:329] Loading pretrained weights from /vol/dinov3_web_vitl_teacher.pth
I20260709 03:40:50 39 dinov3 checkpointer.py:276] Loading pretrained weights from /vol/dinov3_web_vitl_teacher.pth
I20260709 03:40:51 39 dinov3 checkpointer.py:310] DAPT non-strict load OK: kept init_weights() values for 15 keys (dino/ibot heads + rope periods)
I20260709 03:40:51 39 dinov3 augmentations.py:59] ###################################
I20260709 03:40:51 39 dinov3 augmentations.py:60] Using data augmentation parameters:
I20260709 03:40:51 39 dinov3 augmentations.py:61] global_crops_scale: [0.32, 1.0]
I20260709 03:40:51 39 dinov3 augmentations.py:62] local_crops_scale: [0.05, 0.32]
I20260709 03:40:51 39 dinov3 augmentations.py:63] local_crops_number: 8
I20260709 03:40:51 39 dinov3 augmentations.py:64] global_crops_size: 256
I20260709 03:40:51 39 dinov3 augmentations.py:65] local_crops_size: 112
I20260709 03:40:51 39 dinov3 augmentations.py:66] gram_crops_size: None
I20260709 03:40:51 39 dinov3 augmentations.py:67] gram_teacher_no_distortions: False
I20260709 03:40:51 39 dinov3 augmentations.py:68] teacher_no_color_jitter: False
I20260709 03:40:51 39 dinov3 augmentations.py:69] local_crops_subset_of_global_crops: False
I20260709 03:40:51 39 dinov3 augmentations.py:70] patch_size if local_crops_subset_of_global_crops: 16
I20260709 03:40:51 39 dinov3 augmentations.py:71] share_color_jitter: False
I20260709 03:40:51 39 dinov3 augmentations.py:72] horizontal flips: True
I20260709 03:40:51 39 dinov3 augmentations.py:73] ###################################
I20260709 03:40:51 39 dinov3 loaders.py:103] using dataset: "AridPool:root=/vol/pool/tiles"
I20260709 03:40:51 39 dinov3 loaders.py:108] # of dataset samples: 1,084
I20260709 03:40:51 39 dinov3 loaders.py:133] sampler: infinite
I20260709 03:40:51 39 dinov3 loaders.py:228] using PyTorch data loader
I20260709 03:40:51 39 dinov3 loaders.py:244] infinite data loader
I20260709 03:40:51 39 dinov3 train.py:431] Starting training from iteration 0
I20260709 03:41:34 39 dinov3 helpers.py:105] Training  [   0/1000]  eta: 11:51:24  lr: 0.0000 (0.0000)  wd: 0.0400 (0.0400)  mom: 0.9940 (0.9940)  last_layer_lr: 0.0000 (0.0000)  total_loss: 16.6521 (16.6521)  local_batch_size: 32.0000 (32.0000)  global_batch_size: 32.0000 (32.0000)  dino_local_crops_loss: 11.1056 (11.1056)  dino_local_loss_weight: 1.0000 (1.0000)  dino_global_crops_loss: 11.1066 (11.1066)  koleo_loss: -0.0376 (-0.0376)  ibot_loss: 5.5539 (5.5539)  backbone_grad_norm: 2.8191 (2.8191)  dino_head_grad_norm: 0.0261 (0.0261)  ibot_head_grad_norm: 0.0224 (0.0224)  time: 42.684174  data: 2.571307  mem: 6706  (max mem: 33078)
I20260709 03:41:40 39 dinov3 helpers.py:105] Training  [  10/1000]  eta: 1:12:53  lr: 0.0000 (0.0000)  wd: 0.0400 (0.0400)  mom: 0.9940 (0.9940)  last_layer_lr: 0.0000 (0.0000)  total_loss: 16.6580 (16.6575)  local_batch_size: 32.0000 (32.0000)  global_batch_size: 32.0000 (32.0000)  dino_local_crops_loss: 11.1046 (11.1046)  dino_local_loss_weight: 1.0000 (1.0000)  dino_global_crops_loss: 11.1064 (11.1060)  koleo_loss: -0.0005 (-0.0035)  ibot_loss: 5.5535 (5.5535)  backbone_grad_norm: 2.1508 (2.6224)  dino_head_grad_norm: 0.0295 (0.0294)  ibot_head_grad_norm: 0.0239 (0.0241)  time: 4.417829  data: 0.234416  mem: 6706  (max mem: 35751)
I20260709 03:41:46 39 dinov3 helpers.py:105] Training  [  20/1000]  eta: 0:42:23  lr: 0.0000 (0.0000)  wd: 0.0400 (0.0400)  mom: 0.9940 (0.9940)  last_layer_lr: 0.0000 (0.0000)  total_loss: 16.6571 (16.6568)  local_batch_size: 32.0000 (32.0000)  global_batch_size: 32.0000 (32.0000)  dino_local_crops_loss: 11.1044 (11.1044)  dino_local_loss_weight: 1.0000 (1.0000)  dino_global_crops_loss: 11.1059 (11.1055)  koleo_loss: -0.0049 (-0.0057)  ibot_loss: 5.5535 (5.5535)  backbone_grad_norm: 1.7569 (2.1770)  dino_head_grad_norm: 0.0295 (0.0300)  ibot_head_grad_norm: 0.0238 (0.0242)  time: 0.590842  data: 0.000704  mem: 6706  (max mem: 35751)
I20260709 03:41:52 39 dinov3 helpers.py:105] Training  [  30/1000]  eta: 0:31:30  lr: 0.0000 (0.0000)  wd: 0.0400 (0.0400)  mom: 0.9940 (0.9940)  last_layer_lr: 0.0000 (0.0000)  total_loss: 16.6552 (16.6560)  local_batch_size: 32.0000 (32.0000)  global_batch_size: 32.0000 (32.0000)  dino_local_crops_loss: 11.1035 (11.1039)  dino_local_loss_weight: 1.0000 (1.0000)  dino_global_crops_loss: 11.1049 (11.1052)  koleo_loss: -0.0116 (-0.0081)  ibot_loss: 5.5535 (5.5535)  backbone_grad_norm: 1.7599 (2.3001)  dino_head_grad_norm: 0.0306 (0.0301)  ibot_head_grad_norm: 0.0242 (0.0244)  time: 0.590909  data: 0.000685  mem: 6706  (max mem: 35751)
I20260709 03:41:58 39 dinov3 helpers.py:105] Training  [  40/1000]  eta: 0:25:53  lr: 0.0000 (0.0000)  wd: 0.0400 (0.0400)  mom: 0.9940 (0.9940)  last_layer_lr: 0.0000 (0.0000)  total_loss: 16.6478 (16.6533)  local_batch_size: 32.0000 (32.0000)  global_batch_size: 32.0000 (32.0000)  dino_local_crops_loss: 11.1013 (11.1030)  dino_local_loss_weight: 1.0000 (1.0000)  dino_global_crops_loss: 11.1040 (11.1049)  koleo_loss: -0.0277 (-0.0170)  ibot_loss: 5.5534 (5.5534)  backbone_grad_norm: 1.7599 (2.2218)  dino_head_grad_norm: 0.0306 (0.0304)  ibot_head_grad_norm: 0.0243 (0.0243)  time: 0.592085  data: 0.000713  mem: 6706  (max mem: 35751)
I20260709 03:42:04 39 dinov3 helpers.py:105] Training  [  50/1000]  eta: 0:22:26  lr: 0.0000 (0.0000)  wd: 0.0400 (0.0400)  mom: 0.9940 (0.9940)  last_layer_lr: 0.0000 (0.0000)  total_loss: 16.6425 (16.6508)  local_batch_size: 32.0000 (32.0000)  global_batch_size: 32.0000 (32.0000)  dino_local_crops_loss: 11.1000 (11.1024)  dino_local_loss_weight: 1.0000 (1.0000)  dino_global_crops_loss: 11.1034 (11.1045)  koleo_loss: -0.0591 (-0.0263)  ibot_loss: 5.5532 (5.5534)  backbone_grad_norm: 1.5906 (2.0921)  dino_head_grad_norm: 0.0286 (0.0298)  ibot_head_grad_norm: 0.0245 (0.0246)  time: 0.592536  data: 0.000701  mem: 6706  (max mem: 35751)
I20260709 03:42:10 39 dinov3 helpers.py:105] Training  [  60/1000]  eta: 0:20:04  lr: 0.0000 (0.0000)  wd: 0.0400 (0.0400)  mom: 0.9940 (0.9940)  last_layer_lr: 0.0000 (0.0000)  total_loss: 16.6373 (16.6481)  local_batch_size: 32.0000 (32.0000)  global_batch_size: 32.0000 (32.0000)  dino_local_crops_loss: 11.0986 (11.1016)  dino_local_loss_weight: 1.0000 (1.0000)  dino_global_crops_loss: 11.1022 (11.1039)  koleo_loss: -0.0762 (-0.0358)  ibot_loss: 5.5531 (5.5533)  backbone_grad_norm: 1.6569 (2.0869)  dino_head_grad_norm: 0.0262 (0.0293)  ibot_head_grad_norm: 0.0256 (0.0248)  time: 0.592513  data: 0.000680  mem: 6706  (max mem: 35751)
I20260709 03:42:16 39 dinov3 helpers.py:105] Training  [  70/1000]  eta: 0:18:21  lr: 0.0000 (0.0000)  wd: 0.0400 (0.0400)  mom: 0.9941 (0.9940)  last_layer_lr: 0.0000 (0.0000)  total_loss: 16.6302 (16.6449)  local_batch_size: 32.0000 (32.0000)  global_batch_size: 32.0000 (32.0000)  dino_local_crops_loss: 11.0967 (11.1008)  dino_local_loss_weight: 1.0000 (1.0000)  dino_global_crops_loss: 11.1008 (11.1034)  koleo_loss: -0.1016 (-0.0471)  ibot_loss: 5.5528 (5.5532)  backbone_grad_norm: 1.6379 (2.0358)  dino_head_grad_norm: 0.0255 (0.0287)  ibot_head_grad_norm: 0.0263 (0.0250)  time: 0.592388  data: 0.000686  mem: 6706  (max mem: 35751)
I20260709 03:42:22 39 dinov3 helpers.py:105] Training  [  80/1000]  eta: 0:17:02  lr: 0.0000 (0.0000)  wd: 0.0400 (0.0400)  mom: 0.9941 (0.9940)  last_layer_lr: 0.0000 (0.0000)  total_loss: 16.6220 (16.6418)  local_batch_size: 32.0000 (32.0000)  global_batch_size: 32.0000 (32.0000)  dino_local_crops_loss: 11.0940 (11.0998)  dino_local_loss_weight: 1.0000 (1.0000)  dino_global_crops_loss: 11.0996 (11.1028)  koleo_loss: -0.1279 (-0.0573)  ibot_loss: 5.5526 (5.5531)  backbone_grad_norm: 1.5734 (2.1070)  dino_head_grad_norm: 0.0246 (0.0282)  ibot_head_grad_norm: 0.0261 (0.0251)  time: 0.591824  data: 0.000687  mem: 6706  (max mem: 35751)
I20260709 03:42:28 39 dinov3 helpers.py:105] Training  [  90/1000]  eta: 0:15:59  lr: 0.0000 (0.0000)  wd: 0.0400 (0.0400)  mom: 0.9941 (0.9940)  last_layer_lr: 0.0000 (0.0000)  total_loss: 16.6166 (16.6387)  local_batch_size: 32.0000 (32.0000)  global_batch_size: 32.0000 (32.0000)  dino_local_crops_loss: 11.0916 (11.0987)  dino_local_loss_weight: 1.0000 (1.0000)  dino_global_crops_loss: 11.0972 (11.1019)  koleo_loss: -0.1406 (-0.0669)  ibot_loss: 5.5521 (5.5530)  backbone_grad_norm: 1.8833 (2.0627)  dino_head_grad_norm: 0.0251 (0.0280)  ibot_head_grad_norm: 0.0261 (0.0253)  time: 0.591694  data: 0.000687  mem: 6706  (max mem: 35751)
I20260709 03:42:33 39 dinov3 helpers.py:105] Training  [ 100/1000]  eta: 0:15:07  lr: 0.0000 (0.0000)  wd: 0.0400 (0.0400)  mom: 0.9941 (0.9940)  last_layer_lr: 0.0000 (0.0000)  total_loss: 16.6102 (16.6356)  local_batch_size: 32.0000 (32.0000)  global_batch_size: 32.0000 (32.0000)  dino_local_crops_loss: 11.0881 (11.0977)  dino_local_loss_weight: 1.0000 (1.0000)  dino_global_crops_loss: 11.0944 (11.1011)  koleo_loss: -0.1582 (-0.0766)  ibot_loss: 5.5518 (5.5529)  backbone_grad_norm: 1.5438 (2.1035)  dino_head_grad_norm: 0.0235 (0.0275)  ibot_head_grad_norm: 0.0263 (0.0254)  time: 0.592121  data: 0.000689  mem: 6706  (max mem: 35751)
I20260709 03:42:39 39 dinov3 helpers.py:105] Training  [ 110/1000]  eta: 0:14:24  lr: 0.0000 (0.0000)  wd: 0.0400 (0.0400)  mom: 0.9941 (0.9941)  last_layer_lr: 0.0000 (0.0000)  total_loss: 16.6038 (16.6325)  local_batch_size: 32.0000 (32.0000)  global_batch_size: 32.0000 (32.0000)  dino_local_crops_loss: 11.0868 (11.0965)  dino_local_loss_weight: 1.0000 (1.0000)  dino_global_crops_loss: 11.0928 (11.1002)  koleo_loss: -0.1738 (-0.0857)  ibot_loss: 5.5513 (5.5527)  backbone_grad_norm: 1.4970 (2.0705)  dino_head_grad_norm: 0.0228 (0.0270)  ibot_head_grad_norm: 0.0264 (0.0255)  time: 0.592330  data: 0.000704  mem: 6706  (max mem: 35751)
I20260709 03:42:45 39 dinov3 helpers.py:105] Training  [ 120/1000]  eta: 0:13:46  lr: 0.0000 (0.0000)  wd: 0.0400 (0.0400)  mom: 0.9942 (0.9941)  last_layer_lr: 0.0000 (0.0000)  total_loss: 16.5976 (16.6294)  local_batch_size: 32.0000 (32.0000)  global_batch_size: 32.0000 (32.0000)  dino_local_crops_loss: 11.0820 (11.0953)  dino_local_loss_weight: 1.0000 (1.0000)  dino_global_crops_loss: 11.0890 (11.0992)  koleo_loss: -0.1855 (-0.0945)  ibot_loss: 5.5509 (5.5525)  backbone_grad_norm: 1.5520 (2.0324)  dino_head_grad_norm: 0.0223 (0.0266)  ibot_head_grad_norm: 0.0267 (0.0256)  time: 0.591797  data: 0.000675  mem: 6706  (max mem: 35751)
I20260709 03:42:51 39 dinov3 helpers.py:105] Training  [ 130/1000]  eta: 0:13:14  lr: 0.0000 (0.0000)  wd: 0.0400 (0.0400)  mom: 0.9942 (0.9941)  last_layer_lr: 0.0000 (0.0000)  total_loss: 16.5930 (16.6264)  local_batch_size: 32.0000 (32.0000)  global_batch_size: 32.0000 (32.0000)  dino_local_crops_loss: 11.0806 (11.0941)  dino_local_loss_weight: 1.0000 (1.0000)  dino_global_crops_loss: 11.0871 (11.0982)  koleo_loss: -0.1943 (-0.1023)  ibot_loss: 5.5502 (5.5523)  backbone_grad_norm: 1.5290 (1.9995)  dino_head_grad_norm: 0.0219 (0.0262)  ibot_head_grad_norm: 0.0271 (0.0258)  time: 0.592475  data: 0.000659  mem: 6706  (max mem: 35751)
I20260709 03:42:57 39 dinov3 helpers.py:105] Training  [ 140/1000]  eta: 0:12:46  lr: 0.0000 (0.0000)  wd: 0.0400 (0.0400)  mom: 0.9942 (0.9941)  last_layer_lr: 0.0000 (0.0000)  total_loss: 16.5857 (16.6235)  local_batch_size: 32.0000 (32.0000)  global_batch_size: 32.0000 (32.0000)  dino_local_crops_loss: 11.0769 (11.0928)  dino_local_loss_weight: 1.0000 (1.0000)  dino_global_crops_loss: 11.0831 (11.0972)  koleo_loss: -0.1963 (-0.1094)  ibot_loss: 5.5493 (5.5521)  backbone_grad_norm: 1.5290 (1.9830)  dino_head_grad_norm: 0.0201 (0.0257)  ibot_head_grad_norm: 0.0272 (0.0259)  time: 0.594220  data: 0.000691  mem: 6706  (max mem: 35751)
I20260709 03:43:02 39 dinov3 train.py:468] Garbage collection
I20260709 03:43:04 39 dinov3 helpers.py:105] Training  [ 150/1000]  eta: 0:12:23  lr: 0.0000 (0.0000)  wd: 0.0400 (0.0400)  mom: 0.9943 (0.9941)  last_layer_lr: 0.0000 (0.0000)  total_loss: 16.5836 (16.6207)  local_batch_size: 32.0000 (32.0000)  global_batch_size: 32.0000 (32.0000)  dino_local_crops_loss: 11.0753 (11.0916)  dino_local_loss_weight: 1.0000 (1.0000)  dino_global_crops_loss: 11.0816 (11.0960)  koleo_loss: -0.2090 (-0.1164)  ibot_loss: 5.5490 (5.5519)  backbone_grad_norm: 1.7538 (1.9919)  dino_head_grad_norm: 0.0193 (0.0253)  ibot_head_grad_norm: 0.0269 (0.0260)  time: 0.622998  data: 0.000693  mem: 6706  (max mem: 35751)
I20260709 03:43:10 39 dinov3 helpers.py:105] Training  [ 160/1000]  eta: 0:12:00  lr: 0.0000 (0.0000)  wd: 0.0400 (0.0400)  mom: 0.9943 (0.9941)  last_layer_lr: 0.0000 (0.0000)  total_loss: 16.5777 (16.6179)  local_batch_size: 32.0000 (32.0000)  global_batch_size: 32.0000 (32.0000)  dino_local_crops_loss: 11.0726 (11.0905)  dino_local_loss_weight: 1.0000 (1.0000)  dino_global_crops_loss: 11.0776 (11.0948)  koleo_loss: -0.2178 (-0.1228)  ibot_loss: 5.5470 (5.5515)  backbone_grad_norm: 2.1162 (2.0101)  dino_head_grad_norm: 0.0189 (0.0249)  ibot_head_grad_norm: 0.0270 (0.0261)  time: 0.621869  data: 0.000696  mem: 6706  (max mem: 35751)
I20260709 03:43:16 39 dinov3 helpers.py:105] Training  [ 170/1000]  eta: 0:11:38  lr: 0.0000 (0.0000)  wd: 0.0400 (0.0400)  mom: 0.9944 (0.9941)  last_layer_lr: 0.0000 (0.0000)  total_loss: 16.5724 (16.6152)  local_batch_size: 32.0000 (32.0000)  global_batch_size: 32.0000 (32.0000)  dino_local_crops_loss: 11.0717 (11.0893)  dino_local_loss_weight: 1.0000 (1.0000)  dino_global_crops_loss: 11.0773 (11.0938)  koleo_loss: -0.2305 (-0.1292)  ibot_loss: 5.5463 (5.5512)  backbone_grad_norm: 2.1162 (2.0244)  dino_head_grad_norm: 0.0182 (0.0245)  ibot_head_grad_norm: 0.0270 (0.0261)  time: 0.592611  data: 0.000705  mem: 6706  (max mem: 35751)
I20260709 03:43:21 39 dinov3 helpers.py:105] Training  [ 180/1000]  eta: 0:11:19  lr: 0.0000 (0.0000)  wd: 0.0400 (0.0400)  mom: 0.9944 (0.9942)  last_layer_lr: 0.0000 (0.0000)  total_loss: 16.5695 (16.6125)  local_batch_size: 32.0000 (32.0000)  global_batch_size: 32.0000 (32.0000)  dino_local_crops_loss: 11.0688 (11.0881)  dino_local_loss_weight: 1.0000 (1.0000)  dino_global_crops_loss: 11.0737 (11.0926)  koleo_loss: -0.2295 (-0.1347)  ibot_loss: 5.5457 (5.5509)  backbone_grad_norm: 2.0362 (2.0471)  dino_head_grad_norm: 0.0176 (0.0241)  ibot_head_grad_norm: 0.0262 (0.0261)  time: 0.592832  data: 0.000684  mem: 6706  (max mem: 35751)
I20260709 03:43:27 39 dinov3 helpers.py:105] Training  [ 190/1000]  eta: 0:11:00  lr: 0.0000 (0.0000)  wd: 0.0400 (0.0400)  mom: 0.9945 (0.9942)  last_layer_lr: 0.0000 (0.0000)  total_loss: 16.5666 (16.6102)  local_batch_size: 32.0000 (32.0000)  global_batch_size: 32.0000 (32.0000)  dino_local_crops_loss: 11.0668 (11.0870)  dino_local_loss_weight: 1.0000 (1.0000)  dino_global_crops_loss: 11.0727 (11.0915)  koleo_loss: -0.2285 (-0.1396)  ibot_loss: 5.5448 (5.5505)  backbone_grad_norm: 1.7601 (2.0453)  dino_head_grad_norm: 0.0174 (0.0237)  ibot_head_grad_norm: 0.0246 (0.0260)  time: 0.593109  data: 0.000677  mem: 6706  (max mem: 35751)
I20260709 03:43:33 39 dinov3 helpers.py:105] Training  [ 200/1000]  eta: 0:10:43  lr: 0.0000 (0.0000)  wd: 0.0400 (0.0400)  mom: 0.9945 (0.9942)  last_layer_lr: 0.0000 (0.0000)  total_loss: 16.5655 (16.6078)  local_batch_size: 32.0000 (32.0000)  global_batch_size: 32.0000 (32.0000)  dino_local_crops_loss: 11.0669 (11.0860)  dino_local_loss_weight: 1.0000 (1.0000)  dino_global_crops_loss: 11.0706 (11.0905)  koleo_loss: -0.2344 (-0.1444)  ibot_loss: 5.5439 (5.5502)  backbone_grad_norm: 1.8794 (2.0414)  dino_head_grad_norm: 0.0162 (0.0233)  ibot_head_grad_norm: 0.0220 (0.0258)  time: 0.592615  data: 0.000701  mem: 6706  (max mem: 35751)
I20260709 03:43:39 39 dinov3 helpers.py:105] Training  [ 210/1000]  eta: 0:10:27  lr: 0.0000 (0.0000)  wd: 0.0400 (0.0400)  mom: 0.9946 (0.9942)  last_layer_lr: 0.0000 (0.0000)  total_loss: 16.5631 (16.6056)  local_batch_size: 32.0000 (32.0000)  global_batch_size: 32.0000 (32.0000)  dino_local_crops_loss: 11.0669 (11.0851)  dino_local_loss_weight: 1.0000 (1.0000)  dino_global_crops_loss: 11.0693 (11.0895)  koleo_loss: -0.2422 (-0.1490)  ibot_loss: 5.5431 (5.5498)  backbone_grad_norm: 1.8794 (2.0456)  dino_head_grad_norm: 0.0159 (0.0230)  ibot_head_grad_norm: 0.0218 (0.0256)  time: 0.592042  data: 0.000687  mem: 6706  (max mem: 35751)
I20260709 03:43:45 39 dinov3 helpers.py:105] Training  [ 220/1000]  eta: 0:10:12  lr: 0.0000 (0.0000)  wd: 0.0400 (0.0400)  mom: 0.9946 (0.9942)  last_layer_lr: 0.0000 (0.0000)  total_loss: 16.5610 (16.6036)  local_batch_size: 32.0000 (32.0000)  global_batch_size: 32.0000 (32.0000)  dino_local_crops_loss: 11.0659 (11.0843)  dino_local_loss_weight: 1.0000 (1.0000)  dino_global_crops_loss: 11.0695 (11.0886)  koleo_loss: -0.2422 (-0.1533)  ibot_loss: 5.5416 (5.5494)  backbone_grad_norm: 2.1419 (2.0616)  dino_head_grad_norm: 0.0155 (0.0226)  ibot_head_grad_norm: 0.0206 (0.0253)  time: 0.591756  data: 0.000666  mem: 6706  (max mem: 35751)
I20260709 03:43:51 39 dinov3 helpers.py:105] Training  [ 230/1000]  eta: 0:09:58  lr: 0.0000 (0.0000)  wd: 0.0400 (0.0400)  mom: 0.9947 (0.9943)  last_layer_lr: 0.0000 (0.0000)  total_loss: 16.5540 (16.6013)  local_batch_size: 32.0000 (32.0000)  global_batch_size: 32.0000 (32.0000)  dino_local_crops_loss: 11.0642 (11.0833)  dino_local_loss_weight: 1.0000 (1.0000)  dino_global_crops_loss: 11.0657 (11.0875)  koleo_loss: -0.2432 (-0.1570)  ibot_loss: 5.5391 (5.5489)  backbone_grad_norm: 1.7381 (2.0380)  dino_head_grad_norm: 0.0147 (0.0223)  ibot_head_grad_norm: 0.0179 (0.0250)  time: 0.591479  data: 0.000650  mem: 6706  (max mem: 35751)
I20260709 03:43:57 39 dinov3 helpers.py:105] Training  [ 240/1000]  eta: 0:09:44  lr: 0.0000 (0.0000)  wd: 0.0400 (0.0400)  mom: 0.9947 (0.9943)  last_layer_lr: 0.0000 (0.0000)  total_loss: 16.5538 (16.5994)  local_batch_size: 32.0000 (32.0000)  global_batch_size: 32.0000 (32.0000)  dino_local_crops_loss: 11.0633 (11.0825)  dino_local_loss_weight: 1.0000 (1.0000)  dino_global_crops_loss: 11.0661 (11.0867)  koleo_loss: -0.2461 (-0.1607)  ibot_loss: 5.5388 (5.5486)  backbone_grad_norm: 1.7426 (2.0394)  dino_head_grad_norm: 0.0148 (0.0220)  ibot_head_grad_norm: 0.0178 (0.0247)  time: 0.591622  data: 0.000645  mem: 6706  (max mem: 35751)
I20260709 03:44:03 39 dinov3 helpers.py:105] Training  [ 250/1000]  eta: 0:09:31  lr: 0.0000 (0.0000)  wd: 0.0400 (0.0400)  mom: 0.9948 (0.9943)  last_layer_lr: 0.0000 (0.0000)  total_loss: 16.5532 (16.5974)  local_batch_size: 32.0000 (32.0000)  global_batch_size: 32.0000 (32.0000)  dino_local_crops_loss: 11.0637 (11.0817)  dino_local_loss_weight: 1.0000 (1.0000)  dino_global_crops_loss: 11.0663 (11.0858)  koleo_loss: -0.2539 (-0.1644)  ibot_loss: 5.5384 (5.5481)  backbone_grad_norm: 1.9996 (2.0410)  dino_head_grad_norm: 0.0149 (0.0217)  ibot_head_grad_norm: 0.0188 (0.0245)  time: 0.592271  data: 0.000696  mem: 6706  (max mem: 35751)
I20260709 03:44:09 39 dinov3 helpers.py:105] Training  [ 260/1000]  eta: 0:09:19  lr: 0.0000 (0.0000)  wd: 0.0400 (0.0400)  mom: 0.9949 (0.9943)  last_layer_lr: 0.0000 (0.0000)  total_loss: 16.5478 (16.5955)  local_batch_size: 32.0000 (32.0000)  global_batch_size: 32.0000 (32.0000)  dino_local_crops_loss: 11.0617 (11.0809)  dino_local_loss_weight: 1.0000 (1.0000)  dino_global_crops_loss: 11.0633 (11.0850)  koleo_loss: -0.2559 (-0.1680)  ibot_loss: 5.5367 (5.5477)  backbone_grad_norm: 1.9996 (2.0347)  dino_head_grad_norm: 0.0137 (0.0214)  ibot_head_grad_norm: 0.0182 (0.0242)  time: 0.592830  data: 0.000702  mem: 6706  (max mem: 35751)
I20260709 03:44:15 39 dinov3 helpers.py:105] Training  [ 270/1000]  eta: 0:09:07  lr: 0.0000 (0.0000)  wd: 0.0400 (0.0400)  mom: 0.9949 (0.9943)  last_layer_lr: 0.0000 (0.0000)  total_loss: 16.5480 (16.5937)  local_batch_size: 32.0000 (32.0000)  global_batch_size: 32.0000 (32.0000)  dino_local_crops_loss: 11.0612 (11.0802)  dino_local_loss_weight: 1.0000 (1.0000)  dino_global_crops_loss: 11.0631 (11.0842)  koleo_loss: -0.2578 (-0.1712)  ibot_loss: 5.5367 (5.5473)  backbone_grad_norm: 1.6178 (2.0161)  dino_head_grad_norm: 0.0134 (0.0211)  ibot_head_grad_norm: 0.0177 (0.0240)  time: 0.592504  data: 0.000669  mem: 6706  (max mem: 35751)
I20260709 03:44:21 39 dinov3 helpers.py:105] Training  [ 280/1000]  eta: 0:08:55  lr: 0.0000 (0.0000)  wd: 0.0400 (0.0400)  mom: 0.9950 (0.9944)  last_layer_lr: 0.0000 (0.0000)  total_loss: 16.5478 (16.5920)  local_batch_size: 32.0000 (32.0000)  global_batch_size: 32.0000 (32.0000)  dino_local_crops_loss: 11.0610 (11.0795)  dino_local_loss_weight: 1.0000 (1.0000)  dino_global_crops_loss: 11.0633 (11.0834)  koleo_loss: -0.2578 (-0.1742)  ibot_loss: 5.5355 (5.5469)  backbone_grad_norm: 1.6331 (2.0196)  dino_head_grad_norm: 0.0133 (0.0208)  ibot_head_grad_norm: 0.0149 (0.0236)  time: 0.592442  data: 0.000696  mem: 6706  (max mem: 35751)
I20260709 03:44:27 39 dinov3 helpers.py:105] Training  [ 290/1000]  eta: 0:08:44  lr: 0.0000 (0.0000)  wd: 0.0400 (0.0400)  mom: 0.9951 (0.9944)  last_layer_lr: 0.0000 (0.0000)  total_loss: 16.5437 (16.5904)  local_batch_size: 32.0000 (32.0000)  global_batch_size: 32.0000 (32.0000)  dino_local_crops_loss: 11.0611 (11.0789)  dino_local_loss_weight: 1.0000 (1.0000)  dino_global_crops_loss: 11.0633 (11.0828)  koleo_loss: -0.2598 (-0.1772)  ibot_loss: 5.5347 (5.5465)  backbone_grad_norm: 1.7359 (2.0087)  dino_head_grad_norm: 0.0132 (0.0206)  ibot_head_grad_norm: 0.0134 (0.0233)  time: 0.593139  data: 0.000699  mem: 6706  (max mem: 35751)
I20260709 03:44:31 39 dinov3 train.py:468] Garbage collection
I20260709 03:44:33 39 dinov3 helpers.py:105] Training  [ 300/1000]  eta: 0:08:34  lr: 0.0000 (0.0000)  wd: 0.0400 (0.0400)  mom: 0.9952 (0.9944)  last_layer_lr: 0.0000 (0.0000)  total_loss: 16.5433 (16.5888)  local_batch_size: 32.0000 (32.0000)  global_batch_size: 32.0000 (32.0000)  dino_local_crops_loss: 11.0598 (11.0783)  dino_local_loss_weight: 1.0000 (1.0000)  dino_global_crops_loss: 11.0623 (11.0821)  koleo_loss: -0.2598 (-0.1799)  ibot_loss: 5.5351 (5.5461)  backbone_grad_norm: 1.7085 (2.0167)  dino_head_grad_norm: 0.0133 (0.0203)  ibot_head_grad_norm: 0.0138 (0.0230)  time: 0.615020  data: 0.000726  mem: 6706  (max mem: 35751)
I20260709 03:44:39 39 dinov3 helpers.py:105] Training  [ 310/1000]  eta: 0:08:24  lr: 0.0000 (0.0000)  wd: 0.0400 (0.0400)  mom: 0.9952 (0.9945)  last_layer_lr: 0.0000 (0.0000)  total_loss: 16.5400 (16.5872)  local_batch_size: 32.0000 (32.0000)  global_batch_size: 32.0000 (32.0000)  dino_local_crops_loss: 11.0588 (11.0776)  dino_local_loss_weight: 1.0000 (1.0000)  dino_global_crops_loss: 11.0608 (11.0814)  koleo_loss: -0.2637 (-0.1826)  ibot_loss: 5.5338 (5.5457)  backbone_grad_norm: 1.6498 (2.0106)  dino_head_grad_norm: 0.0131 (0.0201)  ibot_head_grad_norm: 0.0132 (0.0227)  time: 0.614956  data: 0.000755  mem: 6706  (max mem: 35751)
I20260709 03:44:45 39 dinov3 helpers.py:105] Training  [ 320/1000]  eta: 0:08:14  lr: 0.0000 (0.0000)  wd: 0.0400 (0.0400)  mom: 0.9953 (0.9945)  last_layer_lr: 0.0000 (0.0000)  total_loss: 16.5385 (16.5857)  local_batch_size: 32.0000 (32.0000)  global_batch_size: 32.0000 (32.0000)  dino_local_crops_loss: 11.0588 (11.0771)  dino_local_loss_weight: 1.0000 (1.0000)  dino_global_crops_loss: 11.0608 (11.0807)  koleo_loss: -0.2676 (-0.1852)  ibot_loss: 5.5325 (5.5453)  backbone_grad_norm: 1.5868 (2.0101)  dino_head_grad_norm: 0.0127 (0.0199)  ibot_head_grad_norm: 0.0131 (0.0224)  time: 0.593437  data: 0.000728  mem: 6706  (max mem: 35751)
I20260709 03:44:51 39 dinov3 helpers.py:105] Training  [ 330/1000]  eta: 0:08:04  lr: 0.0000 (0.0000)  wd: 0.0400 (0.0400)  mom: 0.9954 (0.9945)  last_layer_lr: 0.0000 (0.0000)  total_loss: 16.5390 (16.5844)  local_batch_size: 32.0000 (32.0000)  global_batch_size: 32.0000 (32.0000)  dino_local_crops_loss: 11.0589 (11.0766)  dino_local_loss_weight: 1.0000 (1.0000)  dino_global_crops_loss: 11.0614 (11.0802)  koleo_loss: -0.2656 (-0.1876)  ibot_loss: 5.5323 (5.5449)  backbone_grad_norm: 1.8134 (2.0134)  dino_head_grad_norm: 0.0127 (0.0197)  ibot_head_grad_norm: 0.0118 (0.0221)  time: 0.593928  data: 0.000767  mem: 6706  (max mem: 35751)
I20260709 03:44:57 39 dinov3 helpers.py:105] Training  [ 340/1000]  eta: 0:07:54  lr: 0.0000 (0.0000)  wd: 0.0400 (0.0400)  mom: 0.9955 (0.9945)  last_layer_lr: 0.0000 (0.0000)  total_loss: 16.5379 (16.5831)  local_batch_size: 32.0000 (32.0000)  global_batch_size: 32.0000 (32.0000)  dino_local_crops_loss: 11.0589 (11.0761)  dino_local_loss_weight: 1.0000 (1.0000)  dino_global_crops_loss: 11.0609 (11.0796)  koleo_loss: -0.2656 (-0.1898)  ibot_loss: 5.5324 (5.5445)  backbone_grad_norm: 1.8692 (2.0127)  dino_head_grad_norm: 0.0133 (0.0195)  ibot_head_grad_norm: 0.0107 (0.0217)  time: 0.593277  data: 0.000748  mem: 6706  (max mem: 35751)
I20260709 03:45:03 39 dinov3 helpers.py:105] Training  [ 350/1000]  eta: 0:07:44  lr: 0.0000 (0.0000)  wd: 0.0400 (0.0400)  mom: 0.9956 (0.9946)  last_layer_lr: 0.0000 (0.0000)  total_loss: 16.5371 (16.5818)  local_batch_size: 32.0000 (32.0000)  global_batch_size: 32.0000 (32.0000)  dino_local_crops_loss: 11.0589 (11.0756)  dino_local_loss_weight: 1.0000 (1.0000)  dino_global_crops_loss: 11.0604 (11.0791)  koleo_loss: -0.2656 (-0.1920)  ibot_loss: 5.5314 (5.5441)  backbone_grad_norm: 1.7028 (1.9979)  dino_head_grad_norm: 0.0125 (0.0193)  ibot_head_grad_norm: 0.0097 (0.0214)  time: 0.591786  data: 0.000671  mem: 6706  (max mem: 35751)
I20260709 03:45:09 39 dinov3 helpers.py:105] Training  [ 360/1000]  eta: 0:07:35  lr: 0.0000 (0.0000)  wd: 0.0400 (0.0400)  mom: 0.9956 (0.9946)  last_layer_lr: 0.0000 (0.0000)  total_loss: 16.5369 (16.5805)  local_batch_size: 32.0000 (32.0000)  global_batch_size: 32.0000 (32.0000)  dino_local_crops_loss: 11.0587 (11.0752)  dino_local_loss_weight: 1.0000 (1.0000)  dino_global_crops_loss: 11.0597 (11.0786)  koleo_loss: -0.2676 (-0.1941)  ibot_loss: 5.5312 (5.5438)  backbone_grad_norm: 1.6872 (2.0004)  dino_head_grad_norm: 0.0121 (0.0191)  ibot_head_grad_norm: 0.0096 (0.0211)  time: 0.591552  data: 0.000650  mem: 6706  (max mem: 35751)
