✓ Initialized. View run at 
https://modal.com/apps/tomdpitts/main/ap-8xCJhWapUoyiGnSMJOkFHx
✓ Created objects.
├── 🔨 Created mount /Users/tompitts/dphil/CanopyAI2/dapt/ssl/modal/app.py
├── 🔨 Created mount /Users/tompitts/dphil/CanopyAI2/dapt/ssl
├── 🔨 Created function train.
└── 🔨 Created function extract.
[preflight] effective peak LR = 7.07e-05 (continuation target ~1-2e-5; pass --lr-peak 2.5e-5 for eff 1.77e-5); gpu=NVIDIA A100-SXM4-40GB
  copied arid_pool.py
  patched __init__.py (arid_pool import AridPool)
  patched loaders.py (name == "AridPool")
  patched augmentations.py (RandomRot90 x2)
  patched checkpointer.py (DAPT: backbone-only teacher ckpt)
repo patches applied.
PREFLIGHT missing params: [] | unexpected: []
PREFLIGHT OK (0 missing params)
I20260709 03:40:53 39 dinov3 torch_distributed_wrapper.py:255] PyTorch distributed environment: TorchElastic job (none) using 127.0.0.1:29500 (rank=0, world size=1)
W20260709 03:40:53 39 py.warnings warnings.py:110] /usr/local/lib/python3.11/site-packages/torch/distributed/distributed_c10d.py:4631: UserWarning: No device id is provided via `init_process_group` or `barrier `. Using the current device set by the user. 
  warnings.warn(  # warn only once

[rank0]:[W709 03:40:54.755737694 ProcessGroupNCCL.cpp:4718] [PG ID 0 PG GUID 0 Rank 0]  using GPU 0 as device used by this process is currently unknown. This can potentially cause a hang if this rank to GPU mapping is incorrect. You can pecify device_id in init_process_group() to force use of a particular device.
I20260709 03:40:55 39 dinov3 config.py:209] git:
  sha: 346f38fee679c56a6888f91c51670fae61d364e0, status: has uncommited changes, branch: main

I20260709 03:40:55 39 dinov3 config.py:213] conda env name: None
I20260709 03:40:55 39 dinov3 config.py:214] conda env path: None
I20260709 03:40:55 39 dinov3 config.py:215] python path: ['/opt/dinov3/dinov3/train', '/pkg', '/root', '/usr/local/lib/python311.zip', '/usr/local/lib/python3.11', '/usr/local/lib/python3.11/lib-dynload', '/usr/local/lib/python3.11/site-packages', '/__modal/deps', '/tmp/tmpvhgu98g2']
I20260709 03:40:55 39 dinov3 config.py:100] benchmark_codebase: False
config_file: /opt/dapt_ssl/dinov3_dapt_vitl.yaml
dump_fsdp_weights: False
eval: 
eval_only: False
eval_pretrained_weights: 
multi_distillation: False
no_resume: False
opts: ['optim.epochs=2', 'train.batch_size_per_gpu=32', 'train.seed=588', 'optim.lr=0.0001', 'train.dataset_path=AridPool:root=/vol/pool/tiles', 'student.resume_from_teacher_chkpt=/vol/dinov3_web_vitl_teacher.pth']
output_dir: /vol/out_s588_p1k
profiling: False
record_ref_losses: False
ref_losses_path: 
seed: 588
test_ibot: False
I20260709 03:40:55 39 dinov3 config.py:58] MODEL:
  META_ARCHITECTURE: SSLMetaArch
  DEVICE: cuda
  WEIGHTS: ''
  DTYPE: float32
compute_precision:
  param_dtype: bf16
  reduce_dtype: fp32
  sharding_strategy: SHARD_GRAD_OP
dino:
  loss_weight: 1.0
  global_ignore_diagonal: true
  head_n_prototypes: 65536
  head_bottleneck_dim: 256
  head_norm_last_layer: false
  head_nlayers: 3
  head_hidden_dim: 2048
  koleo_loss_weight: 0.1
  koleo_loss_distributed: false
  koleo_topk: 1
  koleo_distributed_replicas: 0
  koleo_distributed_loss_group_size: null
  koleo_distributed_loss_group_data: true
  force_weight_norm: false
  reweight_dino_local_loss: false
  local_loss_weight_schedule:
    start: 0.5
    peak: 0.5
    end: 0.5
    warmup_epochs: 0
ibot:
  loss_weight: 1.0
  mask_sample_probability: 0.5
  mask_ratio_min_max:
  - 0.1
  - 0.5
  mask_random_circular_shift: false
  force_masking_even_with_zero_weight: false
  separate_head: true
  head_n_prototypes: 65536
  head_bottleneck_dim: 256
  head_norm_last_layer: false
  head_nlayers: 3
  head_hidden_dim: 2048
gram:
  use_loss: false
  compute_stats: false
  loss_weight: 1.0
  ema_teacher: false
  ckpt: null
  it_load_ema_teacher: -1
  rep_update: true
  update_frequency: 50000
  it_first_update: 0
  max_updates: null
  normalized: true
  img_level: false
  remove_neg: false
  remove_only_teacher_neg: false
  tokens_used: all
  global_teacher_resize_method: bicubic
  global_teacher_resize_antialias: false
  loss_weight_schedule: null
train:
  batch_size_per_gpu: 32
  dataset_path: AridPool:root=/vol/pool/tiles
  data_config: null
  output_dir: /__modal/volumes/vo-MXJoSzC53Qp7AA7dIRtfMN/out_s588_p1k
  saveckp_freq: 20
  seed: 588
  num_workers: 8
  OFFICIAL_EPOCH_LENGTH: 500
  monitor_gradient_norm: false
  chunk_schedule: []
  use_teacher_head: true
  learn_from_teacher_tokens: false
  centering: sinkhorn_knopp
  checkpointing: false
  checkpointing_full: false
  compile: true
  cudagraphs: false
  sharded_eval_checkpoint: false
  cache_dataset: false
student:
  arch: vit_large
  patch_size: 16
  drop_path_rate: 0.1
  layerscale: 1.0e-05
  pretrained_weights: ''
  ffn_layer: mlp
  ffn_ratio: 4.0
  resume_from_teacher_chkpt: /vol/dinov3_web_vitl_teacher.pth
  qkv_bias: true
  proj_bias: true
  ffn_bias: true
  norm_layer: layernormbf16
  n_storage_tokens: 4
  mask_k_bias: true
  untie_cls_and_patch_norms: false
  untie_global_and_local_cls_norm: false
  in_chans: 3
  pos_embed_type: ropenew
  pos_embed_rope_base: 100
  pos_embed_rope_min_period: null
  pos_embed_rope_max_period: null
  pos_embed_rope_normalize_coords: separate
  pos_embed_rope_shift_coords: null
  pos_embed_rope_jitter_coords: null
  pos_embed_rope_rescale_coords: 2
  pos_embed_rope_dtype: bf16
  fp8_enabled: false
  fp8_filter: blocks
teacher:
  momentum_teacher: 0.994
  final_momentum_teacher: 1.0
  warmup_teacher_temp: 0.04
  teacher_temp: 0.07
  warmup_teacher_temp_epochs: 2
  in_chans: 3
distillation:
  enabled: false
  full_cfg_path: ''
  checkpoint_path: ''
multidistillation:
  enabled: false
hrft:
  enabled: false
  checkpoint_path: ''
optim:
  epochs: 2
  optimizer: adamw
  weight_decay: 0.04
  weight_decay_end: 0.04
  lr: 0.0001
  warmup_epochs: 1
  min_lr: 1.0e-06
  schedule_trunc_extra: 0.0
  clip_grad: 3.0
  freeze_last_layer_epochs: 1
  scaling_rule: sqrt_wrt_1024
  patch_embed_lr_mult: 0.2
  dino_head_wd_multiplier: 1.0
  layerwise_decay: 0.9
  multi_tensor_optim: true
  dump_fsdp_weights_path: ''
  adamw_beta1: 0.9
  adamw_beta2: 0.999
crops:
  global_crops_scale:
  - 0.32
  - 1.0
  local_crops_number: 8
  local_crops_scale:
  - 0.05
  - 0.32
  global_crops_size: 256
  local_crops_size: 112
  global_local_crop_pairs_ratios: 1.0
  gram_teacher_crops_size: null
  localcrops_subset_of_globalcrops: false
  share_color_jitter: false
  horizontal_flips: true
  gram_teacher_no_distortions: false
  rgb_mean:
  - 0.485
  - 0.456
  - 0.406
  rgb_std:
  - 0.229
  - 0.224
  - 0.225
  teacher_to_student_resolution_scale: 1.0
evaluation:
  eval_period_iterations: 999999999
  low_freq_every: 5
  config_files:
    high_freq: benchmark_high_frequency.yaml
    low_freq: benchmark_low_frequency.yaml
checkpointing:
  period: 500
  max_to_keep: 20
  keep_every: 99999999999999999

I20260709 03:40:55 39 dinov3 config.py:53] sqrt scaling learning rate; old: 0.0001, new: 7.071067811865475e-05
I20260709 03:40:55 39 dinov3 train.py:598] {'MODEL': {'META_ARCHITECTURE': 'SSLMetaArch', 'DEVICE': 'cuda', 'WEIGHTS': '', 'DTYPE': 'float32'}, 'compute_precision': {'param_dtype': 'bf16', 'reduce_dtype': 'fp32', 'sharding_strategy': 'SHARD_GRAD_OP'}, 'dino': {'loss_weight': 1.0, 'global_ignore_diagonal': True, 'head_n_prototypes': 65536, 'head_bottleneck_dim': 256, 'head_norm_last_layer': False, 'head_nlayers': 3, 'head_hidden_dim': 2048, 'koleo_loss_weight': 0.1, 'koleo_loss_distributed': False, 'koleo_topk': 1, 'koleo_distributed_replicas': 0, 'koleo_distributed_loss_group_size': None, 'koleo_distributed_loss_group_data': True, 'force_weight_norm': False, 'reweight_dino_local_loss': False, 'local_loss_weight_schedule': {'start': 0.5, 'peak': 0.5, 'end': 0.5, 'warmup_epochs': 0}}, 'ibot': {'loss_weight': 1.0, 'mask_sample_probability': 0.5, 'mask_ratio_min_max': [0.1, 0.5], 'mask_random_circular_shift': False, 'force_masking_even_with_zero_weight': False, 'separate_head': True, 'head_n_prototypes': 65536, 'head_bottleneck_dim': 256, 'head_norm_last_layer': False, 'head_nlayers': 3, 'head_hidden_dim': 2048}, 'gram': {'use_loss': False, 'compute_stats': False, 'loss_weight': 1.0, 'ema_teacher': False, 'ckpt': None, 'it_load_ema_teacher': -1, 'rep_update': True, 'update_frequency': 50000, 'it_first_update': 0, 'max_updates': None, 'normalized': True, 'img_level': False, 'remove_neg': False, 'remove_only_teacher_neg': False, 'tokens_used': 'all', 'global_teacher_resize_method': 'bicubic', 'global_teacher_resize_antialias': False, 'loss_weight_schedule': None}, 'train': {'batch_size_per_gpu': 32, 'dataset_path': 'AridPool:root=/vol/pool/tiles', 'data_config': None, 'output_dir': '/__modal/volumes/vo-MXJoSzC53Qp7AA7dIRtfMN/out_s588_p1k', 'saveckp_freq': 20, 'seed': 588, 'num_workers': 8, 'OFFICIAL_EPOCH_LENGTH': 500, 'monitor_gradient_norm': False, 'chunk_schedule': [], 'use_teacher_head': True, 'learn_from_teacher_tokens': False, 'centering': 'sinkhorn_knopp', 'checkpointing': False, 'checkpointing_full': False, 'compile': True, 'cudagraphs': False, 'sharded_eval_checkpoint': False, 'cache_dataset': False}, 'student': {'arch': 'vit_large', 'patch_size': 16, 'drop_path_rate': 0.1, 'layerscale': 1e-05, 'pretrained_weights': '', 'ffn_layer': 'mlp', 'ffn_ratio': 4.0, 'resume_from_teacher_chkpt': '/vol/dinov3_web_vitl_teacher.pth', 'qkv_bias': True, 'proj_bias': True, 'ffn_bias': True, 'norm_layer': 'layernormbf16', 'n_storage_tokens': 4, 'mask_k_bias': True, 'untie_cls_and_patch_norms': False, 'untie_global_and_local_cls_norm': False, 'in_chans': 3, 'pos_embed_type': 'ropenew', 'pos_embed_rope_base': 100, 'pos_embed_rope_min_period': None, 'pos_embed_rope_max_period': None, 'pos_embed_rope_normalize_coords': 'separate', 'pos_embed_rope_shift_coords': None, 'pos_embed_rope_jitter_coords': None, 'pos_embed_rope_rescale_coords': 2, 'pos_embed_rope_dtype': 'bf16', 'fp8_enabled': False, 'fp8_filter': 'blocks'}, 'teacher': {'momentum_teacher': 0.994, 'final_momentum_teacher': 1.0, 'warmup_teacher_temp': 0.04, 'teacher_temp': 0.07, 'warmup_teacher_temp_epochs': 2, 'in_chans': 3}, 'distillation': {'enabled': False, 'full_cfg_path': '', 'checkpoint_path': ''}, 'multidistillation': {'enabled': False}, 'hrft': {'enabled': False, 'checkpoint_path': ''}, 'optim': {'epochs': 2, 'optimizer': 'adamw', 'weight_decay': 0.04, 'weight_decay_end': 0.04, 'lr': 7.071067811865475e-05, 'warmup_epochs': 1, 'min_lr': 1e-06, 'schedule_trunc_extra': 0.0, 'clip_grad': 3.0, 'freeze_last_layer_epochs': 1, 'scaling_rule': 'sqrt_wrt_1024', 'patch_embed_lr_mult': 0.2, 'dino_head_wd_multiplier': 1.0, 'layerwise_decay': 0.9, 'multi_tensor_optim': True, 'dump_fsdp_weights_path': '', 'adamw_beta1': 0.9, 'adamw_beta2': 0.999}, 'crops': {'global_crops_scale': [0.32, 1.0], 'local_crops_number': 8, 'local_crops_scale': [0.05, 0.32], 'global_crops_size': 256, 'local_crops_size': 112, 'global_local_crop_pairs_ratios': 1.0, 'gram_teacher_crops_size': None, 'localcrops_subset_of_globalcrops': False, 'share_color_jitter': False, 'horizontal_flips': True, 'gram_teacher_no_distortions': False, 'rgb_mean': [0.485, 0.456, 0.406], 'rgb_std': [0.229, 0.224, 0.225], 'teacher_to_student_resolution_scale': 1.0}, 'evaluation': {'eval_period_iterations': 999999999, 'low_freq_every': 5, 'config_files': {'high_freq': 'benchmark_high_frequency.yaml', 'low_freq': 'benchmark_low_frequency.yaml'}}, 'checkpointing': {'period': 500, 'max_to_keep': 20, 'keep_every': 99999999999999999}}
D20260709 03:40:55 39 nan_logger __init__.py:132] PyTorch distributed environment: TorchElastic job (none) using 127.0.0.1:29500 (rank=0, world size=1)
I20260709 03:40:55 39 dinov3 train.py:609] Making meta arch SSLMetaArch
I20260709 03:40:55 39 dinov3 vision_transformer.py:116] using base=100 for rope new
I20260709 03:40:55 39 dinov3 vision_transformer.py:117] using min_period=None for rope new
I20260709 03:40:55 39 dinov3 vision_transformer.py:118] using max_period=None for rope new
I20260709 03:40:55 39 dinov3 vision_transformer.py:119] using normalize_coords=separate for rope new
I20260709 03:40:55 39 dinov3 vision_transformer.py:120] using shift_coords=None for rope new
I20260709 03:40:55 39 dinov3 vision_transformer.py:121] using rescale_coords=2 for rope new
I20260709 03:40:55 39 dinov3 vision_transformer.py:122] using jitter_coords=None for rope new
I20260709 03:40:55 39 dinov3 vision_transformer.py:123] using dtype=bf16 for rope new
I20260709 03:40:55 39 dinov3 vision_transformer.py:137] using mlp layer as FFN
I20260709 03:40:55 39 dinov3 __init__.py:24] fp8 matmuls: OFF (disabled in config)
I20260709 03:40:55 39 dinov3 vision_transformer.py:116] using base=100 for rope new
I20260709 03:40:55 39 dinov3 vision_transformer.py:117] using min_period=None for rope new
I20260709 03:40:55 39 dinov3 vision_transformer.py:118] using max_period=None for rope new
I20260709 03:40:55 39 dinov3 vision_transformer.py:119] using normalize_coords=separate for rope new
I20260709 03:40:55 39 dinov3 vision_transformer.py:120] using shift_coords=None for rope new
I20260709 03:40:55 39 dinov3 vision_transformer.py:121] using rescale_coords=2 for rope new
I20260709 03:40:55 39 dinov3 vision_transformer.py:122] using jitter_coords=None for rope new
I20260709 03:40:55 39 dinov3 vision_transformer.py:123] using dtype=bf16 for rope new
I20260709 03:40:55 39 dinov3 vision_transformer.py:137] using mlp layer as FFN
I20260709 03:40:55 39 dinov3 __init__.py:24] fp8 matmuls: OFF (disabled in config)
I20260709 03:40:55 39 dinov3 vision_transformer.py:116] using base=100 for rope new
I20260709 03:40:55 39 dinov3 vision_transformer.py:117] using min_period=None for rope new
I20260709 03:40:55 39 dinov3 vision_transformer.py:118] using max_period=None for rope new
I20260709 03:40:55 39 dinov3 vision_transformer.py:119] using normalize_coords=separate for rope new
I20260709 03:40:55 39 dinov3 vision_transformer.py:120] using shift_coords=None for rope new
I20260709 03:40:55 39 dinov3 vision_transformer.py:121] using rescale_coords=2 for rope new
I20260709 03:40:55 39 dinov3 vision_transformer.py:122] using jitter_coords=None for rope new
I20260709 03:40:55 39 dinov3 vision_transformer.py:123] using dtype=bf16 for rope new
I20260709 03:40:55 39 dinov3 vision_transformer.py:137] using mlp layer as FFN
I20260709 03:40:55 39 dinov3 __init__.py:24] fp8 matmuls: OFF (disabled in config)
I20260709 03:40:55 39 dinov3 ssl_meta_arch.py:56] Number of parameters: 303154176
I20260709 03:40:55 39 dinov3 ssl_meta_arch.py:60] OPTIONS -- architecture : embed_dim: 1024
I20260709 03:40:55 39 dinov3 ssl_meta_arch.py:65] OPTIONS -- DINO
I20260709 03:40:55 39 dinov3 ssl_meta_arch.py:66] OPTIONS -- DINO -- loss_weight: 1.0
I20260709 03:40:55 39 dinov3 ssl_meta_arch.py:67] OPTIONS -- DINO -- global_ignore_diagonal: True
I20260709 03:40:55 39 dinov3 ssl_meta_arch.py:68] OPTIONS -- DINO -- head_n_prototypes: 65536
I20260709 03:40:55 39 dinov3 ssl_meta_arch.py:69] OPTIONS -- DINO -- head_bottleneck_dim: 256
I20260709 03:40:55 39 dinov3 ssl_meta_arch.py:70] OPTIONS -- DINO -- head_hidden_dim: 2048
I20260709 03:40:55 39 dinov3 ssl_meta_arch.py:71] OPTIONS -- DINO -- head_norm_last_layer: False
I20260709 03:40:55 39 dinov3 ssl_meta_arch.py:84] OPTIONS -- KOLEO
I20260709 03:40:55 39 dinov3 ssl_meta_arch.py:85] OPTIONS -- KOLEO -- loss_weight: 0.1
I20260709 03:40:55 39 dinov3 ssl_meta_arch.py:86] OPTIONS -- KOLEO -- distributed: False
I20260709 03:40:55 39 dinov3 ssl_meta_arch.py:103] OPTIONS -- IBOT
I20260709 03:40:55 39 dinov3 ssl_meta_arch.py:104] OPTIONS -- IBOT -- loss_weight: 1.0
I20260709 03:40:55 39 dinov3 ssl_meta_arch.py:105] OPTIONS -- IBOT masking -- ibot_mask_ratio_tuple: [0.1, 0.5]
I20260709 03:40:55 39 dinov3 ssl_meta_arch.py:106] OPTIONS -- IBOT masking -- ibot_mask_sample_probability: 0.5
I20260709 03:40:55 39 dinov3 ssl_meta_arch.py:112] OPTIONS -- IBOT -- head_n_prototypes: 65536
I20260709 03:40:55 39 dinov3 ssl_meta_arch.py:113] OPTIONS -- IBOT -- head_bottleneck_dim: 256
I20260709 03:40:55 39 dinov3 ssl_meta_arch.py:114] OPTIONS -- IBOT -- head_hidden_dim: 2048
I20260709 03:40:55 39 dinov3 ssl_meta_arch.py:115] OPTIONS -- IBOT -- head_norm_last_layer: False
I20260709 03:40:58 39 dinov3 ssl_meta_arch.py:132] Student and Teacher are built: they are both vit_large network.
I20260709 03:40:58 39 dinov3 ac_compile_parallelize.py:142] DISTRIBUTED FSDP -- preparing model for distributed training
I20260709 03:40:59 39 dinov3 train.py:623] Model after distributed:
SSLMetaArch(
  (dino_loss): DINOLoss()
  (koleo_loss): KoLeoLoss(
    (pdist): PairwiseDistance()
  )
  (ibot_patch_loss): iBOTPatchLoss(
    (sinkhorn_knopp_teacher): SinkhornKnoppTeacher()
  )
  (student): ModuleDict(
    (backbone): FSDPDinoVisionTransformer(
      (patch_embed): PatchEmbed(
        (proj): Conv2d(3, 1024, kernel_size=(16, 16), stride=(16, 16))
        (norm): Identity()
      )
      (rope_embed): RopePositionEmbedding()
      (blocks): ModuleList(
        (0-23): 24 x FSDPSelfAttentionBlock(
          (norm1): LayerNorm((1024,), eps=1e-05, elementwise_affine=True)
          (attn): SelfAttention(
            (qkv): LinearKMaskedBias(in_features=1024, out_features=3072, bias=True)
            (attn_drop): Dropout(p=0.0, inplace=False)
            (proj): Linear(in_features=1024, out_features=1024, bias=True)
            (proj_drop): Dropout(p=0.0, inplace=False)
          )
          (ls1): LayerScale()
          (norm2): LayerNorm((1024,), eps=1e-05, elementwise_affine=True)
          (mlp): Mlp(
            (fc1): Linear(in_features=1024, out_features=4096, bias=True)
            (act): GELU(approximate='none')
            (fc2): Linear(in_features=4096, out_features=1024, bias=True)
            (drop): Dropout(p=0.0, inplace=False)
          )
          (ls2): LayerScale()
        )
      )
      (norm): LayerNorm((1024,), eps=1e-05, elementwise_affine=True)
      (head): Identity()
    )
    (dino_head): FSDPDINOHead(
      (mlp): Sequential(
        (0): Linear(in_features=1024, out_features=2048, bias=True)
        (1): GELU(approximate='none')
        (2): Linear(in_features=2048, out_features=2048, bias=True)
        (3): GELU(approximate='none')
        (4): Linear(in_features=2048, out_features=256, bias=True)
      )
      (last_layer): Linear(in_features=256, out_features=65536, bias=False)
    )
    (ibot_head): FSDPDINOHead(
      (mlp): Sequential(
        (0): Linear(in_features=1024, out_features=2048, bias=True)
        (1): GELU(approximate='none')
        (2): Linear(in_features=2048, out_features=2048, bias=True)
        (3): GELU(approximate='none')
        (4): Linear(in_features=2048, out_features=256, bias=True)
      )
      (last_layer): Linear(in_features=256, out_features=65536, bias=False)
    )
  )
  (teacher): ModuleDict(
    (backbone): FSDPDinoVisionTransformer(
      (patch_embed): PatchEmbed(
        (proj): Conv2d(3, 1024, kernel_size=(16, 16), stride=(16, 16))
        (norm): Identity()
      )
      (rope_embed): RopePositionEmbedding()
      (blocks): ModuleList(
        (0-23): 24 x FSDPSelfAttentionBlock(
          (norm1): LayerNorm((1024,), eps=1e-05, elementwise_affine=True)
          (attn): SelfAttention(
            (qkv): LinearKMaskedBias(in_features=1024, out_features=3072, bias=True)
            (attn_drop): Dropout(p=0.0, inplace=False)
            (proj): Linear(in_features=1024, out_features=1024, bias=True)
            (proj_drop): Dropout(p=0.0, inplace=False)
          )
          (ls1): LayerScale()
          (norm2): LayerNorm((1024,), eps=1e-05, elementwise_affine=True)
          (mlp): Mlp(
            (fc1): Linear(in_features=1024, out_features=4096, bias=True)
            (act): GELU(approximate='none')
            (fc2): Linear(in_features=4096, out_features=1024, bias=True)
            (drop): Dropout(p=0.0, inplace=False)
          )
          (ls2): LayerScale()
        )
      )
      (norm): LayerNorm((1024,), eps=1e-05, elementwise_affine=True)
      (head): Identity()
    )
    (dino_head): FSDPDINOHead(
      (mlp): Sequential(
        (0): Linear(in_features=1024, out_features=2048, bias=True)
        (1): GELU(approximate='none')
        (2): Linear(in_features=2048, out_features=2048, bias=True)
        (3): GELU(approximate='none')
        (4): Linear(in_features=2048, out_features=256, bias=True)
      )
      (last_layer): Linear(in_features=256, out_features=65536, bias=False)
    )
    (ibot_head): FSDPDINOHead(
      (mlp): Sequential(
        (0): Linear(in_features=1024, out_features=2048, bias=True)
        (1): GELU(approximate='none')
        (2): Linear(in_features=2048, out_features=2048, bias=True)
        (3): GELU(approximate='none')
        (4): Linear(in_features=2048, out_features=256, bias=True)
      )
      (last_layer): Linear(in_features=256, out_features=65536, bias=False)
    )
  )
  (model_ema): ModuleDict(
    (backbone): FSDPDinoVisionTransformer(
      (patch_embed): PatchEmbed(
        (proj): Conv2d(3, 1024, kernel_size=(16, 16), stride=(16, 16))
        (norm): Identity()
      )
      (rope_embed): RopePositionEmbedding()
      (blocks): ModuleList(
        (0-23): 24 x FSDPSelfAttentionBlock(
          (norm1): LayerNorm((1024,), eps=1e-05, elementwise_affine=True)
          (attn): SelfAttention(
            (qkv): LinearKMaskedBias(in_features=1024, out_features=3072, bias=True)
            (attn_drop): Dropout(p=0.0, inplace=False)
            (proj): Linear(in_features=1024, out_features=1024, bias=True)
            (proj_drop): Dropout(p=0.0, inplace=False)
          )
          (ls1): LayerScale()
          (norm2): LayerNorm((1024,), eps=1e-05, elementwise_affine=True)
          (mlp): Mlp(
            (fc1): Linear(in_features=1024, out_features=4096, bias=True)
            (act): GELU(approximate='none')
            (fc2): Linear(in_features=4096, out_features=1024, bias=True)
            (drop): Dropout(p=0.0, inplace=False)
          )
          (ls2): LayerScale()
        )
      )
      (norm): LayerNorm((1024,), eps=1e-05, elementwise_affine=True)
      (head): Identity()
    )
    (dino_head): FSDPDINOHead(
      (mlp): Sequential(
        (0): Linear(in_features=1024, out_features=2048, bias=True)
        (1): GELU(approximate='none')
        (2): Linear(in_features=2048, out_features=2048, bias=True)
        (3): GELU(approximate='none')
        (4): Linear(in_features=2048, out_features=256, bias=True)
      )
      (last_layer): Linear(in_features=256, out_features=65536, bias=False)
    )
    (ibot_head): FSDPDINOHead(
      (mlp): Sequential(
        (0): Linear(in_features=1024, out_features=2048, bias=True)
        (1): GELU(approximate='none')
        (2): Linear(in_features=2048, out_features=2048, bias=True)
        (3): GELU(approximate='none')
        (4): Linear(in_features=2048, out_features=256, bias=True)
      )
      (last_layer): Linear(in_features=256, out_features=65536, bias=False)
    )
  )
)
I20260709 03:40:59 39 dinov3 ssl_meta_arch.py:784] Getting paramer groups for backbone
I20260709 03:40:59 39 dinov3 param_groups.py:168] cls_token: lr_multiplier: 0.0717897987691853, wd_multiplier: 1.0
I20260709 03:40:59 39 dinov3 param_groups.py:168] storage_tokens: lr_multiplier: 0.0717897987691853, wd_multiplier: 1.0
I20260709 03:40:59 39 dinov3 param_groups.py:168] mask_token: lr_multiplier: 0.0717897987691853, wd_multiplier: 1.0
I20260709 03:40:59 39 dinov3 param_groups.py:168] patch_embed.proj.weight: lr_multiplier: 0.01435795975383706, wd_multiplier: 1.0
I20260709 03:40:59 39 dinov3 param_groups.py:168] patch_embed.proj.bias: lr_multiplier: 0.01435795975383706, wd_multiplier: 0.0
I20260709 03:40:59 39 dinov3 param_groups.py:168] blocks.0.norm1.weight: lr_multiplier: 0.07976644307687256, wd_multiplier: 0.0
I20260709 03:40:59 39 dinov3 param_groups.py:168] blocks.0.norm1.bias: lr_multiplier: 0.07976644307687256, wd_multiplier: 0.0
I20260709 03:40:59 39 dinov3 param_groups.py:168] blocks.0.attn.qkv.weight: lr_multiplier: 0.07976644307687256, wd_multiplier: 1.0
I20260709 03:40:59 39 dinov3 param_groups.py:168] blocks.0.attn.qkv.bias: lr_multiplier: 0.07976644307687256, wd_multiplier: 0.0
I20260709 03:40:59 39 dinov3 param_groups.py:168] blocks.0.attn.proj.weight: lr_multiplier: 0.07976644307687256, wd_multiplier: 1.0
I20260709 03:40:59 39 dinov3 param_groups.py:168] blocks.0.attn.proj.bias: lr_multiplier: 0.07976644307687256, wd_multiplier: 0.0
I20260709 03:40:59 39 dinov3 param_groups.py:168] blocks.0.ls1.gamma: lr_multiplier: 0.07976644307687256, wd_multiplier: 0.0
I20260709 03:40:59 39 dinov3 param_groups.py:168] blocks.0.norm2.weight: lr_multiplier: 0.07976644307687256, wd_multiplier: 0.0
I20260709 03:40:59 39 dinov3 param_groups.py:168] blocks.0.norm2.bias: lr_multiplier: 0.07976644307687256, wd_multiplier: 0.0
I20260709 03:40:59 39 dinov3 param_groups.py:168] blocks.0.mlp.fc1.weight: lr_multiplier: 0.07976644307687256, wd_multiplier: 1.0
I20260709 03:40:59 39 dinov3 param_groups.py:168] blocks.0.mlp.fc1.bias: lr_multiplier: 0.07976644307687256, wd_multiplier: 0.0
I20260709 03:40:59 39 dinov3 param_groups.py:168] blocks.0.mlp.fc2.weight: lr_multiplier: 0.07976644307687256, wd_multiplier: 1.0
I20260709 03:40:59 39 dinov3 param_groups.py:168] blocks.0.mlp.fc2.bias: lr_multiplier: 0.07976644307687256, wd_multiplier: 0.0
I20260709 03:40:59 39 dinov3 param_groups.py:168] blocks.0.ls2.gamma: lr_multiplier: 0.07976644307687256, wd_multiplier: 0.0
I20260709 03:40:59 39 dinov3 param_groups.py:168] blocks.1.norm1.weight: lr_multiplier: 0.08862938119652507, wd_multiplier: 0.0
I20260709 03:40:59 39 dinov3 param_groups.py:168] blocks.1.norm1.bias: lr_multiplier: 0.08862938119652507, wd_multiplier: 0.0
I20260709 03:40:59 39 dinov3 param_groups.py:168] blocks.1.attn.qkv.weight: lr_multiplier: 0.08862938119652507, wd_multiplier: 1.0
I20260709 03:40:59 39 dinov3 param_groups.py:168] blocks.1.attn.qkv.bias: lr_multiplier: 0.08862938119652507, wd_multiplier: 0.0
I20260709 03:40:59 39 dinov3 param_groups.py:168] blocks.1.attn.proj.weight: lr_multiplier: 0.08862938119652507, wd_multiplier: 1.0
I20260709 03:40:59 39 dinov3 param_groups.py:168] blocks.1.attn.proj.bias: lr_multiplier: 0.08862938119652507, wd_multiplier: 0.0
I20260709 03:40:59 39 dinov3 param_groups.py:168] blocks.1.ls1.gamma: lr_multiplier: 0.08862938119652507, wd_multiplier: 0.0
I20260709 03:40:59 39 dinov3 param_groups.py:168] blocks.1.norm2.weight: lr_multiplier: 0.08862938119652507, wd_multiplier: 0.0
I20260709 03:40:59 39 dinov3 param_groups.py:168] blocks.1.norm2.bias: lr_multiplier: 0.08862938119652507, wd_multiplier: 0.0
I20260709 03:40:59 39 dinov3 param_groups.py:168] blocks.1.mlp.fc1.weight: lr_multiplier: 0.08862938119652507, wd_multiplier: 1.0
I20260709 03:40:59 39 dinov3 param_groups.py:168] blocks.1.mlp.fc1.bias: lr_multiplier: 0.08862938119652507, wd_multiplier: 0.0
I20260709 03:40:59 39 dinov3 param_groups.py:168] blocks.1.mlp.fc2.weight: lr_multiplier: 0.08862938119652507, wd_multiplier: 1.0
I20260709 03:40:59 39 dinov3 param_groups.py:168] blocks.1.mlp.fc2.bias: lr_multiplier: 0.08862938119652507, wd_multiplier: 0.0
I20260709 03:40:59 39 dinov3 param_groups.py:168] blocks.1.ls2.gamma: lr_multiplier: 0.08862938119652507, wd_multiplier: 0.0
I20260709 03:40:59 39 dinov3 param_groups.py:168] blocks.2.norm1.weight: lr_multiplier: 0.09847709021836118, wd_multiplier: 0.0
I20260709 03:40:59 39 dinov3 param_groups.py:168] blocks.2.norm1.bias: lr_multiplier: 0.09847709021836118, wd_multiplier: 0.0
I20260709 03:40:59 39 dinov3 param_groups.py:168] blocks.2.attn.qkv.weight: lr_multiplier: 0.09847709021836118, wd_multiplier: 1.0
I20260709 03:40:59 39 dinov3 param_groups.py:168] blocks.2.attn.qkv.bias: lr_multiplier: 0.09847709021836118, wd_multiplier: 0.0
I20260709 03:40:59 39 dinov3 param_groups.py:168] blocks.2.attn.proj.weight: lr_multiplier: 0.09847709021836118, wd_multiplier: 1.0
I20260709 03:40:59 39 dinov3 param_groups.py:168] blocks.2.attn.proj.bias: lr_multiplier: 0.09847709021836118, wd_multiplier: 0.0
I20260709 03:40:59 39 dinov3 param_groups.py:168] blocks.2.ls1.gamma: lr_multiplier: 0.09847709021836118, wd_multiplier: 0.0
I20260709 03:40:59 39 dinov3 param_groups.py:168] blocks.2.norm2.weight: lr_multiplier: 0.09847709021836118, wd_multiplier: 0.0
I20260709 03:40:59 39 dinov3 param_groups.py:168] blocks.2.norm2.bias: lr_multiplier: 0.09847709021836118, wd_multiplier: 0.0
I20260709 03:40:59 39 dinov3 param_groups.py:168] blocks.2.mlp.fc1.weight: lr_multiplier: 0.09847709021836118, wd_multiplier: 1.0
I20260709 03:40:59 39 dinov3 param_groups.py:168] blocks.2.mlp.fc1.bias: lr_multiplier: 0.09847709021836118, wd_multiplier: 0.0
I20260709 03:40:59 39 dinov3 param_groups.py:168] blocks.2.mlp.fc2.weight: lr_multiplier: 0.09847709021836118, wd_multiplier: 1.0
I20260709 03:40:59 39 dinov3 param_groups.py:168] blocks.2.mlp.fc2.bias: lr_multiplier: 0.09847709021836118, wd_multiplier: 0.0
I20260709 03:40:59 39 dinov3 param_groups.py:168] blocks.2.ls2.gamma: lr_multiplier: 0.09847709021836118, wd_multiplier: 0.0
I20260709 03:40:59 39 dinov3 param_groups.py:168] blocks.3.norm1.weight: lr_multiplier: 0.10941898913151242, wd_multiplier: 0.0
I20260709 03:40:59 39 dinov3 param_groups.py:168] blocks.3.norm1.bias: lr_multiplier: 0.10941898913151242, wd_multiplier: 0.0
I20260709 03:40:59 39 dinov3 param_groups.py:168] blocks.3.attn.qkv.weight: lr_multiplier: 0.10941898913151242, wd_multiplier: 1.0
I20260709 03:40:59 39 dinov3 param_groups.py:168] blocks.3.attn.qkv.bias: lr_multiplier: 0.10941898913151242, wd_multiplier: 0.0
I20260709 03:40:59 39 dinov3 param_groups.py:168] blocks.3.attn.proj.weight: lr_multiplier: 0.10941898913151242, wd_multiplier: 1.0
I20260709 03:40:59 39 dinov3 param_groups.py:168] blocks.3.attn.proj.bias: lr_multiplier: 0.10941898913151242, wd_multiplier: 0.0
I20260709 03:40:59 39 dinov3 param_groups.py:168] blocks.3.ls1.gamma: lr_multiplier: 0.10941898913151242, wd_multiplier: 0.0
I20260709 03:40:59 39 dinov3 param_groups.py:168] blocks.3.norm2.weight: lr_multiplier: 0.10941898913151242, wd_multiplier: 0.0
I20260709 03:40:59 39 dinov3 param_groups.py:168] blocks.3.norm2.bias: lr_multiplier: 0.10941898913151242, wd_multiplier: 0.0
I20260709 03:40:59 39 dinov3 param_groups.py:168] blocks.3.mlp.fc1.weight: lr_multiplier: 0.10941898913151242, wd_multiplier: 1.0
I20260709 03:40:59 39 dinov3 param_groups.py:168] blocks.3.mlp.fc1.bias: lr_multiplier: 0.10941898913151242, wd_multiplier: 0.0
I20260709 03:40:59 39 dinov3 param_groups.py:168] blocks.3.mlp.fc2.weight: lr_multiplier: 0.10941898913151242, wd_multiplier: 1.0
I20260709 03:40:59 39 dinov3 param_groups.py:168] blocks.3.mlp.fc2.bias: lr_multiplier: 0.10941898913151242, wd_multiplier: 0.0
I20260709 03:40:59 39 dinov3 param_groups.py:168] blocks.3.ls2.gamma: lr_multiplier: 0.10941898913151242, wd_multiplier: 0.0
I20260709 03:40:59 39 dinov3 param_groups.py:168] blocks.4.norm1.weight: lr_multiplier: 0.12157665459056935, wd_multiplier: 0.0
I20260709 03:40:59 39 dinov3 param_groups.py:168] blocks.4.norm1.bias: lr_multiplier: 0.12157665459056935, wd_multiplier: 0.0
I20260709 03:40:59 39 dinov3 param_groups.py:168] blocks.4.attn.qkv.weight: lr_multiplier: 0.12157665459056935, wd_multiplier: 1.0
I20260709 03:40:59 39 dinov3 param_groups.py:168] blocks.4.attn.qkv.bias: lr_multiplier: 0.12157665459056935, wd_multiplier: 0.0
I20260709 03:40:59 39 dinov3 param_groups.py:168] blocks.4.attn.proj.weight: lr_multiplier: 0.12157665459056935, wd_multiplier: 1.0
I20260709 03:40:59 39 dinov3 param_groups.py:168] blocks.4.attn.proj.bias: lr_multiplier: 0.12157665459056935, wd_multiplier: 0.0
I20260709 03:40:59 39 dinov3 param_groups.py:168] blocks.4.ls1.gamma: lr_multiplier: 0.12157665459056935, wd_multiplier: 0.0
I20260709 03:40:59 39 dinov3 param_groups.py:168] blocks.4.norm2.weight: lr_multiplier: 0.12157665459056935, wd_multiplier: 0.0
I20260709 03:40:59 39 dinov3 param_groups.py:168] blocks.4.norm2.bias: lr_multiplier: 0.12157665459056935, wd_multiplier: 0.0
I20260709 03:40:59 39 dinov3 param_groups.py:168] blocks.4.mlp.fc1.weight: lr_multiplier: 0.12157665459056935, wd_multiplier: 1.0
I20260709 03:40:59 39 dinov3 param_groups.py:168] blocks.4.mlp.fc1.bias: lr_multiplier: 0.12157665459056935, wd_multiplier: 0.0
I20260709 03:40:59 39 dinov3 param_groups.py:168] blocks.4.mlp.fc2.weight: lr_multiplier: 0.12157665459056935, wd_multiplier: 1.0
I20260709 03:40:59 39 dinov3 param_groups.py:168] blocks.4.mlp.fc2.bias: lr_multiplier: 0.12157665459056935, wd_multiplier: 0.0
I20260709 03:40:59 39 dinov3 param_groups.py:168] blocks.4.ls2.gamma: lr_multiplier: 0.12157665459056935, wd_multiplier: 0.0
I20260709 03:40:59 39 dinov3 param_groups.py:168] blocks.5.norm1.weight: lr_multiplier: 0.13508517176729928, wd_multiplier: 0.0
I20260709 03:40:59 39 dinov3 param_groups.py:168] blocks.5.norm1.bias: lr_multiplier: 0.13508517176729928, wd_multiplier: 0.0
I20260709 03:40:59 39 dinov3 param_groups.py:168] blocks.5.attn.qkv.weight: lr_multiplier: 0.13508517176729928, wd_multiplier: 1.0
I20260709 03:40:59 39 dinov3 param_groups.py:168] blocks.5.attn.qkv.bias: lr_multiplier: 0.13508517176729928, wd_multiplier: 0.0
I20260709 03:40:59 39 dinov3 param_groups.py:168] blocks.5.attn.proj.weight: lr_multiplier: 0.13508517176729928, wd_multiplier: 1.0
I20260709 03:40:59 39 dinov3 param_groups.py:168] blocks.5.attn.proj.bias: lr_multiplier: 0.13508517176729928, wd_multiplier: 0.0
I20260709 03:40:59 39 dinov3 param_groups.py:168] blocks.5.ls1.gamma: lr_multiplier: 0.13508517176729928, wd_multiplier: 0.0
I20260709 03:40:59 39 dinov3 param_groups.py:168] blocks.5.norm2.weight: lr_multiplier: 0.13508517176729928, wd_multiplier: 0.0
I20260709 03:40:59 39 dinov3 param_groups.py:168] blocks.5.norm2.bias: lr_multiplier: 0.13508517176729928, wd_multiplier: 0.0
I20260709 03:40:59 39 dinov3 param_groups.py:168] blocks.5.mlp.fc1.weight: lr_multiplier: 0.13508517176729928, wd_multiplier: 1.0
I20260709 03:40:59 39 dinov3 param_groups.py:168] blocks.5.mlp.fc1.bias: lr_multiplier: 0.13508517176729928, wd_multiplier: 0.0
I20260709 03:40:59 39 dinov3 param_groups.py:168] blocks.5.mlp.fc2.weight: lr_multiplier: 0.13508517176729928, wd_multiplier: 1.0
I20260709 03:40:59 39 dinov3 param_groups.py:168] blocks.5.mlp.fc2.bias: lr_multiplier: 0.13508517176729928, wd_multiplier: 0.0
I20260709 03:40:59 39 dinov3 param_groups.py:168] blocks.5.ls2.gamma: lr_multiplier: 0.13508517176729928, wd_multiplier: 0.0
I20260709 03:40:59 39 dinov3 param_groups.py:168] blocks.6.norm1.weight: lr_multiplier: 0.15009463529699918, wd_multiplier: 0.0
I20260709 03:40:59 39 dinov3 param_groups.py:168] blocks.6.norm1.bias: lr_multiplier: 0.15009463529699918, wd_multiplier: 0.0
I20260709 03:40:59 39 dinov3 param_groups.py:168] blocks.6.attn.qkv.weight: lr_multiplier: 0.15009463529699918, wd_multiplier: 1.0
I20260709 03:40:59 39 dinov3 param_groups.py:168] blocks.6.attn.qkv.bias: lr_multiplier: 0.15009463529699918, wd_multiplier: 0.0
I20260709 03:40:59 39 dinov3 param_groups.py:168] blocks.6.attn.proj.weight: lr_multiplier: 0.15009463529699918, wd_multiplier: 1.0
I20260709 03:40:59 39 dinov3 param_groups.py:168] blocks.6.attn.proj.bias: lr_multiplier: 0.15009463529699918, wd_multiplier: 0.0
I20260709 03:40:59 39 dinov3 param_groups.py:168] blocks.6.ls1.gamma: lr_multiplier: 0.15009463529699918, wd_multiplier: 0.0
I20260709 03:40:59 39 dinov3 param_groups.py:168] blocks.6.norm2.weight: lr_multiplier: 0.15009463529699918, wd_multiplier: 0.0
I20260709 03:40:59 39 dinov3 param_groups.py:168] blocks.6.norm2.bias: lr_multiplier: 0.15009463529699918, wd_multiplier: 0.0
I20260709 03:40:59 39 dinov3 param_groups.py:168] blocks.6.mlp.fc1.weight: lr_multiplier: 0.15009463529699918, wd_multiplier: 1.0
I20260709 03:40:59 39 dinov3 param_groups.py:168] blocks.6.mlp.fc1.bias: lr_multiplier: 0.15009463529699918, wd_multiplier: 0.0
I20260709 03:40:59 39 dinov3 param_groups.py:168] blocks.6.mlp.fc2.weight: lr_multiplier: 0.15009463529699918, wd_multiplier: 1.0
I20260709 03:40:59 39 dinov3 param_groups.py:168] blocks.6.mlp.fc2.bias: lr_multiplier: 0.15009463529699918, wd_multiplier: 0.0
I20260709 03:40:59 39 dinov3 param_groups.py:168] blocks.6.ls2.gamma: lr_multiplier: 0.15009463529699918, wd_multiplier: 0.0
I20260709 03:40:59 39 dinov3 param_groups.py:168] blocks.7.norm1.weight: lr_multiplier: 0.16677181699666577, wd_multiplier: 0.0
I20260709 03:40:59 39 dinov3 param_groups.py:168] blocks.7.norm1.bias: lr_multiplier: 0.16677181699666577, wd_multiplier: 0.0
I20260709 03:40:59 39 dinov3 param_groups.py:168] blocks.7.attn.qkv.weight: lr_multiplier: 0.16677181699666577, wd_multiplier: 1.0
I20260709 03:40:59 39 dinov3 param_groups.py:168] blocks.7.attn.qkv.bias: lr_multiplier: 0.16677181699666577, wd_multiplier: 0.0
I20260709 03:40:59 39 dinov3 param_groups.py:168] blocks.7.attn.proj.weight: lr_multiplier: 0.16677181699666577, wd_multiplier: 1.0
I20260709 03:40:59 39 dinov3 param_groups.py:168] blocks.7.attn.proj.bias: lr_multiplier: 0.16677181699666577, wd_multiplier: 0.0
I20260709 03:40:59 39 dinov3 param_groups.py:168] blocks.7.ls1.gamma: lr_multiplier: 0.16677181699666577, wd_multiplier: 0.0
I20260709 03:40:59 39 dinov3 param_groups.py:168] blocks.7.norm2.weight: lr_multiplier: 0.16677181699666577, wd_multiplier: 0.0
I20260709 03:40:59 39 dinov3 param_groups.py:168] blocks.7.norm2.bias: lr_multiplier: 0.16677181699666577, wd_multiplier: 0.0
I20260709 03:40:59 39 dinov3 param_groups.py:168] blocks.7.mlp.fc1.weight: lr_multiplier: 0.16677181699666577, wd_multiplier: 1.0
I20260709 03:40:59 39 dinov3 param_groups.py:168] blocks.7.mlp.fc1.bias: lr_multiplier: 0.16677181699666577, wd_multiplier: 0.0
I20260709 03:40:59 39 dinov3 param_groups.py:168] blocks.7.mlp.fc2.weight: lr_multiplier: 0.16677181699666577, wd_multiplier: 1.0
I20260709 03:40:59 39 dinov3 param_groups.py:168] blocks.7.mlp.fc2.bias: lr_multiplier: 0.16677181699666577, wd_multiplier: 0.0
I20260709 03:40:59 39 dinov3 param_groups.py:168] blocks.7.ls2.gamma: lr_multiplier: 0.16677181699666577, wd_multiplier: 0.0
I20260709 03:40:59 39 dinov3 param_groups.py:168] blocks.8.norm1.weight: lr_multiplier: 0.18530201888518416, wd_multiplier: 0.0
I20260709 03:40:59 39 dinov3 param_groups.py:168] blocks.8.norm1.bias: lr_multiplier: 0.18530201888518416, wd_multiplier: 0.0
I20260709 03:40:59 39 dinov3 param_groups.py:168] blocks.8.attn.qkv.weight: lr_multiplier: 0.18530201888518416, wd_multiplier: 1.0
I20260709 03:40:59 39 dinov3 param_groups.py:168] blocks.8.attn.qkv.bias: lr_multiplier: 0.18530201888518416, wd_multiplier: 0.0
I20260709 03:40:59 39 dinov3 param_groups.py:168] blocks.8.attn.proj.weight: lr_multiplier: 0.18530201888518416, wd_multiplier: 1.0
I20260709 03:40:59 39 dinov3 param_groups.py:168] blocks.8.attn.proj.bias: lr_multiplier: 0.18530201888518416, wd_multiplier: 0.0
I20260709 03:40:59 39 dinov3 param_groups.py:168] blocks.8.ls1.gamma: lr_multiplier: 0.18530201888518416, wd_multiplier: 0.0
I20260709 03:40:59 39 dinov3 param_groups.py:168] blocks.8.norm2.weight: lr_multiplier: 0.18530201888518416, wd_multiplier: 0.0
I20260709 03:40:59 39 dinov3 param_groups.py:168] blocks.8.norm2.bias: lr_multiplier: 0.18530201888518416, wd_multiplier: 0.0
I20260709 03:40:59 39 dinov3 param_groups.py:168] blocks.8.mlp.fc1.weight: lr_multiplier: 0.18530201888518416, wd_multiplier: 1.0
I20260709 03:40:59 39 dinov3 param_groups.py:168] blocks.8.mlp.fc1.bias: lr_multiplier: 0.18530201888518416, wd_multiplier: 0.0
I20260709 03:40:59 39 dinov3 param_groups.py:168] blocks.8.mlp.fc2.weight: lr_multiplier: 0.18530201888518416, wd_multiplier: 1.0
I20260709 03:40:59 39 dinov3 param_groups.py:168] blocks.8.mlp.fc2.bias: lr_multiplier: 0.18530201888518416, wd_multiplier: 0.0
I20260709 03:40:59 39 dinov3 param_groups.py:168] blocks.8.ls2.gamma: lr_multiplier: 0.18530201888518416, wd_multiplier: 0.0
I20260709 03:40:59 39 dinov3 param_groups.py:168] blocks.9.norm1.weight: lr_multiplier: 0.20589113209464907, wd_multiplier: 0.0
I20260709 03:40:59 39 dinov3 param_groups.py:168] blocks.9.norm1.bias: lr_multiplier: 0.20589113209464907, wd_multiplier: 0.0
I20260709 03:40:59 39 dinov3 param_groups.py:168] blocks.9.attn.qkv.weight: lr_multiplier: 0.20589113209464907, wd_multiplier: 1.0
I20260709 03:40:59 39 dinov3 param_groups.py:168] blocks.9.attn.qkv.bias: lr_multiplier: 0.20589113209464907, wd_multiplier: 0.0
I20260709 03:40:59 39 dinov3 param_groups.py:168] blocks.9.attn.proj.weight: lr_multiplier: 0.20589113209464907, wd_multiplier: 1.0
I20260709 03:40:59 39 dinov3 param_groups.py:168] blocks.9.attn.proj.bias: lr_multiplier: 0.20589113209464907, wd_multiplier: 0.0
I20260709 03:40:59 39 dinov3 param_groups.py:168] blocks.9.ls1.gamma: lr_multiplier: 0.20589113209464907, wd_multiplier: 0.0
I20260709 03:40:59 39 dinov3 param_groups.py:168] blocks.9.norm2.weight: lr_multiplier: 0.20589113209464907, wd_multiplier: 0.0
I20260709 03:40:59 39 dinov3 param_groups.py:168] blocks.9.norm2.bias: lr_multiplier: 0.20589113209464907, wd_multiplier: 0.0
I20260709 03:40:59 39 dinov3 param_groups.py:168] blocks.9.mlp.fc1.weight: lr_multiplier: 0.20589113209464907, wd_multiplier: 1.0
I20260709 03:40:59 39 dinov3 param_groups.py:168] blocks.9.mlp.fc1.bias: lr_multiplier: 0.20589113209464907, wd_multiplier: 0.0
I20260709 03:40:59 39 dinov3 param_groups.py:168] blocks.9.mlp.fc2.weight: lr_multiplier: 0.20589113209464907, wd_multiplier: 1.0
I20260709 03:40:59 39 dinov3 param_groups.py:168] blocks.9.mlp.fc2.bias: lr_multiplier: 0.20589113209464907, wd_multiplier: 0.0
I20260709 03:40:59 39 dinov3 param_groups.py:168] blocks.9.ls2.gamma: lr_multiplier: 0.20589113209464907, wd_multiplier: 0.0
I20260709 03:40:59 39 dinov3 param_groups.py:168] blocks.10.norm1.weight: lr_multiplier: 0.2287679245496101, wd_multiplier: 0.0
I20260709 03:40:59 39 dinov3 param_groups.py:168] blocks.10.norm1.bias: lr_multiplier: 0.2287679245496101, wd_multiplier: 0.0
I20260709 03:40:59 39 dinov3 param_groups.py:168] blocks.10.attn.qkv.weight: lr_multiplier: 0.2287679245496101, wd_multiplier: 1.0
I20260709 03:40:59 39 dinov3 param_groups.py:168] blocks.10.attn.qkv.bias: lr_multiplier: 0.2287679245496101, wd_multiplier: 0.0
I20260709 03:40:59 39 dinov3 param_groups.py:168] blocks.10.attn.proj.weight: lr_multiplier: 0.2287679245496101, wd_multiplier: 1.0
I20260709 03:40:59 39 dinov3 param_groups.py:168] blocks.10.attn.proj.bias: lr_multiplier: 0.2287679245496101, wd_multiplier: 0.0
I20260709 03:40:59 39 dinov3 param_groups.py:168] blocks.10.ls1.gamma: lr_multiplier: 0.2287679245496101, wd_multiplier: 0.0
I20260709 03:40:59 39 dinov3 param_groups.py:168] blocks.10.norm2.weight: lr_multiplier: 0.2287679245496101, wd_multiplier: 0.0
I20260709 03:40:59 39 dinov3 param_groups.py:168] blocks.10.norm2.bias: lr_multiplier: 0.2287679245496101, wd_multiplier: 0.0
I20260709 03:40:59 39 dinov3 param_groups.py:168] blocks.10.mlp.fc1.weight: lr_multiplier: 0.2287679245496101, wd_multiplier: 1.0
I20260709 03:40:59 39 dinov3 param_groups.py:168] blocks.10.mlp.fc1.bias: lr_multiplier: 0.2287679245496101, wd_multiplier: 0.0
I20260709 03:40:59 39 dinov3 param_groups.py:168] blocks.10.mlp.fc2.weight: lr_multiplier: 0.2287679245496101, wd_multiplier: 1.0
I20260709 03:40:59 39 dinov3 param_groups.py:168] blocks.10.mlp.fc2.bias: lr_multiplier: 0.2287679245496101, wd_multiplier: 0.0
I20260709 03:40:59 39 dinov3 param_groups.py:168] blocks.10.ls2.gamma: lr_multiplier: 0.2287679245496101, wd_multiplier: 0.0
I20260709 03:40:59 39 dinov3 param_groups.py:168] blocks.11.norm1.weight: lr_multiplier: 0.2541865828329001, wd_multiplier: 0.0
I20260709 03:40:59 39 dinov3 param_groups.py:168] blocks.11.norm1.bias: lr_multiplier: 0.2541865828329001, wd_multiplier: 0.0
I20260709 03:40:59 39 dinov3 param_groups.py:168] blocks.11.attn.qkv.weight: lr_multiplier: 0.2541865828329001, wd_multiplier: 1.0
I20260709 03:40:59 39 dinov3 param_groups.py:168] blocks.11.attn.qkv.bias: lr_multiplier: 0.2541865828329001, wd_multiplier: 0.0
I20260709 03:40:59 39 dinov3 param_groups.py:168] blocks.11.attn.proj.weight: lr_multiplier: 0.2541865828329001, wd_multiplier: 1.0
I20260709 03:40:59 39 dinov3 param_groups.py:168] blocks.11.attn.proj.bias: lr_multiplier: 0.2541865828329001, wd_multiplier: 0.0
I20260709 03:40:59 39 dinov3 param_groups.py:168] blocks.11.ls1.gamma: lr_multiplier: 0.2541865828329001, wd_multiplier: 0.0
I20260709 03:40:59 39 dinov3 param_groups.py:168] blocks.11.norm2.weight: lr_multiplier: 0.2541865828329001, wd_multiplier: 0.0
I20260709 03:40:59 39 dinov3 param_groups.py:168] blocks.11.norm2.bias: lr_multiplier: 0.2541865828329001, wd_multiplier: 0.0
I20260709 03:40:59 39 dinov3 param_groups.py:168] blocks.11.mlp.fc1.weight: lr_multiplier: 0.2541865828329001, wd_multiplier: 1.0
I20260709 03:40:59 39 dinov3 param_groups.py:168] blocks.11.mlp.fc1.bias: lr_multiplier: 0.2541865828329001, wd_multiplier: 0.0
I20260709 03:40:59 39 dinov3 param_groups.py:168] blocks.11.mlp.fc2.weight: lr_multiplier: 0.2541865828329001, wd_multiplier: 1.0
I20260709 03:40:59 39 dinov3 param_groups.py:168] blocks.11.mlp.fc2.bias: lr_multiplier: 0.2541865828329001, wd_multiplier: 0.0
I20260709 03:40:59 39 dinov3 param_groups.py:168] blocks.11.ls2.gamma: lr_multiplier: 0.2541865828329001, wd_multiplier: 0.0
I20260709 03:40:59 39 dinov3 param_groups.py:168] blocks.12.norm1.weight: lr_multiplier: 0.2824295364810001, wd_multiplier: 0.0
I20260709 03:40:59 39 dinov3 param_groups.py:168] blocks.12.norm1.bias: lr_multiplier: 0.2824295364810001, wd_multiplier: 0.0
I20260709 03:40:59 39 dinov3 param_groups.py:168] blocks.12.attn.qkv.weight: lr_multiplier: 0.2824295364810001, wd_multiplier: 1.0
I20260709 03:40:59 39 dinov3 param_groups.py:168] blocks.12.attn.qkv.bias: lr_multiplier: 0.2824295364810001, wd_multiplier: 0.0
I20260709 03:40:59 39 dinov3 param_groups.py:168] blocks.12.attn.proj.weight: lr_multiplier: 0.2824295364810001, wd_multiplier: 1.0
I20260709 03:40:59 39 dinov3 param_groups.py:168] blocks.12.attn.proj.bias: lr_multiplier: 0.2824295364810001, wd_multiplier: 0.0
I20260709 03:40:59 39 dinov3 param_groups.py:168] blocks.12.ls1.gamma: lr_multiplier: 0.2824295364810001, wd_multiplier: 0.0
I20260709 03:40:59 39 dinov3 param_groups.py:168] blocks.12.norm2.weight: lr_multiplier: 0.2824295364810001, wd_multiplier: 0.0
I20260709 03:40:59 39 dinov3 param_groups.py:168] blocks.12.norm2.bias: lr_multiplier: 0.2824295364810001, wd_multiplier: 0.0
I20260709 03:40:59 39 dinov3 param_groups.py:168] blocks.12.mlp.fc1.weight: lr_multiplier: 0.2824295364810001, wd_multiplier: 1.0
I20260709 03:40:59 39 dinov3 param_groups.py:168] blocks.12.mlp.fc1.bias: lr_multiplier: 0.2824295364810001, wd_multiplier: 0.0
I20260709 03:40:59 39 dinov3 param_groups.py:168] blocks.12.mlp.fc2.weight: lr_multiplier: 0.2824295364810001, wd_multiplier: 1.0
I20260709 03:40:59 39 dinov3 param_groups.py:168] blocks.12.mlp.fc2.bias: lr_multiplier: 0.2824295364810001, wd_multiplier: 0.0
I20260709 03:40:59 39 dinov3 param_groups.py:168] blocks.12.ls2.gamma: lr_multiplier: 0.2824295364810001, wd_multiplier: 0.0
I20260709 03:40:59 39 dinov3 param_groups.py:168] blocks.13.norm1.weight: lr_multiplier: 0.31381059609000006, wd_multiplier: 0.0
I20260709 03:40:59 39 dinov3 param_groups.py:168] blocks.13.norm1.bias: lr_multiplier: 0.31381059609000006, wd_multiplier: 0.0
I20260709 03:40:59 39 dinov3 param_groups.py:168] blocks.13.attn.qkv.weight: lr_multiplier: 0.31381059609000006, wd_multiplier: 1.0
I20260709 03:40:59 39 dinov3 param_groups.py:168] blocks.13.attn.qkv.bias: lr_multiplier: 0.31381059609000006, wd_multiplier: 0.0
I20260709 03:40:59 39 dinov3 param_groups.py:168] blocks.13.attn.proj.weight: lr_multiplier: 0.31381059609000006, wd_multiplier: 1.0
I20260709 03:40:59 39 dinov3 param_groups.py:168] blocks.13.attn.proj.bias: lr_multiplier: 0.31381059609000006, wd_multiplier: 0.0
I20260709 03:40:59 39 dinov3 param_groups.py:168] blocks.13.ls1.gamma: lr_multiplier: 0.31381059609000006, wd_multiplier: 0.0
I20260709 03:40:59 39 dinov3 param_groups.py:168] blocks.13.norm2.weight: lr_multiplier: 0.31381059609000006, wd_multiplier: 0.0
I20260709 03:40:59 39 dinov3 param_groups.py:168] blocks.13.norm2.bias: lr_multiplier: 0.31381059609000006, wd_multiplier: 0.0
I20260709 03:40:59 39 dinov3 param_groups.py:168] blocks.13.mlp.fc1.weight: lr_multiplier: 0.31381059609000006, wd_multiplier: 1.0
I20260709 03:40:59 39 dinov3 param_groups.py:168] blocks.13.mlp.fc1.bias: lr_multiplier: 0.31381059609000006, wd_multiplier: 0.0
I20260709 03:40:59 39 dinov3 param_groups.py:168] blocks.13.mlp.fc2.weight: lr_multiplier: 0.31381059609000006, wd_multiplier: 1.0
I20260709 03:40:59 39 dinov3 param_groups.py:168] blocks.13.mlp.fc2.bias: lr_multiplier: 0.31381059609000006, wd_multiplier: 0.0
I20260709 03:40:59 39 dinov3 param_groups.py:168] blocks.13.ls2.gamma: lr_multiplier: 0.31381059609000006, wd_multiplier: 0.0
I20260709 03:40:59 39 dinov3 param_groups.py:168] blocks.14.norm1.weight: lr_multiplier: 0.3486784401000001, wd_multiplier: 0.0
I20260709 03:40:59 39 dinov3 param_groups.py:168] blocks.14.norm1.bias: lr_multiplier: 0.3486784401000001, wd_multiplier: 0.0
I20260709 03:40:59 39 dinov3 param_groups.py:168] blocks.14.attn.qkv.weight: lr_multiplier: 0.3486784401000001, wd_multiplier: 1.0
I20260709 03:40:59 39 dinov3 param_groups.py:168] blocks.14.attn.qkv.bias: lr_multiplier: 0.3486784401000001, wd_multiplier: 0.0
I20260709 03:40:59 39 dinov3 param_groups.py:168] blocks.14.attn.proj.weight: lr_multiplier: 0.3486784401000001, wd_multiplier: 1.0
I20260709 03:40:59 39 dinov3 param_groups.py:168] blocks.14.attn.proj.bias: lr_multiplier: 0.3486784401000001, wd_multiplier: 0.0
I20260709 03:40:59 39 dinov3 param_groups.py:168] blocks.14.ls1.gamma: lr_multiplier: 0.3486784401000001, wd_multiplier: 0.0
I20260709 03:40:59 39 dinov3 param_groups.py:168] blocks.14.norm2.weight: lr_multiplier: 0.3486784401000001, wd_multiplier: 0.0
I20260709 03:40:59 39 dinov3 param_groups.py:168] blocks.14.norm2.bias: lr_multiplier: 0.3486784401000001, wd_multiplier: 0.0
I20260709 03:40:59 39 dinov3 param_groups.py:168] blocks.14.mlp.fc1.weight: lr_multiplier: 0.3486784401000001, wd_multiplier: 1.0
I20260709 03:40:59 39 dinov3 param_groups.py:168] blocks.14.mlp.fc1.bias: lr_multiplier: 0.3486784401000001, wd_multiplier: 0.0
I20260709 03:40:59 39 dinov3 param_groups.py:168] blocks.14.mlp.fc2.weight: lr_multiplier: 0.3486784401000001, wd_multiplier: 1.0
I20260709 03:40:59 39 dinov3 param_groups.py:168] blocks.14.mlp.fc2.bias: lr_multiplier: 0.3486784401000001, wd_multiplier: 0.0
I20260709 03:40:59 39 dinov3 param_groups.py:168] blocks.14.ls2.gamma: lr_multiplier: 0.3486784401000001, wd_multiplier: 0.0
I20260709 03:40:59 39 dinov3 param_groups.py:168] blocks.15.norm1.weight: lr_multiplier: 0.3874204890000001, wd_multiplier: 0.0
I20260709 03:40:59 39 dinov3 param_groups.py:168] blocks.15.norm1.bias: lr_multiplier: 0.3874204890000001, wd_multiplier: 0.0
I20260709 03:40:59 39 dinov3 param_groups.py:168] blocks.15.attn.qkv.weight: lr_multiplier: 0.3874204890000001, wd_multiplier: 1.0
I20260709 03:40:59 39 dinov3 param_groups.py:168] blocks.15.attn.qkv.bias: lr_multiplier: 0.3874204890000001, wd_multiplier: 0.0
I20260709 03:40:59 39 dinov3 param_groups.py:168] blocks.15.attn.proj.weight: lr_multiplier: 0.3874204890000001, wd_multiplier: 1.0
I20260709 03:40:59 39 dinov3 param_groups.py:168] blocks.15.attn.proj.bias: lr_multiplier: 0.3874204890000001, wd_multiplier: 0.0
I20260709 03:40:59 39 dinov3 param_groups.py:168] blocks.15.ls1.gamma: lr_multiplier: 0.3874204890000001, wd_multiplier: 0.0
I20260709 03:40:59 39 dinov3 param_groups.py:168] blocks.15.norm2.weight: lr_multiplier: 0.3874204890000001, wd_multiplier: 0.0
I20260709 03:40:59 39 dinov3 param_groups.py:168] blocks.15.norm2.bias: lr_multiplier: 0.3874204890000001, wd_multiplier: 0.0
I20260709 03:40:59 39 dinov3 param_groups.py:168] blocks.15.mlp.fc1.weight: lr_multiplier: 0.3874204890000001, wd_multiplier: 1.0
I20260709 03:40:59 39 dinov3 param_groups.py:168] blocks.15.mlp.fc1.bias: lr_multiplier: 0.3874204890000001, wd_multiplier: 0.0
I20260709 03:40:59 39 dinov3 param_groups.py:168] blocks.15.mlp.fc2.weight: lr_multiplier: 0.3874204890000001, wd_multiplier: 1.0
I20260709 03:40:59 39 dinov3 param_groups.py:168] blocks.15.mlp.fc2.bias: lr_multiplier: 0.3874204890000001, wd_multiplier: 0.0
I20260709 03:40:59 39 dinov3 param_groups.py:168] blocks.15.ls2.gamma: lr_multiplier: 0.3874204890000001, wd_multiplier: 0.0
I20260709 03:40:59 39 dinov3 param_groups.py:168] blocks.16.norm1.weight: lr_multiplier: 0.4304672100000001, wd_multiplier: 0.0
I20260709 03:40:59 39 dinov3 param_groups.py:168] blocks.16.norm1.bias: lr_multiplier: 0.4304672100000001, wd_multiplier: 0.0
I20260709 03:40:59 39 dinov3 param_groups.py:168] blocks.16.attn.qkv.weight: lr_multiplier: 0.4304672100000001, wd_multiplier: 1.0
I20260709 03:40:59 39 dinov3 param_groups.py:168] blocks.16.attn.qkv.bias: lr_multiplier: 0.4304672100000001, wd_multiplier: 0.0
I20260709 03:40:59 39 dinov3 param_groups.py:168] blocks.16.attn.proj.weight: lr_multiplier: 0.4304672100000001, wd_multiplier: 1.0
I20260709 03:40:59 39 dinov3 param_groups.py:168] blocks.16.attn.proj.bias: lr_multiplier: 0.4304672100000001, wd_multiplier: 0.0
I20260709 03:40:59 39 dinov3 param_groups.py:168] blocks.16.ls1.gamma: lr_multiplier: 0.4304672100000001, wd_multiplier: 0.0
I20260709 03:40:59 39 dinov3 param_groups.py:168] blocks.16.norm2.weight: lr_multiplier: 0.4304672100000001, wd_multiplier: 0.0
I20260709 03:40:59 39 dinov3 param_groups.py:168] blocks.16.norm2.bias: lr_multiplier: 0.4304672100000001, wd_multiplier: 0.0
I20260709 03:40:59 39 dinov3 param_groups.py:168] blocks.16.mlp.fc1.weight: lr_multiplier: 0.4304672100000001, wd_multiplier: 1.0
I20260709 03:40:59 39 dinov3 param_groups.py:168] blocks.16.mlp.fc1.bias: lr_multiplier: 0.4304672100000001, wd_multiplier: 0.0
I20260709 03:40:59 39 dinov3 param_groups.py:168] blocks.16.mlp.fc2.weight: lr_multiplier: 0.4304672100000001, wd_multiplier: 1.0
I20260709 03:40:59 39 dinov3 param_groups.py:168] blocks.16.mlp.fc2.bias: lr_multiplier: 0.4304672100000001, wd_multiplier: 0.0
I20260709 03:40:59 39 dinov3 param_groups.py:168] blocks.16.ls2.gamma: lr_multiplier: 0.4304672100000001, wd_multiplier: 0.0
I20260709 03:40:59 39 dinov3 param_groups.py:168] blocks.17.norm1.weight: lr_multiplier: 0.4782969000000001, wd_multiplier: 0.0
I20260709 03:40:59 39 dinov3 param_groups.py:168] blocks.17.norm1.bias: lr_multiplier: 0.4782969000000001, wd_multiplier: 0.0
I20260709 03:40:59 39 dinov3 param_groups.py:168] blocks.17.attn.qkv.weight: lr_multiplier: 0.4782969000000001, wd_multiplier: 1.0
I20260709 03:40:59 39 dinov3 param_groups.py:168] blocks.17.attn.qkv.bias: lr_multiplier: 0.4782969000000001, wd_multiplier: 0.0
I20260709 03:40:59 39 dinov3 param_groups.py:168] blocks.17.attn.proj.weight: lr_multiplier: 0.4782969000000001, wd_multiplier: 1.0
I20260709 03:40:59 39 dinov3 param_groups.py:168] blocks.17.attn.proj.bias: lr_multiplier: 0.4782969000000001, wd_multiplier: 0.0
I20260709 03:40:59 39 dinov3 param_groups.py:168] blocks.17.ls1.gamma: lr_multiplier: 0.4782969000000001, wd_multiplier: 0.0
I20260709 03:40:59 39 dinov3 param_groups.py:168] blocks.17.norm2.weight: lr_multiplier: 0.4782969000000001, wd_multiplier: 0.0
I20260709 03:40:59 39 dinov3 param_groups.py:168] blocks.17.norm2.bias: lr_multiplier: 0.4782969000000001, wd_multiplier: 0.0
I20260709 03:40:59 39 dinov3 param_groups.py:168] blocks.17.mlp.fc1.weight: lr_multiplier: 0.4782969000000001, wd_multiplier: 1.0
I20260709 03:40:59 39 dinov3 param_groups.py:168] blocks.17.mlp.fc1.bias: lr_multiplier: 0.4782969000000001, wd_multiplier: 0.0
I20260709 03:40:59 39 dinov3 param_groups.py:168] blocks.17.mlp.fc2.weight: lr_multiplier: 0.4782969000000001, wd_multiplier: 1.0
I20260709 03:40:59 39 dinov3 param_groups.py:168] blocks.17.mlp.fc2.bias: lr_multiplier: 0.4782969000000001, wd_multiplier: 0.0
I20260709 03:40:59 39 dinov3 param_groups.py:168] blocks.17.ls2.gamma: lr_multiplier: 0.4782969000000001, wd_multiplier: 0.0
I20260709 03:40:59 39 dinov3 param_groups.py:168] blocks.18.norm1.weight: lr_multiplier: 0.531441, wd_multiplier: 0.0
I20260709 03:40:59 39 dinov3 param_groups.py:168] blocks.18.norm1.bias: lr_multiplier: 0.531441, wd_multiplier: 0.0
I20260709 03:40:59 39 dinov3 param_groups.py:168] blocks.18.attn.qkv.weight: lr_multiplier: 0.531441, wd_multiplier: 1.0
I20260709 03:40:59 39 dinov3 param_groups.py:168] blocks.18.attn.qkv.bias: lr_multiplier: 0.531441, wd_multiplier: 0.0
I20260709 03:40:59 39 dinov3 param_groups.py:168] blocks.18.attn.proj.weight: lr_multiplier: 0.531441, wd_multiplier: 1.0
I20260709 03:40:59 39 dinov3 param_groups.py:168] blocks.18.attn.proj.bias: lr_multiplier: 0.531441, wd_multiplier: 0.0
I20260709 03:40:59 39 dinov3 param_groups.py:168] blocks.18.ls1.gamma: lr_multiplier: 0.531441, wd_multiplier: 0.0
I20260709 03:40:59 39 dinov3 param_groups.py:168] blocks.18.norm2.weight: lr_multiplier: 0.531441, wd_multiplier: 0.0
I20260709 03:40:59 39 dinov3 param_groups.py:168] blocks.18.norm2.bias: lr_multiplier: 0.531441, wd_multiplier: 0.0
I20260709 03:40:59 39 dinov3 param_groups.py:168] blocks.18.mlp.fc1.weight: lr_multiplier: 0.531441, wd_multiplier: 1.0
I20260709 03:40:59 39 dinov3 param_groups.py:168] blocks.18.mlp.fc1.bias: lr_multiplier: 0.531441, wd_multiplier: 0.0
I20260709 03:40:59 39 dinov3 param_groups.py:168] blocks.18.mlp.fc2.weight: lr_multiplier: 0.531441, wd_multiplier: 1.0
I20260709 03:40:59 39 dinov3 param_groups.py:168] blocks.18.mlp.fc2.bias: lr_multiplier: 0.531441, wd_multiplier: 0.0
I20260709 03:40:59 39 dinov3 param_groups.py:168] blocks.18.ls2.gamma: lr_multiplier: 0.531441, wd_multiplier: 0.0
I20260709 03:40:59 39 dinov3 param_groups.py:168] blocks.19.norm1.weight: lr_multiplier: 0.5904900000000001, wd_multiplier: 0.0
I20260709 03:40:59 39 dinov3 param_groups.py:168] blocks.19.norm1.bias: lr_multiplier: 0.5904900000000001, wd_multiplier: 0.0
I20260709 03:40:59 39 dinov3 param_groups.py:168] blocks.19.attn.qkv.weight: lr_multiplier: 0.5904900000000001, wd_multiplier: 1.0
I20260709 03:40:59 39 dinov3 param_groups.py:168] blocks.19.attn.qkv.bias: lr_multiplier: 0.5904900000000001, wd_multiplier: 0.0
I20260709 03:40:59 39 dinov3 param_groups.py:168] blocks.19.attn.proj.weight: lr_multiplier: 0.5904900000000001, wd_multiplier: 1.0
I20260709 03:40:59 39 dinov3 param_groups.py:168] blocks.19.attn.proj.bias: lr_multiplier: 0.5904900000000001, wd_multiplier: 0.0
I20260709 03:40:59 39 dinov3 param_groups.py:168] blocks.19.ls1.gamma: lr_multiplier: 0.5904900000000001, wd_multiplier: 0.0
I20260709 03:40:59 39 dinov3 param_groups.py:168] blocks.19.norm2.weight: lr_multiplier: 0.5904900000000001, wd_multiplier: 0.0
I20260709 03:40:59 39 dinov3 param_groups.py:168] blocks.19.norm2.bias: lr_multiplier: 0.5904900000000001, wd_multiplier: 0.0
I20260709 03:40:59 39 dinov3 param_groups.py:168] blocks.19.mlp.fc1.weight: lr_multiplier: 0.5904900000000001, wd_multiplier: 1.0
I20260709 03:40:59 39 dinov3 param_groups.py:168] blocks.19.mlp.fc1.bias: lr_multiplier: 0.5904900000000001, wd_multiplier: 0.0
I20260709 03:40:59 39 dinov3 param_groups.py:168] blocks.19.mlp.fc2.weight: lr_multiplier: 0.5904900000000001, wd_multiplier: 1.0
I20260709 03:40:59 39 dinov3 param_groups.py:168] blocks.19.mlp.fc2.bias: lr_multiplier: 0.5904900000000001, wd_multiplier: 0.0
I20260709 03:40:59 39 dinov3 param_groups.py:168] blocks.19.ls2.gamma: lr_multiplier: 0.5904900000000001, wd_multiplier: 0.0
I20260709 03:40:59 39 dinov3 param_groups.py:168] blocks.20.norm1.weight: lr_multiplier: 0.6561, wd_multiplier: 0.0
I20260709 03:40:59 39 dinov3 param_groups.py:168] blocks.20.norm1.bias: lr_multiplier: 0.6561, wd_multiplier: 0.0
I20260709 03:40:59 39 dinov3 param_groups.py:168] blocks.20.attn.qkv.weight: lr_multiplier: 0.6561, wd_multiplier: 1.0
I20260709 03:40:59 39 dinov3 param_groups.py:168] blocks.20.attn.qkv.bias: lr_multiplier: 0.6561, wd_multiplier: 0.0
I20260709 03:40:59 39 dinov3 param_groups.py:168] blocks.20.attn.proj.weight: lr_multiplier: 0.6561, wd_multiplier: 1.0
I20260709 03:40:59 39 dinov3 param_groups.py:168] blocks.20.attn.proj.bias: lr_multiplier: 0.6561, wd_multiplier: 0.0
I20260709 03:40:59 39 dinov3 param_groups.py:168] blocks.20.ls1.gamma: lr_multiplier: 0.6561, wd_multiplier: 0.0
I20260709 03:40:59 39 dinov3 param_groups.py:168] blocks.20.norm2.weight: lr_multiplier: 0.6561, wd_multiplier: 0.0
I20260709 03:40:59 39 dinov3 param_groups.py:168] blocks.20.norm2.bias: lr_multiplier: 0.6561, wd_multiplier: 0.0
I20260709 03:40:59 39 dinov3 param_groups.py:168] blocks.20.mlp.fc1.weight: lr_multiplier: 0.6561, wd_multiplier: 1.0
I20260709 03:40:59 39 dinov3 param_groups.py:168] blocks.20.mlp.fc1.bias: lr_multiplier: 0.6561, wd_multiplier: 0.0
I20260709 03:40:59 39 dinov3 param_groups.py:168] blocks.20.mlp.fc2.weight: lr_multiplier: 0.6561, wd_multiplier: 1.0
I20260709 03:40:59 39 dinov3 param_groups.py:168] blocks.20.mlp.fc2.bias: lr_multiplier: 0.6561, wd_multiplier: 0.0
I20260709 03:40:59 39 dinov3 param_groups.py:168] blocks.20.ls2.gamma: lr_multiplier: 0.6561, wd_multiplier: 0.0
I20260709 03:40:59 39 dinov3 param_groups.py:168] blocks.21.norm1.weight: lr_multiplier: 0.7290000000000001, wd_multiplier: 0.0
I20260709 03:40:59 39 dinov3 param_groups.py:168] blocks.21.norm1.bias: lr_multiplier: 0.7290000000000001, wd_multiplier: 0.0
I20260709 03:40:59 39 dinov3 param_groups.py:168] blocks.21.attn.qkv.weight: lr_multiplier: 0.7290000000000001, wd_multiplier: 1.0
I20260709 03:40:59 39 dinov3 param_groups.py:168] blocks.21.attn.qkv.bias: lr_multiplier: 0.7290000000000001, wd_multiplier: 0.0
I20260709 03:40:59 39 dinov3 param_groups.py:168] blocks.21.attn.proj.weight: lr_multiplier: 0.7290000000000001, wd_multiplier: 1.0
I20260709 03:40:59 39 dinov3 param_groups.py:168] blocks.21.attn.proj.bias: lr_multiplier: 0.7290000000000001, wd_multiplier: 0.0
I20260709 03:40:59 39 dinov3 param_groups.py:168] blocks.21.ls1.gamma: lr_multiplier: 0.7290000000000001, wd_multiplier: 0.0
I20260709 03:40:59 39 dinov3 param_groups.py:168] blocks.21.norm2.weight: lr_multiplier: 0.7290000000000001, wd_multiplier: 0.0
I20260709 03:40:59 39 dinov3 param_groups.py:168] blocks.21.norm2.bias: lr_multiplier: 0.7290000000000001, wd_multiplier: 0.0
I20260709 03:40:59 39 dinov3 param_groups.py:168] blocks.21.mlp.fc1.weight: lr_multiplier: 0.7290000000000001, wd_multiplier: 1.0
I20260709 03:40:59 39 dinov3 param_groups.py:168] blocks.21.mlp.fc1.bias: lr_multiplier: 0.7290000000000001, wd_multiplier: 0.0
I20260709 03:40:59 39 dinov3 param_groups.py:168] blocks.21.mlp.fc2.weight: lr_multiplier: 0.7290000000000001, wd_multiplier: 1.0
I20260709 03:40:59 39 dinov3 param_groups.py:168] blocks.21.mlp.fc2.bias: lr_multiplier: 0.7290000000000001, wd_multiplier: 0.0
I20260709 03:40:59 39 dinov3 param_groups.py:168] blocks.21.ls2.gamma: lr_multiplier: 0.7290000000000001, wd_multiplier: 0.0
I20260709 03:40:59 39 dinov3 param_groups.py:168] blocks.22.norm1.weight: lr_multiplier: 0.81, wd_multiplier: 0.0
I20260709 03:40:59 39 dinov3 param_groups.py:168] blocks.22.norm1.bias: lr_multiplier: 0.81, wd_multiplier: 0.0
I20260709 03:40:59 39 dinov3 param_groups.py:168] blocks.22.attn.qkv.weight: lr_multiplier: 0.81, wd_multiplier: 1.0
I20260709 03:40:59 39 dinov3 param_groups.py:168] blocks.22.attn.qkv.bias: lr_multiplier: 0.81, wd_multiplier: 0.0
I20260709 03:40:59 39 dinov3 param_groups.py:168] blocks.22.attn.proj.weight: lr_multiplier: 0.81, wd_multiplier: 1.0
I20260709 03:40:59 39 dinov3 param_groups.py:168] blocks.22.attn.proj.bias: lr_multiplier: 0.81, wd_multiplier: 0.0
I20260709 03:40:59 39 dinov3 param_groups.py:168] blocks.22.ls1.gamma: lr_multiplier: 0.81, wd_multiplier: 0.0
I20260709 03:40:59 39 dinov3 param_groups.py:168] blocks.22.norm2.weight: lr_multiplier: 0.81, wd_multiplier: 0.0
I20260709 03:40:59 39 dinov3 param_groups.py:168] blocks.22.norm2.bias: lr_multiplier: 0.81, wd_multiplier: 0.0
I20260709 03:40:59 39 dinov3 param_groups.py:168] blocks.22.mlp.fc1.weight: lr_multiplier: 0.81, wd_multiplier: 1.0
I20260709 03:40:59 39 dinov3 param_groups.py:168] blocks.22.mlp.fc1.bias: lr_multiplier: 0.81, wd_multiplier: 0.0
I20260709 03:40:59 39 dinov3 param_groups.py:168] blocks.22.mlp.fc2.weight: lr_multiplier: 0.81, wd_multiplier: 1.0
I20260709 03:40:59 39 dinov3 param_groups.py:168] blocks.22.mlp.fc2.bias: lr_multiplier: 0.81, wd_multiplier: 0.0
I20260709 03:40:59 39 dinov3 param_groups.py:168] blocks.22.ls2.gamma: lr_multiplier: 0.81, wd_multiplier: 0.0
I20260709 03:40:59 39 dinov3 param_groups.py:168] blocks.23.norm1.weight: lr_multiplier: 0.9, wd_multiplier: 0.0
I20260709 03:40:59 39 dinov3 param_groups.py:168] blocks.23.norm1.bias: lr_multiplier: 0.9, wd_multiplier: 0.0
I20260709 03:40:59 39 dinov3 param_groups.py:168] blocks.23.attn.qkv.weight: lr_multiplier: 0.9, wd_multiplier: 1.0
I20260709 03:40:59 39 dinov3 param_groups.py:168] blocks.23.attn.qkv.bias: lr_multiplier: 0.9, wd_multiplier: 0.0
I20260709 03:40:59 39 dinov3 param_groups.py:168] blocks.23.attn.proj.weight: lr_multiplier: 0.9, wd_multiplier: 1.0
I20260709 03:40:59 39 dinov3 param_groups.py:168] blocks.23.attn.proj.bias: lr_multiplier: 0.9, wd_multiplier: 0.0
I20260709 03:40:59 39 dinov3 param_groups.py:168] blocks.23.ls1.gamma: lr_multiplier: 0.9, wd_multiplier: 0.0
I20260709 03:40:59 39 dinov3 param_groups.py:168] blocks.23.norm2.weight: lr_multiplier: 0.9, wd_multiplier: 0.0
I20260709 03:40:59 39 dinov3 param_groups.py:168] blocks.23.norm2.bias: lr_multiplier: 0.9, wd_multiplier: 0.0
I20260709 03:40:59 39 dinov3 param_groups.py:168] blocks.23.mlp.fc1.weight: lr_multiplier: 0.9, wd_multiplier: 1.0
I20260709 03:40:59 39 dinov3 param_groups.py:168] blocks.23.mlp.fc1.bias: lr_multiplier: 0.9, wd_multiplier: 0.0
I20260709 03:40:59 39 dinov3 param_groups.py:168] blocks.23.mlp.fc2.weight: lr_multiplier: 0.9, wd_multiplier: 1.0
I20260709 03:40:59 39 dinov3 param_groups.py:168] blocks.23.mlp.fc2.bias: lr_multiplier: 0.9, wd_multiplier: 0.0
I20260709 03:40:59 39 dinov3 param_groups.py:168] blocks.23.ls2.gamma: lr_multiplier: 0.9, wd_multiplier: 0.0
I20260709 03:40:59 39 dinov3 param_groups.py:168] norm.weight: lr_multiplier: 1.0, wd_multiplier: 0.0
I20260709 03:40:59 39 dinov3 param_groups.py:168] norm.bias: lr_multiplier: 1.0, wd_multiplier: 0.0
I20260709 03:40:59 39 dinov3 ssl_meta_arch.py:772] fusing param groups
I20260709 03:40:59 39 dinov3 ssl_meta_arch.py:784] Getting paramer groups for dino_head
I20260709 03:40:59 39 dinov3 param_groups.py:168] mlp.0.weight: lr_multiplier: 1.0, wd_multiplier: 1.0
I20260709 03:40:59 39 dinov3 param_groups.py:168] mlp.0.bias: lr_multiplier: 1.0, wd_multiplier: 0.0
I20260709 03:40:59 39 dinov3 param_groups.py:168] mlp.2.weight: lr_multiplier: 1.0, wd_multiplier: 1.0
I20260709 03:40:59 39 dinov3 param_groups.py:168] mlp.2.bias: lr_multiplier: 1.0, wd_multiplier: 0.0
I20260709 03:40:59 39 dinov3 param_groups.py:168] mlp.4.weight: lr_multiplier: 1.0, wd_multiplier: 1.0
I20260709 03:40:59 39 dinov3 param_groups.py:168] mlp.4.bias: lr_multiplier: 1.0, wd_multiplier: 0.0
I20260709 03:40:59 39 dinov3 param_groups.py:168] last_layer.weight: lr_multiplier: 1.0, wd_multiplier: 1.0
I20260709 03:40:59 39 dinov3 ssl_meta_arch.py:772] fusing param groups
I20260709 03:40:59 39 dinov3 ssl_meta_arch.py:784] Getting paramer groups for ibot_head
I20260709 03:40:59 39 dinov3 param_groups.py:168] mlp.0.weight: lr_multiplier: 1.0, wd_multiplier: 1.0
I20260709 03:40:59 39 dinov3 param_groups.py:168] mlp.0.bias: lr_multiplier: 1.0, wd_multiplier: 0.0
I20260709 03:40:59 39 dinov3 param_groups.py:168] mlp.2.weight: lr_multiplier: 1.0, wd_multiplier: 1.0
I20260709 03:40:59 39 dinov3 param_groups.py:168] mlp.2.bias: lr_multiplier: 1.0, wd_multiplier: 0.0
I20260709 03:40:59 39 dinov3 param_groups.py:168] mlp.4.weight: lr_multiplier: 1.0, wd_multiplier: 1.0
I20260709 03:40:59 39 dinov3 param_groups.py:168] mlp.4.bias: lr_multiplier: 1.0, wd_multiplier: 0.0
I20260709 03:40:59 39 dinov3 param_groups.py:168] last_layer.weight: lr_multiplier: 1.0, wd_multiplier: 1.0
I20260709 03:40:59 39 dinov3 ssl_meta_arch.py:772] fusing param groups
I20260709 03:40:59 39 dinov3 train.py:145] Schedulers ready.
I20260709 03:41:00 39 dinov3 ssl_meta_arch.py:329] Loading pretrained weights from /vol/dinov3_web_vitl_teacher.pth
I20260709 03:41:00 39 dinov3 checkpointer.py:276] Loading pretrained weights from /vol/dinov3_web_vitl_teacher.pth
I20260709 03:41:01 39 dinov3 checkpointer.py:310] DAPT non-strict load OK: kept init_weights() values for 15 keys (dino/ibot heads + rope periods)
I20260709 03:41:01 39 dinov3 augmentations.py:59] ###################################
I20260709 03:41:01 39 dinov3 augmentations.py:60] Using data augmentation parameters:
I20260709 03:41:01 39 dinov3 augmentations.py:61] global_crops_scale: [0.32, 1.0]
I20260709 03:41:01 39 dinov3 augmentations.py:62] local_crops_scale: [0.05, 0.32]
I20260709 03:41:01 39 dinov3 augmentations.py:63] local_crops_number: 8
I20260709 03:41:01 39 dinov3 augmentations.py:64] global_crops_size: 256
I20260709 03:41:01 39 dinov3 augmentations.py:65] local_crops_size: 112
I20260709 03:41:01 39 dinov3 augmentations.py:66] gram_crops_size: None
I20260709 03:41:01 39 dinov3 augmentations.py:67] gram_teacher_no_distortions: False
I20260709 03:41:01 39 dinov3 augmentations.py:68] teacher_no_color_jitter: False
I20260709 03:41:01 39 dinov3 augmentations.py:69] local_crops_subset_of_global_crops: False
I20260709 03:41:01 39 dinov3 augmentations.py:70] patch_size if local_crops_subset_of_global_crops: 16
I20260709 03:41:01 39 dinov3 augmentations.py:71] share_color_jitter: False
I20260709 03:41:01 39 dinov3 augmentations.py:72] horizontal flips: True
I20260709 03:41:01 39 dinov3 augmentations.py:73] ###################################
I20260709 03:41:01 39 dinov3 loaders.py:103] using dataset: "AridPool:root=/vol/pool/tiles"
I20260709 03:41:01 39 dinov3 loaders.py:108] # of dataset samples: 1,084
I20260709 03:41:01 39 dinov3 loaders.py:133] sampler: infinite
I20260709 03:41:01 39 dinov3 loaders.py:228] using PyTorch data loader
I20260709 03:41:01 39 dinov3 loaders.py:244] infinite data loader
I20260709 03:41:01 39 dinov3 train.py:431] Starting training from iteration 0
I20260709 03:41:57 39 dinov3 helpers.py:105] Training  [   0/1000]  eta: 15:26:21  lr: 0.0000 (0.0000)  wd: 0.0400 (0.0400)  mom: 0.9940 (0.9940)  last_layer_lr: 0.0000 (0.0000)  total_loss: 16.6594 (16.6594)  local_batch_size: 32.0000 (32.0000)  global_batch_size: 32.0000 (32.0000)  dino_local_crops_loss: 11.1043 (11.1043)  dino_local_loss_weight: 1.0000 (1.0000)  dino_global_crops_loss: 11.1044 (11.1044)  koleo_loss: 0.0078 (0.0078)  ibot_loss: 5.5535 (5.5535)  backbone_grad_norm: 1.9298 (1.9298)  dino_head_grad_norm: 0.0329 (0.0329)  ibot_head_grad_norm: 0.0236 (0.0236)  time: 55.581913  data: 3.878700  mem: 6706  (max mem: 33078)
I20260709 03:42:03 39 dinov3 helpers.py:105] Training  [  10/1000]  eta: 1:32:27  lr: 0.0000 (0.0000)  wd: 0.0400 (0.0400)  mom: 0.9940 (0.9940)  last_layer_lr: 0.0000 (0.0000)  total_loss: 16.6583 (16.6582)  local_batch_size: 32.0000 (32.0000)  global_batch_size: 32.0000 (32.0000)  dino_local_crops_loss: 11.1048 (11.1046)  dino_local_loss_weight: 1.0000 (1.0000)  dino_global_crops_loss: 11.1054 (11.1054)  koleo_loss: -0.0000 (0.0005)  ibot_loss: 5.5535 (5.5534)  backbone_grad_norm: 1.9298 (2.2035)  dino_head_grad_norm: 0.0301 (0.0302)  ibot_head_grad_norm: 0.0230 (0.0229)  time: 5.603534  data: 0.353662  mem: 6706  (max mem: 35751)
I20260709 03:42:09 39 dinov3 helpers.py:105] Training  [  20/1000]  eta: 0:52:38  lr: 0.0000 (0.0000)  wd: 0.0400 (0.0400)  mom: 0.9940 (0.9940)  last_layer_lr: 0.0000 (0.0000)  total_loss: 16.6576 (16.6580)  local_batch_size: 32.0000 (32.0000)  global_batch_size: 32.0000 (32.0000)  dino_local_crops_loss: 11.1045 (11.1043)  dino_local_loss_weight: 1.0000 (1.0000)  dino_global_crops_loss: 11.1058 (11.1056)  koleo_loss: -0.0012 (0.0000)  ibot_loss: 5.5534 (5.5535)  backbone_grad_norm: 2.3045 (2.5021)  dino_head_grad_norm: 0.0300 (0.0304)  ibot_head_grad_norm: 0.0226 (0.0228)  time: 0.605464  data: 0.001141  mem: 6706  (max mem: 35751)
I20260709 03:42:15 39 dinov3 helpers.py:105] Training  [  30/1000]  eta: 0:38:28  lr: 0.0000 (0.0000)  wd: 0.0400 (0.0400)  mom: 0.9940 (0.9940)  last_layer_lr: 0.0000 (0.0000)  total_loss: 16.6539 (16.6560)  local_batch_size: 32.0000 (32.0000)  global_batch_size: 32.0000 (32.0000)  dino_local_crops_loss: 11.1032 (11.1037)  dino_local_loss_weight: 1.0000 (1.0000)  dino_global_crops_loss: 11.1047 (11.1051)  koleo_loss: -0.0164 (-0.0071)  ibot_loss: 5.5536 (5.5535)  backbone_grad_norm: 2.6136 (2.4950)  dino_head_grad_norm: 0.0301 (0.0309)  ibot_head_grad_norm: 0.0231 (0.0232)  time: 0.606898  data: 0.001141  mem: 6706  (max mem: 35751)
I20260709 03:42:21 39 dinov3 helpers.py:105] Training  [  40/1000]  eta: 0:31:10  lr: 0.0000 (0.0000)  wd: 0.0400 (0.0400)  mom: 0.9940 (0.9940)  last_layer_lr: 0.0000 (0.0000)  total_loss: 16.6477 (16.6537)  local_batch_size: 32.0000 (32.0000)  global_batch_size: 32.0000 (32.0000)  dino_local_crops_loss: 11.1021 (11.1032)  dino_local_loss_weight: 1.0000 (1.0000)  dino_global_crops_loss: 11.1037 (11.1048)  koleo_loss: -0.0359 (-0.0158)  ibot_loss: 5.5535 (5.5535)  backbone_grad_norm: 2.3285 (2.5122)  dino_head_grad_norm: 0.0296 (0.0303)  ibot_head_grad_norm: 0.0245 (0.0235)  time: 0.609910  data: 0.001174  mem: 6706  (max mem: 35751)
I20260709 03:42:27 39 dinov3 helpers.py:105] Training  [  50/1000]  eta: 0:26:41  lr: 0.0000 (0.0000)  wd: 0.0400 (0.0400)  mom: 0.9940 (0.9940)  last_layer_lr: 0.0000 (0.0000)  total_loss: 16.6441 (16.6509)  local_batch_size: 32.0000 (32.0000)  global_batch_size: 32.0000 (32.0000)  dino_local_crops_loss: 11.1008 (11.1025)  dino_local_loss_weight: 1.0000 (1.0000)  dino_global_crops_loss: 11.1035 (11.1044)  koleo_loss: -0.0566 (-0.0260)  ibot_loss: 5.5532 (5.5534)  backbone_grad_norm: 2.3285 (2.4142)  dino_head_grad_norm: 0.0282 (0.0298)  ibot_head_grad_norm: 0.0242 (0.0235)  time: 0.609915  data: 0.001153  mem: 6706  (max mem: 35751)
I20260709 03:42:33 39 dinov3 helpers.py:105] Training  [  60/1000]  eta: 0:23:38  lr: 0.0000 (0.0000)  wd: 0.0400 (0.0400)  mom: 0.9940 (0.9940)  last_layer_lr: 0.0000 (0.0000)  total_loss: 16.6353 (16.6481)  local_batch_size: 32.0000 (32.0000)  global_batch_size: 32.0000 (32.0000)  dino_local_crops_loss: 11.0984 (11.1017)  dino_local_loss_weight: 1.0000 (1.0000)  dino_global_crops_loss: 11.1012 (11.1038)  koleo_loss: -0.0752 (-0.0364)  ibot_loss: 5.5533 (5.5534)  backbone_grad_norm: 1.8449 (2.3769)  dino_head_grad_norm: 0.0275 (0.0292)  ibot_head_grad_norm: 0.0238 (0.0236)  time: 0.609401  data: 0.001243  mem: 6706  (max mem: 35751)
I20260709 03:42:39 39 dinov3 helpers.py:105] Training  [  70/1000]  eta: 0:21:25  lr: 0.0000 (0.0000)  wd: 0.0400 (0.0400)  mom: 0.9941 (0.9940)  last_layer_lr: 0.0000 (0.0000)  total_loss: 16.6276 (16.6449)  local_batch_size: 32.0000 (32.0000)  global_batch_size: 32.0000 (32.0000)  dino_local_crops_loss: 11.0960 (11.1006)  dino_local_loss_weight: 1.0000 (1.0000)  dino_global_crops_loss: 11.0998 (11.1031)  koleo_loss: -0.1045 (-0.0464)  ibot_loss: 5.5532 (5.5533)  backbone_grad_norm: 1.9595 (2.3133)  dino_head_grad_norm: 0.0267 (0.0290)  ibot_head_grad_norm: 0.0242 (0.0238)  time: 0.609719  data: 0.001405  mem: 6706  (max mem: 35751)
I20260709 03:42:46 39 dinov3 helpers.py:105] Training  [  80/1000]  eta: 0:19:44  lr: 0.0000 (0.0000)  wd: 0.0400 (0.0400)  mom: 0.9941 (0.9940)  last_layer_lr: 0.0000 (0.0000)  total_loss: 16.6220 (16.6418)  local_batch_size: 32.0000 (32.0000)  global_batch_size: 32.0000 (32.0000)  dino_local_crops_loss: 11.0924 (11.0996)  dino_local_loss_weight: 1.0000 (1.0000)  dino_global_crops_loss: 11.0977 (11.1023)  koleo_loss: -0.1245 (-0.0569)  ibot_loss: 5.5529 (5.5533)  backbone_grad_norm: 1.6152 (2.2930)  dino_head_grad_norm: 0.0263 (0.0285)  ibot_head_grad_norm: 0.0249 (0.0239)  time: 0.610823  data: 0.001502  mem: 6706  (max mem: 35751)
I20260709 03:42:52 39 dinov3 helpers.py:105] Training  [  90/1000]  eta: 0:18:24  lr: 0.0000 (0.0000)  wd: 0.0400 (0.0400)  mom: 0.9941 (0.9940)  last_layer_lr: 0.0000 (0.0000)  total_loss: 16.6157 (16.6388)  local_batch_size: 32.0000 (32.0000)  global_batch_size: 32.0000 (32.0000)  dino_local_crops_loss: 11.0912 (11.0987)  dino_local_loss_weight: 1.0000 (1.0000)  dino_global_crops_loss: 11.0960 (11.1017)  koleo_loss: -0.1426 (-0.0672)  ibot_loss: 5.5528 (5.5532)  backbone_grad_norm: 1.6697 (2.3400)  dino_head_grad_norm: 0.0241 (0.0280)  ibot_head_grad_norm: 0.0247 (0.0240)  time: 0.613854  data: 0.001904  mem: 6706  (max mem: 35751)
I20260709 03:42:58 39 dinov3 helpers.py:105] Training  [ 100/1000]  eta: 0:17:18  lr: 0.0000 (0.0000)  wd: 0.0400 (0.0400)  mom: 0.9941 (0.9940)  last_layer_lr: 0.0000 (0.0000)  total_loss: 16.6114 (16.6358)  local_batch_size: 32.0000 (32.0000)  global_batch_size: 32.0000 (32.0000)  dino_local_crops_loss: 11.0894 (11.0976)  dino_local_loss_weight: 1.0000 (1.0000)  dino_global_crops_loss: 11.0947 (11.1008)  koleo_loss: -0.1523 (-0.0765)  ibot_loss: 5.5524 (5.5531)  backbone_grad_norm: 1.5065 (2.2856)  dino_head_grad_norm: 0.0227 (0.0275)  ibot_head_grad_norm: 0.0244 (0.0240)  time: 0.614445  data: 0.001886  mem: 6706  (max mem: 35751)
I20260709 03:43:04 39 dinov3 helpers.py:105] Training  [ 110/1000]  eta: 0:16:24  lr: 0.0000 (0.0000)  wd: 0.0400 (0.0400)  mom: 0.9941 (0.9941)  last_layer_lr: 0.0000 (0.0000)  total_loss: 16.6055 (16.6326)  local_batch_size: 32.0000 (32.0000)  global_batch_size: 32.0000 (32.0000)  dino_local_crops_loss: 11.0869 (11.0965)  dino_local_loss_weight: 1.0000 (1.0000)  dino_global_crops_loss: 11.0923 (11.1000)  koleo_loss: -0.1709 (-0.0858)  ibot_loss: 5.5519 (5.5530)  backbone_grad_norm: 1.8587 (2.2758)  dino_head_grad_norm: 0.0225 (0.0271)  ibot_head_grad_norm: 0.0257 (0.0242)  time: 0.614246  data: 0.001427  mem: 6706  (max mem: 35751)
I20260709 03:43:10 39 dinov3 helpers.py:105] Training  [ 120/1000]  eta: 0:15:37  lr: 0.0000 (0.0000)  wd: 0.0400 (0.0400)  mom: 0.9942 (0.9941)  last_layer_lr: 0.0000 (0.0000)  total_loss: 16.5977 (16.6296)  local_batch_size: 32.0000 (32.0000)  global_batch_size: 32.0000 (32.0000)  dino_local_crops_loss: 11.0829 (11.0953)  dino_local_loss_weight: 1.0000 (1.0000)  dino_global_crops_loss: 11.0900 (11.0991)  koleo_loss: -0.1875 (-0.0949)  ibot_loss: 5.5515 (5.5528)  backbone_grad_norm: 1.8587 (2.2421)  dino_head_grad_norm: 0.0211 (0.0266)  ibot_head_grad_norm: 0.0257 (0.0242)  time: 0.616681  data: 0.001412  mem: 6706  (max mem: 35751)
I20260709 03:43:16 39 dinov3 helpers.py:105] Training  [ 130/1000]  eta: 0:14:56  lr: 0.0000 (0.0000)  wd: 0.0400 (0.0400)  mom: 0.9942 (0.9941)  last_layer_lr: 0.0000 (0.0000)  total_loss: 16.5927 (16.6267)  local_batch_size: 32.0000 (32.0000)  global_batch_size: 32.0000 (32.0000)  dino_local_crops_loss: 11.0805 (11.0941)  dino_local_loss_weight: 1.0000 (1.0000)  dino_global_crops_loss: 11.0876 (11.0982)  koleo_loss: -0.1973 (-0.1027)  ibot_loss: 5.5507 (5.5526)  backbone_grad_norm: 1.6275 (2.2445)  dino_head_grad_norm: 0.0205 (0.0262)  ibot_head_grad_norm: 0.0256 (0.0244)  time: 0.614831  data: 0.001337  mem: 6706  (max mem: 35751)
I20260709 03:43:22 39 dinov3 helpers.py:105] Training  [ 140/1000]  eta: 0:14:21  lr: 0.0000 (0.0000)  wd: 0.0400 (0.0400)  mom: 0.9942 (0.9941)  last_layer_lr: 0.0000 (0.0000)  total_loss: 16.5887 (16.6237)  local_batch_size: 32.0000 (32.0000)  global_batch_size: 32.0000 (32.0000)  dino_local_crops_loss: 11.0774 (11.0928)  dino_local_loss_weight: 1.0000 (1.0000)  dino_global_crops_loss: 11.0841 (11.0970)  koleo_loss: -0.1973 (-0.1099)  ibot_loss: 5.5505 (5.5525)  backbone_grad_norm: 1.6387 (2.3009)  dino_head_grad_norm: 0.0202 (0.0258)  ibot_head_grad_norm: 0.0264 (0.0245)  time: 0.612824  data: 0.001202  mem: 6706  (max mem: 35751)
I20260709 03:43:27 39 dinov3 train.py:468] Garbage collection
I20260709 03:43:29 39 dinov3 helpers.py:105] Training  [ 150/1000]  eta: 0:13:52  lr: 0.0000 (0.0000)  wd: 0.0400 (0.0400)  mom: 0.9943 (0.9941)  last_layer_lr: 0.0000 (0.0000)  total_loss: 16.5823 (16.6209)  local_batch_size: 32.0000 (32.0000)  global_batch_size: 32.0000 (32.0000)  dino_local_crops_loss: 11.0755 (11.0916)  dino_local_loss_weight: 1.0000 (1.0000)  dino_global_crops_loss: 11.0811 (11.0960)  koleo_loss: -0.2197 (-0.1171)  ibot_loss: 5.5496 (5.5522)  backbone_grad_norm: 2.2029 (2.2978)  dino_head_grad_norm: 0.0193 (0.0253)  ibot_head_grad_norm: 0.0260 (0.0246)  time: 0.645609  data: 0.001179  mem: 6706  (max mem: 35751)
I20260709 03:43:35 39 dinov3 helpers.py:105] Training  [ 160/1000]  eta: 0:13:23  lr: 0.0000 (0.0000)  wd: 0.0400 (0.0400)  mom: 0.9943 (0.9941)  last_layer_lr: 0.0000 (0.0000)  total_loss: 16.5784 (16.6183)  local_batch_size: 32.0000 (32.0000)  global_batch_size: 32.0000 (32.0000)  dino_local_crops_loss: 11.0728 (11.0905)  dino_local_loss_weight: 1.0000 (1.0000)  dino_global_crops_loss: 11.0817 (11.0950)  koleo_loss: -0.2207 (-0.1234)  ibot_loss: 5.5490 (5.5520)  backbone_grad_norm: 1.7407 (2.2698)  dino_head_grad_norm: 0.0179 (0.0248)  ibot_head_grad_norm: 0.0250 (0.0247)  time: 0.645282  data: 0.001322  mem: 6706  (max mem: 35751)
I20260709 03:43:42 39 dinov3 helpers.py:105] Training  [ 170/1000]  eta: 0:12:57  lr: 0.0000 (0.0000)  wd: 0.0400 (0.0400)  mom: 0.9944 (0.9941)  last_layer_lr: 0.0000 (0.0000)  total_loss: 16.5773 (16.6157)  local_batch_size: 32.0000 (32.0000)  global_batch_size: 32.0000 (32.0000)  dino_local_crops_loss: 11.0719 (11.0894)  dino_local_loss_weight: 1.0000 (1.0000)  dino_global_crops_loss: 11.0788 (11.0940)  koleo_loss: -0.2266 (-0.1294)  ibot_loss: 5.5478 (5.5517)  backbone_grad_norm: 1.6036 (2.2510)  dino_head_grad_norm: 0.0176 (0.0244)  ibot_head_grad_norm: 0.0259 (0.0248)  time: 0.614484  data: 0.001325  mem: 6706  (max mem: 35751)
I20260709 03:43:48 39 dinov3 helpers.py:105] Training  [ 180/1000]  eta: 0:12:33  lr: 0.0000 (0.0000)  wd: 0.0400 (0.0400)  mom: 0.9944 (0.9942)  last_layer_lr: 0.0000 (0.0000)  total_loss: 16.5734 (16.6133)  local_batch_size: 32.0000 (32.0000)  global_batch_size: 32.0000 (32.0000)  dino_local_crops_loss: 11.0718 (11.0884)  dino_local_loss_weight: 1.0000 (1.0000)  dino_global_crops_loss: 11.0776 (11.0931)  koleo_loss: -0.2305 (-0.1350)  ibot_loss: 5.5470 (5.5515)  backbone_grad_norm: 1.7494 (2.2471)  dino_head_grad_norm: 0.0167 (0.0240)  ibot_head_grad_norm: 0.0259 (0.0248)  time: 0.613705  data: 0.001152  mem: 6706  (max mem: 35751)
I20260709 03:43:54 39 dinov3 helpers.py:105] Training  [ 190/1000]  eta: 0:12:11  lr: 0.0000 (0.0000)  wd: 0.0400 (0.0400)  mom: 0.9945 (0.9942)  last_layer_lr: 0.0000 (0.0000)  total_loss: 16.5699 (16.6110)  local_batch_size: 32.0000 (32.0000)  global_batch_size: 32.0000 (32.0000)  dino_local_crops_loss: 11.0707 (11.0875)  dino_local_loss_weight: 1.0000 (1.0000)  dino_global_crops_loss: 11.0774 (11.0922)  koleo_loss: -0.2344 (-0.1403)  ibot_loss: 5.5464 (5.5511)  backbone_grad_norm: 2.1858 (2.2439)  dino_head_grad_norm: 0.0165 (0.0236)  ibot_head_grad_norm: 0.0245 (0.0247)  time: 0.613470  data: 0.001380  mem: 6706  (max mem: 35751)
I20260709 03:44:00 39 dinov3 helpers.py:105] Training  [ 200/1000]  eta: 0:11:51  lr: 0.0000 (0.0000)  wd: 0.0400 (0.0400)  mom: 0.9945 (0.9942)  last_layer_lr: 0.0000 (0.0000)  total_loss: 16.5649 (16.6087)  local_batch_size: 32.0000 (32.0000)  global_batch_size: 32.0000 (32.0000)  dino_local_crops_loss: 11.0669 (11.0865)  dino_local_loss_weight: 1.0000 (1.0000)  dino_global_crops_loss: 11.0728 (11.0912)  koleo_loss: -0.2402 (-0.1453)  ibot_loss: 5.5448 (5.5508)  backbone_grad_norm: 1.8310 (2.2228)  dino_head_grad_norm: 0.0165 (0.0232)  ibot_head_grad_norm: 0.0231 (0.0247)  time: 0.616819  data: 0.001359  mem: 6706  (max mem: 35751)
I20260709 03:44:06 39 dinov3 helpers.py:105] Training  [ 210/1000]  eta: 0:11:32  lr: 0.0000 (0.0000)  wd: 0.0400 (0.0400)  mom: 0.9946 (0.9942)  last_layer_lr: 0.0000 (0.0000)  total_loss: 16.5626 (16.6065)  local_batch_size: 32.0000 (32.0000)  global_batch_size: 32.0000 (32.0000)  dino_local_crops_loss: 11.0665 (11.0855)  dino_local_loss_weight: 1.0000 (1.0000)  dino_global_crops_loss: 11.0716 (11.0901)  koleo_loss: -0.2383 (-0.1497)  ibot_loss: 5.5437 (5.5504)  backbone_grad_norm: 1.8310 (2.2059)  dino_head_grad_norm: 0.0163 (0.0229)  ibot_head_grad_norm: 0.0230 (0.0245)  time: 0.616322  data: 0.001134  mem: 6706  (max mem: 35751)
I20260709 03:44:12 39 dinov3 helpers.py:105] Training  [ 220/1000]  eta: 0:11:14  lr: 0.0000 (0.0000)  wd: 0.0400 (0.0400)  mom: 0.9946 (0.9942)  last_layer_lr: 0.0000 (0.0000)  total_loss: 16.5603 (16.6044)  local_batch_size: 32.0000 (32.0000)  global_batch_size: 32.0000 (32.0000)  dino_local_crops_loss: 11.0674 (11.0847)  dino_local_loss_weight: 1.0000 (1.0000)  dino_global_crops_loss: 11.0702 (11.0892)  koleo_loss: -0.2422 (-0.1540)  ibot_loss: 5.5424 (5.5500)  backbone_grad_norm: 1.8314 (2.2020)  dino_head_grad_norm: 0.0157 (0.0225)  ibot_head_grad_norm: 0.0215 (0.0244)  time: 0.614152  data: 0.001256  mem: 6706  (max mem: 35751)
I20260709 03:44:18 39 dinov3 helpers.py:105] Training  [ 230/1000]  eta: 0:10:56  lr: 0.0000 (0.0000)  wd: 0.0400 (0.0400)  mom: 0.9947 (0.9943)  last_layer_lr: 0.0000 (0.0000)  total_loss: 16.5599 (16.6024)  local_batch_size: 32.0000 (32.0000)  global_batch_size: 32.0000 (32.0000)  dino_local_crops_loss: 11.0670 (11.0839)  dino_local_loss_weight: 1.0000 (1.0000)  dino_global_crops_loss: 11.0702 (11.0884)  koleo_loss: -0.2500 (-0.1581)  ibot_loss: 5.5424 (5.5497)  backbone_grad_norm: 1.8716 (2.1960)  dino_head_grad_norm: 0.0148 (0.0222)  ibot_head_grad_norm: 0.0209 (0.0242)  time: 0.613420  data: 0.001256  mem: 6706  (max mem: 35751)
I20260709 03:44:25 39 dinov3 helpers.py:105] Training  [ 240/1000]  eta: 0:10:40  lr: 0.0000 (0.0000)  wd: 0.0400 (0.0400)  mom: 0.9947 (0.9943)  last_layer_lr: 0.0000 (0.0000)  total_loss: 16.5551 (16.6005)  local_batch_size: 32.0000 (32.0000)  global_batch_size: 32.0000 (32.0000)  dino_local_crops_loss: 11.0644 (11.0831)  dino_local_loss_weight: 1.0000 (1.0000)  dino_global_crops_loss: 11.0694 (11.0876)  koleo_loss: -0.2480 (-0.1619)  ibot_loss: 5.5401 (5.5492)  backbone_grad_norm: 2.0054 (2.1917)  dino_head_grad_norm: 0.0149 (0.0219)  ibot_head_grad_norm: 0.0194 (0.0240)  time: 0.613416  data: 0.001147  mem: 6706  (max mem: 35751)
I20260709 03:44:31 39 dinov3 helpers.py:105] Training  [ 250/1000]  eta: 0:10:25  lr: 0.0000 (0.0000)  wd: 0.0400 (0.0400)  mom: 0.9948 (0.9943)  last_layer_lr: 0.0000 (0.0000)  total_loss: 16.5508 (16.5985)  local_batch_size: 32.0000 (32.0000)  global_batch_size: 32.0000 (32.0000)  dino_local_crops_loss: 11.0618 (11.0822)  dino_local_loss_weight: 1.0000 (1.0000)  dino_global_crops_loss: 11.0636 (11.0866)  koleo_loss: -0.2500 (-0.1655)  ibot_loss: 5.5390 (5.5488)  backbone_grad_norm: 2.1443 (2.2286)  dino_head_grad_norm: 0.0149 (0.0216)  ibot_head_grad_norm: 0.0187 (0.0239)  time: 0.613480  data: 0.001151  mem: 6706  (max mem: 35751)
I20260709 03:44:37 39 dinov3 helpers.py:105] Training  [ 260/1000]  eta: 0:10:11  lr: 0.0000 (0.0000)  wd: 0.0400 (0.0400)  mom: 0.9949 (0.9943)  last_layer_lr: 0.0000 (0.0000)  total_loss: 16.5504 (16.5967)  local_batch_size: 32.0000 (32.0000)  global_batch_size: 32.0000 (32.0000)  dino_local_crops_loss: 11.0621 (11.0815)  dino_local_loss_weight: 1.0000 (1.0000)  dino_global_crops_loss: 11.0631 (11.0858)  koleo_loss: -0.2520 (-0.1686)  ibot_loss: 5.5382 (5.5484)  backbone_grad_norm: 1.6372 (2.2054)  dino_head_grad_norm: 0.0145 (0.0214)  ibot_head_grad_norm: 0.0186 (0.0236)  time: 0.613055  data: 0.001242  mem: 6706  (max mem: 35751)
I20260709 03:44:43 39 dinov3 helpers.py:105] Training  [ 270/1000]  eta: 0:09:57  lr: 0.0000 (0.0000)  wd: 0.0400 (0.0400)  mom: 0.9949 (0.9943)  last_layer_lr: 0.0000 (0.0000)  total_loss: 16.5478 (16.5949)  local_batch_size: 32.0000 (32.0000)  global_batch_size: 32.0000 (32.0000)  dino_local_crops_loss: 11.0625 (11.0808)  dino_local_loss_weight: 1.0000 (1.0000)  dino_global_crops_loss: 11.0636 (11.0850)  koleo_loss: -0.2520 (-0.1718)  ibot_loss: 5.5360 (5.5479)  backbone_grad_norm: 1.5637 (2.1865)  dino_head_grad_norm: 0.0143 (0.0211)  ibot_head_grad_norm: 0.0165 (0.0233)  time: 0.615271  data: 0.001307  mem: 6706  (max mem: 35751)
I20260709 03:44:49 39 dinov3 helpers.py:105] Training  [ 280/1000]  eta: 0:09:43  lr: 0.0000 (0.0000)  wd: 0.0400 (0.0400)  mom: 0.9950 (0.9944)  last_layer_lr: 0.0000 (0.0000)  total_loss: 16.5479 (16.5932)  local_batch_size: 32.0000 (32.0000)  global_batch_size: 32.0000 (32.0000)  dino_local_crops_loss: 11.0625 (11.0802)  dino_local_loss_weight: 1.0000 (1.0000)  dino_global_crops_loss: 11.0634 (11.0843)  koleo_loss: -0.2559 (-0.1748)  ibot_loss: 5.5350 (5.5475)  backbone_grad_norm: 1.5637 (2.1615)  dino_head_grad_norm: 0.0132 (0.0208)  ibot_head_grad_norm: 0.0150 (0.0230)  time: 0.616157  data: 0.001374  mem: 6706  (max mem: 35751)
I20260709 03:44:55 39 dinov3 helpers.py:105] Training  [ 290/1000]  eta: 0:09:30  lr: 0.0000 (0.0000)  wd: 0.0400 (0.0400)  mom: 0.9951 (0.9944)  last_layer_lr: 0.0000 (0.0000)  total_loss: 16.5479 (16.5916)  local_batch_size: 32.0000 (32.0000)  global_batch_size: 32.0000 (32.0000)  dino_local_crops_loss: 11.0635 (11.0796)  dino_local_loss_weight: 1.0000 (1.0000)  dino_global_crops_loss: 11.0632 (11.0836)  koleo_loss: -0.2578 (-0.1777)  ibot_loss: 5.5354 (5.5471)  backbone_grad_norm: 1.5696 (2.1519)  dino_head_grad_norm: 0.0135 (0.0206)  ibot_head_grad_norm: 0.0150 (0.0228)  time: 0.615511  data: 0.001537  mem: 6706  (max mem: 35751)
I20260709 03:45:00 39 dinov3 train.py:468] Garbage collection
I20260709 03:45:02 39 dinov3 helpers.py:105] Training  [ 300/1000]  eta: 0:09:19  lr: 0.0000 (0.0000)  wd: 0.0400 (0.0400)  mom: 0.9952 (0.9944)  last_layer_lr: 0.0000 (0.0000)  total_loss: 16.5445 (16.5900)  local_batch_size: 32.0000 (32.0000)  global_batch_size: 32.0000 (32.0000)  dino_local_crops_loss: 11.0610 (11.0789)  dino_local_loss_weight: 1.0000 (1.0000)  dino_global_crops_loss: 11.0627 (11.0829)  koleo_loss: -0.2578 (-0.1803)  ibot_loss: 5.5348 (5.5467)  backbone_grad_norm: 1.5925 (2.1321)  dino_head_grad_norm: 0.0135 (0.0203)  ibot_head_grad_norm: 0.0145 (0.0225)  time: 0.645125  data: 0.001400  mem: 6706  (max mem: 35751)
I20260709 03:45:08 39 dinov3 helpers.py:105] Training  [ 310/1000]  eta: 0:09:07  lr: 0.0000 (0.0000)  wd: 0.0400 (0.0400)  mom: 0.9952 (0.9945)  last_layer_lr: 0.0000 (0.0000)  total_loss: 16.5421 (16.5885)  local_batch_size: 32.0000 (32.0000)  global_batch_size: 32.0000 (32.0000)  dino_local_crops_loss: 11.0592 (11.0783)  dino_local_loss_weight: 1.0000 (1.0000)  dino_global_crops_loss: 11.0614 (11.0822)  koleo_loss: -0.2578 (-0.1829)  ibot_loss: 5.5341 (5.5463)  backbone_grad_norm: 1.5914 (2.1184)  dino_head_grad_norm: 0.0132 (0.0201)  ibot_head_grad_norm: 0.0138 (0.0223)  time: 0.643795  data: 0.001209  mem: 6706  (max mem: 35751)
